[2024-09-27T09:37:45.501+0000] {taskinstance.py:1157} INFO - Dependencies all met for dep_context=non-requeueable deps ti=<TaskInstance: etl_jd_pipeline.jdsport_extraction manual__2024-09-27T09:37:43.888924+00:00 [queued]>
[2024-09-27T09:37:45.511+0000] {taskinstance.py:1157} INFO - Dependencies all met for dep_context=requeueable deps ti=<TaskInstance: etl_jd_pipeline.jdsport_extraction manual__2024-09-27T09:37:43.888924+00:00 [queued]>
[2024-09-27T09:37:45.511+0000] {taskinstance.py:1359} INFO - Starting attempt 1 of 1
[2024-09-27T09:37:45.525+0000] {taskinstance.py:1380} INFO - Executing <Task(BashOperator): jdsport_extraction> on 2024-09-27 09:37:43.888924+00:00
[2024-09-27T09:37:45.530+0000] {standard_task_runner.py:57} INFO - Started process 45 to run task
[2024-09-27T09:37:45.535+0000] {standard_task_runner.py:84} INFO - Running: ['***', 'tasks', 'run', 'etl_jd_pipeline', 'jdsport_extraction', 'manual__2024-09-27T09:37:43.888924+00:00', '--job-id', '2', '--raw', '--subdir', 'DAGS_FOLDER/jdsports_dag.py', '--cfg-path', '/tmp/tmpgoik2uvk']
[2024-09-27T09:37:45.540+0000] {standard_task_runner.py:85} INFO - Job 2: Subtask jdsport_extraction
[2024-09-27T09:37:45.615+0000] {task_command.py:415} INFO - Running <TaskInstance: etl_jd_pipeline.jdsport_extraction manual__2024-09-27T09:37:43.888924+00:00 [running]> on host 6919ca0de620
[2024-09-27T09:37:45.723+0000] {taskinstance.py:1660} INFO - Exporting env vars: AIRFLOW_CTX_DAG_OWNER='Biokpor Solomon' AIRFLOW_CTX_DAG_ID='etl_jd_pipeline' AIRFLOW_CTX_TASK_ID='jdsport_extraction' AIRFLOW_CTX_EXECUTION_DATE='2024-09-27T09:37:43.888924+00:00' AIRFLOW_CTX_TRY_NUMBER='1' AIRFLOW_CTX_DAG_RUN_ID='manual__2024-09-27T09:37:43.888924+00:00'
[2024-09-27T09:37:45.724+0000] {subprocess.py:63} INFO - Tmp dir root location: /tmp
[2024-09-27T09:37:45.725+0000] {subprocess.py:75} INFO - Running command: ['/bin/bash', '-c', 'cd /opt/***/fastfashion && scrapy crawl fastfashion']
[2024-09-27T09:37:45.739+0000] {subprocess.py:86} INFO - Output:
[2024-09-27T09:37:45.742+0000] {subprocess.py:93} INFO - /bin/bash: line 1: scrapy: command not found
[2024-09-27T09:37:45.743+0000] {subprocess.py:97} INFO - Command exited with return code 127
[2024-09-27T09:37:45.759+0000] {taskinstance.py:1935} ERROR - Task failed with exception
Traceback (most recent call last):
  File "/home/airflow/.local/lib/python3.9/site-packages/airflow/operators/bash.py", line 210, in execute
    raise AirflowException(
airflow.exceptions.AirflowException: Bash command failed. The command returned a non-zero exit code 127.
[2024-09-27T09:37:45.763+0000] {taskinstance.py:1398} INFO - Marking task as FAILED. dag_id=etl_jd_pipeline, task_id=jdsport_extraction, execution_date=20240927T093743, start_date=20240927T093745, end_date=20240927T093745
[2024-09-27T09:37:45.778+0000] {standard_task_runner.py:104} ERROR - Failed to execute job 2 for task jdsport_extraction (Bash command failed. The command returned a non-zero exit code 127.; 45)
[2024-09-27T09:37:45.792+0000] {local_task_job_runner.py:228} INFO - Task exited with return code 1
[2024-09-27T09:37:45.820+0000] {taskinstance.py:2776} INFO - 0 downstream tasks scheduled from follow-on schedule check
