[2024-09-27T10:58:19.305+0000] {taskinstance.py:1157} INFO - Dependencies all met for dep_context=non-requeueable deps ti=<TaskInstance: etl_jd_pipeline.jdsport_extraction manual__2024-09-27T10:58:17.507233+00:00 [queued]>
[2024-09-27T10:58:19.315+0000] {taskinstance.py:1157} INFO - Dependencies all met for dep_context=requeueable deps ti=<TaskInstance: etl_jd_pipeline.jdsport_extraction manual__2024-09-27T10:58:17.507233+00:00 [queued]>
[2024-09-27T10:58:19.315+0000] {taskinstance.py:1359} INFO - Starting attempt 1 of 1
[2024-09-27T10:58:19.328+0000] {taskinstance.py:1380} INFO - Executing <Task(BashOperator): jdsport_extraction> on 2024-09-27 10:58:17.507233+00:00
[2024-09-27T10:58:19.335+0000] {standard_task_runner.py:57} INFO - Started process 184 to run task
[2024-09-27T10:58:19.344+0000] {standard_task_runner.py:84} INFO - Running: ['***', 'tasks', 'run', 'etl_jd_pipeline', 'jdsport_extraction', 'manual__2024-09-27T10:58:17.507233+00:00', '--job-id', '33', '--raw', '--subdir', 'DAGS_FOLDER/jdsports_dag.py', '--cfg-path', '/tmp/tmpb6rcr9x0']
[2024-09-27T10:58:19.349+0000] {standard_task_runner.py:85} INFO - Job 33: Subtask jdsport_extraction
[2024-09-27T10:58:19.428+0000] {task_command.py:415} INFO - Running <TaskInstance: etl_jd_pipeline.jdsport_extraction manual__2024-09-27T10:58:17.507233+00:00 [running]> on host 304a62aaae75
[2024-09-27T10:58:19.564+0000] {taskinstance.py:1660} INFO - Exporting env vars: AIRFLOW_CTX_DAG_OWNER='Biokpor Solomon' AIRFLOW_CTX_DAG_ID='etl_jd_pipeline' AIRFLOW_CTX_TASK_ID='jdsport_extraction' AIRFLOW_CTX_EXECUTION_DATE='2024-09-27T10:58:17.507233+00:00' AIRFLOW_CTX_TRY_NUMBER='1' AIRFLOW_CTX_DAG_RUN_ID='manual__2024-09-27T10:58:17.507233+00:00'
[2024-09-27T10:58:19.567+0000] {subprocess.py:63} INFO - Tmp dir root location: /tmp
[2024-09-27T10:58:19.569+0000] {subprocess.py:75} INFO - Running command: ['/bin/bash', '-c', 'cd /opt/***/fastfashion && scrapy crawl fast_fashion -o jdsport.csv']
[2024-09-27T10:58:19.585+0000] {subprocess.py:86} INFO - Output:
[2024-09-27T10:58:21.221+0000] {subprocess.py:93} INFO - 2024-09-27 10:58:21 [scrapy.utils.log] INFO: Scrapy 2.11.2 started (bot: fastfashion)
[2024-09-27T10:58:21.226+0000] {subprocess.py:93} INFO - 2024-09-27 10:58:21 [scrapy.utils.log] INFO: Versions: lxml 4.9.3.0, libxml2 2.10.3, cssselect 1.2.0, parsel 1.9.1, w3lib 2.2.1, Twisted 24.7.0, Python 3.9.18 (main, Sep  7 2023, 13:38:29) - [GCC 10.2.1 20210110], pyOpenSSL 23.2.0 (OpenSSL 3.1.2 1 Aug 2023), cryptography 41.0.3, Platform Linux-6.1.109-118.189.amzn2023.x86_64-x86_64-with-glibc2.31
[2024-09-27T10:58:21.230+0000] {subprocess.py:93} INFO - 2024-09-27 10:58:21 [scrapy.addons] INFO: Enabled addons:
[2024-09-27T10:58:21.230+0000] {subprocess.py:93} INFO - []
[2024-09-27T10:58:21.231+0000] {subprocess.py:93} INFO - 2024-09-27 10:58:21 [asyncio] DEBUG: Using selector: EpollSelector
[2024-09-27T10:58:21.231+0000] {subprocess.py:93} INFO - 2024-09-27 10:58:21 [scrapy.utils.log] DEBUG: Using reactor: twisted.internet.asyncioreactor.AsyncioSelectorReactor
[2024-09-27T10:58:21.232+0000] {subprocess.py:93} INFO - 2024-09-27 10:58:21 [scrapy.utils.log] DEBUG: Using asyncio event loop: asyncio.unix_events._UnixSelectorEventLoop
[2024-09-27T10:58:21.245+0000] {subprocess.py:93} INFO - 2024-09-27 10:58:21 [scrapy.extensions.telnet] INFO: Telnet Password: 1b55f1d0257755e5
[2024-09-27T10:58:21.450+0000] {subprocess.py:93} INFO - 2024-09-27 10:58:21 [scrapy.middleware] INFO: Enabled extensions:
[2024-09-27T10:58:21.450+0000] {subprocess.py:93} INFO - ['scrapy.extensions.corestats.CoreStats',
[2024-09-27T10:58:21.450+0000] {subprocess.py:93} INFO -  'scrapy.extensions.telnet.TelnetConsole',
[2024-09-27T10:58:21.450+0000] {subprocess.py:93} INFO -  'scrapy.extensions.memusage.MemoryUsage',
[2024-09-27T10:58:21.451+0000] {subprocess.py:93} INFO -  'scrapy.extensions.feedexport.FeedExporter',
[2024-09-27T10:58:21.451+0000] {subprocess.py:93} INFO -  'scrapy.extensions.logstats.LogStats']
[2024-09-27T10:58:21.451+0000] {subprocess.py:93} INFO - 2024-09-27 10:58:21 [scrapy.crawler] INFO: Overridden settings:
[2024-09-27T10:58:21.451+0000] {subprocess.py:93} INFO - {'BOT_NAME': 'fastfashion',
[2024-09-27T10:58:21.451+0000] {subprocess.py:93} INFO -  'FEED_EXPORT_ENCODING': 'utf-8',
[2024-09-27T10:58:21.451+0000] {subprocess.py:93} INFO -  'NEWSPIDER_MODULE': 'fastfashion.spiders',
[2024-09-27T10:58:21.452+0000] {subprocess.py:93} INFO -  'REQUEST_FINGERPRINTER_IMPLEMENTATION': '2.7',
[2024-09-27T10:58:21.452+0000] {subprocess.py:93} INFO -  'ROBOTSTXT_OBEY': True,
[2024-09-27T10:58:21.452+0000] {subprocess.py:93} INFO -  'SPIDER_MODULES': ['fastfashion.spiders'],
[2024-09-27T10:58:21.452+0000] {subprocess.py:93} INFO -  'TWISTED_REACTOR': 'twisted.internet.asyncioreactor.AsyncioSelectorReactor'}
[2024-09-27T10:58:21.526+0000] {subprocess.py:93} INFO - 2024-09-27 10:58:21 [scrapy.middleware] INFO: Enabled downloader middlewares:
[2024-09-27T10:58:21.527+0000] {subprocess.py:93} INFO - ['scrapy.downloadermiddlewares.offsite.OffsiteMiddleware',
[2024-09-27T10:58:21.527+0000] {subprocess.py:93} INFO -  'scrapy.downloadermiddlewares.robotstxt.RobotsTxtMiddleware',
[2024-09-27T10:58:21.527+0000] {subprocess.py:93} INFO -  'scrapy.downloadermiddlewares.httpauth.HttpAuthMiddleware',
[2024-09-27T10:58:21.528+0000] {subprocess.py:93} INFO -  'scrapy.downloadermiddlewares.downloadtimeout.DownloadTimeoutMiddleware',
[2024-09-27T10:58:21.528+0000] {subprocess.py:93} INFO -  'scrapy.downloadermiddlewares.defaultheaders.DefaultHeadersMiddleware',
[2024-09-27T10:58:21.528+0000] {subprocess.py:93} INFO -  'scrapy.downloadermiddlewares.useragent.UserAgentMiddleware',
[2024-09-27T10:58:21.528+0000] {subprocess.py:93} INFO -  'scrapy.downloadermiddlewares.retry.RetryMiddleware',
[2024-09-27T10:58:21.528+0000] {subprocess.py:93} INFO -  'scrapy.downloadermiddlewares.redirect.MetaRefreshMiddleware',
[2024-09-27T10:58:21.528+0000] {subprocess.py:93} INFO -  'scrapy.downloadermiddlewares.httpcompression.HttpCompressionMiddleware',
[2024-09-27T10:58:21.529+0000] {subprocess.py:93} INFO -  'scrapy.downloadermiddlewares.redirect.RedirectMiddleware',
[2024-09-27T10:58:21.529+0000] {subprocess.py:93} INFO -  'scrapy.downloadermiddlewares.cookies.CookiesMiddleware',
[2024-09-27T10:58:21.529+0000] {subprocess.py:93} INFO -  'scrapy.downloadermiddlewares.httpproxy.HttpProxyMiddleware',
[2024-09-27T10:58:21.529+0000] {subprocess.py:93} INFO -  'scrapy.downloadermiddlewares.stats.DownloaderStats']
[2024-09-27T10:58:21.529+0000] {subprocess.py:93} INFO - 2024-09-27 10:58:21 [scrapy.middleware] INFO: Enabled spider middlewares:
[2024-09-27T10:58:21.529+0000] {subprocess.py:93} INFO - ['scrapy.spidermiddlewares.httperror.HttpErrorMiddleware',
[2024-09-27T10:58:21.530+0000] {subprocess.py:93} INFO -  'scrapy.spidermiddlewares.referer.RefererMiddleware',
[2024-09-27T10:58:21.530+0000] {subprocess.py:93} INFO -  'scrapy.spidermiddlewares.urllength.UrlLengthMiddleware',
[2024-09-27T10:58:21.530+0000] {subprocess.py:93} INFO -  'scrapy.spidermiddlewares.depth.DepthMiddleware']
[2024-09-27T10:58:21.530+0000] {subprocess.py:93} INFO - 2024-09-27 10:58:21 [scrapy.middleware] INFO: Enabled item pipelines:
[2024-09-27T10:58:21.530+0000] {subprocess.py:93} INFO - []
[2024-09-27T10:58:21.530+0000] {subprocess.py:93} INFO - 2024-09-27 10:58:21 [scrapy.core.engine] INFO: Spider opened
[2024-09-27T10:58:21.537+0000] {subprocess.py:93} INFO - 2024-09-27 10:58:21 [scrapy.extensions.logstats] INFO: Crawled 0 pages (at 0 pages/min), scraped 0 items (at 0 items/min)
[2024-09-27T10:58:21.538+0000] {subprocess.py:93} INFO - 2024-09-27 10:58:21 [scrapy.extensions.telnet] INFO: Telnet console listening on 127.0.0.1:6023
[2024-09-27T10:58:21.937+0000] {subprocess.py:93} INFO - 2024-09-27 10:58:21 [scrapy.core.engine] DEBUG: Crawled (200) <GET https://www.jdsports.co.uk/robots.txt> (referer: None)
[2024-09-27T10:58:21.991+0000] {subprocess.py:93} INFO - 2024-09-27 10:58:21 [scrapy.core.engine] DEBUG: Crawled (200) <GET https://www.jdsports.co.uk/men/mens-footwear/> (referer: None)
[2024-09-27T10:58:22.016+0000] {subprocess.py:93} INFO - 2024-09-27 10:58:22 [scrapy.core.engine] DEBUG: Crawled (200) <GET https://www.jdsports.co.uk/women/womens-footwear/> (referer: None)
[2024-09-27T10:58:22.198+0000] {subprocess.py:93} INFO - 2024-09-27 10:58:22 [scrapy.core.engine] DEBUG: Crawled (200) <GET https://www.jdsports.co.uk/product/blue-adidas-originals-gazelle-indoor-womens/17711989/> (referer: https://www.jdsports.co.uk/women/womens-footwear/)
[2024-09-27T10:58:22.217+0000] {subprocess.py:93} INFO - 2024-09-27 10:58:22 [scrapy.core.engine] DEBUG: Crawled (200) <GET https://www.jdsports.co.uk/product/grey-nike-air-max-95/19645973/> (referer: https://www.jdsports.co.uk/men/mens-footwear/)
[2024-09-27T10:58:22.334+0000] {subprocess.py:93} INFO - 2024-09-27 10:58:22 [scrapy.core.scraper] DEBUG: Scraped from <200 https://www.jdsports.co.uk/product/blue-adidas-originals-gazelle-indoor-womens/17711989/>
[2024-09-27T10:58:22.335+0000] {subprocess.py:93} INFO - {'brand': 'adidas',
[2024-09-27T10:58:22.335+0000] {subprocess.py:93} INFO -  'category': 'Footwear',
[2024-09-27T10:58:22.335+0000] {subprocess.py:93} INFO -  'gender': 'Womens Footwear',
[2024-09-27T10:58:22.335+0000] {subprocess.py:93} INFO -  'images': ['https://i8.amplience.net/i/jpl/jd_618705_a?qlt=92&w=750&h=531&v=1&fmt=auto '
[2024-09-27T10:58:22.335+0000] {subprocess.py:93} INFO -             '1x,\n'
[2024-09-27T10:58:22.335+0000] {subprocess.py:93} INFO -             '                '
[2024-09-27T10:58:22.335+0000] {subprocess.py:93} INFO -             'https://i8.amplience.net/i/jpl/jd_618705_a?qlt=92&w=950&h=673&v=1&fmt=auto '
[2024-09-27T10:58:22.335+0000] {subprocess.py:93} INFO -             '2x,\n'
[2024-09-27T10:58:22.335+0000] {subprocess.py:93} INFO -             '                '
[2024-09-27T10:58:22.336+0000] {subprocess.py:93} INFO -             'https://i8.amplience.net/i/jpl/jd_618705_a?qlt=92&w=1200&h=850&v=1&fmt=auto '
[2024-09-27T10:58:22.336+0000] {subprocess.py:93} INFO -             '3x',
[2024-09-27T10:58:22.336+0000] {subprocess.py:93} INFO -             'https://i8.amplience.net/i/jpl/jd_618705_b?qlt=92&w=750&h=531&v=1&fmt=auto '
[2024-09-27T10:58:22.336+0000] {subprocess.py:93} INFO -             '1x,\n'
[2024-09-27T10:58:22.336+0000] {subprocess.py:93} INFO -             '                '
[2024-09-27T10:58:22.336+0000] {subprocess.py:93} INFO -             'https://i8.amplience.net/i/jpl/jd_618705_b?qlt=92&w=950&h=673&v=1&fmt=auto '
[2024-09-27T10:58:22.336+0000] {subprocess.py:93} INFO -             '2x,\n'
[2024-09-27T10:58:22.336+0000] {subprocess.py:93} INFO -             '                '
[2024-09-27T10:58:22.336+0000] {subprocess.py:93} INFO -             'https://i8.amplience.net/i/jpl/jd_618705_b?qlt=92&w=1200&h=850&v=1&fmt=auto '
[2024-09-27T10:58:22.336+0000] {subprocess.py:93} INFO -             '3x',
[2024-09-27T10:58:22.336+0000] {subprocess.py:93} INFO -             'https://i8.amplience.net/i/jpl/jd_618705_c?qlt=92&w=750&h=531&v=1&fmt=auto '
[2024-09-27T10:58:22.337+0000] {subprocess.py:93} INFO -             '1x,\n'
[2024-09-27T10:58:22.337+0000] {subprocess.py:93} INFO -             '                '
[2024-09-27T10:58:22.337+0000] {subprocess.py:93} INFO -             'https://i8.amplience.net/i/jpl/jd_618705_c?qlt=92&w=950&h=673&v=1&fmt=auto '
[2024-09-27T10:58:22.337+0000] {subprocess.py:93} INFO -             '2x,\n'
[2024-09-27T10:58:22.337+0000] {subprocess.py:93} INFO -             '                '
[2024-09-27T10:58:22.337+0000] {subprocess.py:93} INFO -             'https://i8.amplience.net/i/jpl/jd_618705_c?qlt=92&w=1200&h=850&v=1&fmt=auto '
[2024-09-27T10:58:22.337+0000] {subprocess.py:93} INFO -             '3x',
[2024-09-27T10:58:22.337+0000] {subprocess.py:93} INFO -             'https://i8.amplience.net/i/jpl/jd_618705_d?qlt=92&w=750&h=531&v=1&fmt=auto '
[2024-09-27T10:58:22.337+0000] {subprocess.py:93} INFO -             '1x,\n'
[2024-09-27T10:58:22.337+0000] {subprocess.py:93} INFO -             '                '
[2024-09-27T10:58:22.337+0000] {subprocess.py:93} INFO -             'https://i8.amplience.net/i/jpl/jd_618705_d?qlt=92&w=950&h=673&v=1&fmt=auto '
[2024-09-27T10:58:22.340+0000] {subprocess.py:93} INFO -             '2x,\n'
[2024-09-27T10:58:22.341+0000] {subprocess.py:93} INFO -             '                '
[2024-09-27T10:58:22.341+0000] {subprocess.py:93} INFO -             'https://i8.amplience.net/i/jpl/jd_618705_d?qlt=92&w=1200&h=850&v=1&fmt=auto '
[2024-09-27T10:58:22.341+0000] {subprocess.py:93} INFO -             '3x',
[2024-09-27T10:58:22.341+0000] {subprocess.py:93} INFO -             'https://i8.amplience.net/i/jpl/jd_618705_e?qlt=92&w=750&h=531&v=1&fmt=auto '
[2024-09-27T10:58:22.341+0000] {subprocess.py:93} INFO -             '1x,\n'
[2024-09-27T10:58:22.341+0000] {subprocess.py:93} INFO -             '                '
[2024-09-27T10:58:22.341+0000] {subprocess.py:93} INFO -             'https://i8.amplience.net/i/jpl/jd_618705_e?qlt=92&w=950&h=673&v=1&fmt=auto '
[2024-09-27T10:58:22.341+0000] {subprocess.py:93} INFO -             '2x,\n'
[2024-09-27T10:58:22.341+0000] {subprocess.py:93} INFO -             '                '
[2024-09-27T10:58:22.341+0000] {subprocess.py:93} INFO -             'https://i8.amplience.net/i/jpl/jd_618705_e?qlt=92&w=1200&h=850&v=1&fmt=auto '
[2024-09-27T10:58:22.342+0000] {subprocess.py:93} INFO -             '3x',
[2024-09-27T10:58:22.342+0000] {subprocess.py:93} INFO -             'https://i8.amplience.net/i/jpl/jd_618705_f?qlt=92&w=750&h=531&v=1&fmt=auto '
[2024-09-27T10:58:22.342+0000] {subprocess.py:93} INFO -             '1x,\n'
[2024-09-27T10:58:22.342+0000] {subprocess.py:93} INFO -             '                '
[2024-09-27T10:58:22.342+0000] {subprocess.py:93} INFO -             'https://i8.amplience.net/i/jpl/jd_618705_f?qlt=92&w=950&h=673&v=1&fmt=auto '
[2024-09-27T10:58:22.342+0000] {subprocess.py:93} INFO -             '2x,\n'
[2024-09-27T10:58:22.342+0000] {subprocess.py:93} INFO -             '                '
[2024-09-27T10:58:22.342+0000] {subprocess.py:93} INFO -             'https://i8.amplience.net/i/jpl/jd_618705_f?qlt=92&w=1200&h=850&v=1&fmt=auto '
[2024-09-27T10:58:22.342+0000] {subprocess.py:93} INFO -             '3x'],
[2024-09-27T10:58:22.342+0000] {subprocess.py:93} INFO -  'name': "adidas Originals Gazelle Indoor Women's",
[2024-09-27T10:58:22.342+0000] {subprocess.py:93} INFO -  'price': '£95.00',
[2024-09-27T10:58:22.343+0000] {subprocess.py:93} INFO -  'retailer': 'JD Sport',
[2024-09-27T10:58:22.343+0000] {subprocess.py:93} INFO -  'url': 'https://www.jdsports.co.uk/product/blue-adidas-originals-gazelle-indoor-womens/17711989/'}
[2024-09-27T10:58:22.383+0000] {subprocess.py:93} INFO - 2024-09-27 10:58:22 [scrapy.core.scraper] DEBUG: Scraped from <200 https://www.jdsports.co.uk/product/grey-nike-air-max-95/19645973/>
[2024-09-27T10:58:22.384+0000] {subprocess.py:93} INFO - {'brand': 'Nike',
[2024-09-27T10:58:22.384+0000] {subprocess.py:93} INFO -  'category': 'Footwear',
[2024-09-27T10:58:22.384+0000] {subprocess.py:93} INFO -  'gender': 'Mens Footwear',
[2024-09-27T10:58:22.384+0000] {subprocess.py:93} INFO -  'images': ['https://i8.amplience.net/i/jpl/jd_707948_a?qlt=92&w=750&h=531&v=1&fmt=auto '
[2024-09-27T10:58:22.384+0000] {subprocess.py:93} INFO -             '1x,\n'
[2024-09-27T10:58:22.384+0000] {subprocess.py:93} INFO -             '                '
[2024-09-27T10:58:22.385+0000] {subprocess.py:93} INFO -             'https://i8.amplience.net/i/jpl/jd_707948_a?qlt=92&w=950&h=673&v=1&fmt=auto '
[2024-09-27T10:58:22.385+0000] {subprocess.py:93} INFO -             '2x,\n'
[2024-09-27T10:58:22.385+0000] {subprocess.py:93} INFO -             '                '
[2024-09-27T10:58:22.385+0000] {subprocess.py:93} INFO -             'https://i8.amplience.net/i/jpl/jd_707948_a?qlt=92&w=1200&h=850&v=1&fmt=auto '
[2024-09-27T10:58:22.385+0000] {subprocess.py:93} INFO -             '3x',
[2024-09-27T10:58:22.386+0000] {subprocess.py:93} INFO -             'https://i8.amplience.net/i/jpl/jd_707948_b?qlt=92&w=750&h=531&v=1&fmt=auto '
[2024-09-27T10:58:22.386+0000] {subprocess.py:93} INFO -             '1x,\n'
[2024-09-27T10:58:22.386+0000] {subprocess.py:93} INFO -             '                '
[2024-09-27T10:58:22.386+0000] {subprocess.py:93} INFO -             'https://i8.amplience.net/i/jpl/jd_707948_b?qlt=92&w=950&h=673&v=1&fmt=auto '
[2024-09-27T10:58:22.386+0000] {subprocess.py:93} INFO -             '2x,\n'
[2024-09-27T10:58:22.386+0000] {subprocess.py:93} INFO -             '                '
[2024-09-27T10:58:22.386+0000] {subprocess.py:93} INFO -             'https://i8.amplience.net/i/jpl/jd_707948_b?qlt=92&w=1200&h=850&v=1&fmt=auto '
[2024-09-27T10:58:22.386+0000] {subprocess.py:93} INFO -             '3x',
[2024-09-27T10:58:22.386+0000] {subprocess.py:93} INFO -             'https://i8.amplience.net/i/jpl/jd_707948_c?qlt=92&w=750&h=531&v=1&fmt=auto '
[2024-09-27T10:58:22.387+0000] {subprocess.py:93} INFO -             '1x,\n'
[2024-09-27T10:58:22.387+0000] {subprocess.py:93} INFO -             '                '
[2024-09-27T10:58:22.388+0000] {subprocess.py:93} INFO -             'https://i8.amplience.net/i/jpl/jd_707948_c?qlt=92&w=950&h=673&v=1&fmt=auto '
[2024-09-27T10:58:22.388+0000] {subprocess.py:93} INFO -             '2x,\n'
[2024-09-27T10:58:22.388+0000] {subprocess.py:93} INFO -             '                '
[2024-09-27T10:58:22.388+0000] {subprocess.py:93} INFO -             'https://i8.amplience.net/i/jpl/jd_707948_c?qlt=92&w=1200&h=850&v=1&fmt=auto '
[2024-09-27T10:58:22.388+0000] {subprocess.py:93} INFO -             '3x',
[2024-09-27T10:58:22.388+0000] {subprocess.py:93} INFO -             'https://i8.amplience.net/i/jpl/jd_707948_d?qlt=92&w=750&h=531&v=1&fmt=auto '
[2024-09-27T10:58:22.388+0000] {subprocess.py:93} INFO -             '1x,\n'
[2024-09-27T10:58:22.388+0000] {subprocess.py:93} INFO -             '                '
[2024-09-27T10:58:22.389+0000] {subprocess.py:93} INFO -             'https://i8.amplience.net/i/jpl/jd_707948_d?qlt=92&w=950&h=673&v=1&fmt=auto '
[2024-09-27T10:58:22.389+0000] {subprocess.py:93} INFO -             '2x,\n'
[2024-09-27T10:58:22.389+0000] {subprocess.py:93} INFO -             '                '
[2024-09-27T10:58:22.389+0000] {subprocess.py:93} INFO -             'https://i8.amplience.net/i/jpl/jd_707948_d?qlt=92&w=1200&h=850&v=1&fmt=auto '
[2024-09-27T10:58:22.389+0000] {subprocess.py:93} INFO -             '3x',
[2024-09-27T10:58:22.389+0000] {subprocess.py:93} INFO -             'https://i8.amplience.net/i/jpl/jd_707948_e?qlt=92&w=750&h=531&v=1&fmt=auto '
[2024-09-27T10:58:22.389+0000] {subprocess.py:93} INFO -             '1x,\n'
[2024-09-27T10:58:22.389+0000] {subprocess.py:93} INFO -             '                '
[2024-09-27T10:58:22.389+0000] {subprocess.py:93} INFO -             'https://i8.amplience.net/i/jpl/jd_707948_e?qlt=92&w=950&h=673&v=1&fmt=auto '
[2024-09-27T10:58:22.389+0000] {subprocess.py:93} INFO -             '2x,\n'
[2024-09-27T10:58:22.389+0000] {subprocess.py:93} INFO -             '                '
[2024-09-27T10:58:22.391+0000] {subprocess.py:93} INFO -             'https://i8.amplience.net/i/jpl/jd_707948_e?qlt=92&w=1200&h=850&v=1&fmt=auto '
[2024-09-27T10:58:22.391+0000] {subprocess.py:93} INFO -             '3x',
[2024-09-27T10:58:22.391+0000] {subprocess.py:93} INFO -             'https://i8.amplience.net/i/jpl/jd_707948_f?qlt=92&w=750&h=531&v=1&fmt=auto '
[2024-09-27T10:58:22.391+0000] {subprocess.py:93} INFO -             '1x,\n'
[2024-09-27T10:58:22.391+0000] {subprocess.py:93} INFO -             '                '
[2024-09-27T10:58:22.391+0000] {subprocess.py:93} INFO -             'https://i8.amplience.net/i/jpl/jd_707948_f?qlt=92&w=950&h=673&v=1&fmt=auto '
[2024-09-27T10:58:22.391+0000] {subprocess.py:93} INFO -             '2x,\n'
[2024-09-27T10:58:22.392+0000] {subprocess.py:93} INFO -             '                '
[2024-09-27T10:58:22.392+0000] {subprocess.py:93} INFO -             'https://i8.amplience.net/i/jpl/jd_707948_f?qlt=92&w=1200&h=850&v=1&fmt=auto '
[2024-09-27T10:58:22.392+0000] {subprocess.py:93} INFO -             '3x'],
[2024-09-27T10:58:22.392+0000] {subprocess.py:93} INFO -  'name': 'Nike Air Max 95',
[2024-09-27T10:58:22.392+0000] {subprocess.py:93} INFO -  'price': '£175.00',
[2024-09-27T10:58:22.393+0000] {subprocess.py:93} INFO -  'retailer': 'JD Sport',
[2024-09-27T10:58:22.393+0000] {subprocess.py:93} INFO -  'url': 'https://www.jdsports.co.uk/product/grey-nike-air-max-95/19645973/'}
[2024-09-27T10:58:22.393+0000] {subprocess.py:93} INFO - 2024-09-27 10:58:22 [scrapy.core.engine] INFO: Closing spider (finished)
[2024-09-27T10:58:22.393+0000] {subprocess.py:93} INFO - 2024-09-27 10:58:22 [scrapy.extensions.feedexport] INFO: Stored csv feed (2 items) in: jdsport.csv
[2024-09-27T10:58:22.393+0000] {subprocess.py:93} INFO - 2024-09-27 10:58:22 [scrapy.statscollectors] INFO: Dumping Scrapy stats:
[2024-09-27T10:58:22.393+0000] {subprocess.py:93} INFO - {'downloader/request_bytes': 1684,
[2024-09-27T10:58:22.393+0000] {subprocess.py:93} INFO -  'downloader/request_count': 5,
[2024-09-27T10:58:22.393+0000] {subprocess.py:93} INFO -  'downloader/request_method_count/GET': 5,
[2024-09-27T10:58:22.393+0000] {subprocess.py:93} INFO -  'downloader/response_bytes': 198490,
[2024-09-27T10:58:22.393+0000] {subprocess.py:93} INFO -  'downloader/response_count': 5,
[2024-09-27T10:58:22.393+0000] {subprocess.py:93} INFO -  'downloader/response_status_count/200': 5,
[2024-09-27T10:58:22.393+0000] {subprocess.py:93} INFO -  'elapsed_time_seconds': 0.850076,
[2024-09-27T10:58:22.394+0000] {subprocess.py:93} INFO -  'feedexport/success_count/FileFeedStorage': 1,
[2024-09-27T10:58:22.394+0000] {subprocess.py:93} INFO -  'finish_reason': 'finished',
[2024-09-27T10:58:22.394+0000] {subprocess.py:93} INFO -  'finish_time': datetime.datetime(2024, 9, 27, 10, 58, 22, 386711, tzinfo=datetime.timezone.utc),
[2024-09-27T10:58:22.394+0000] {subprocess.py:93} INFO -  'httpcompression/response_bytes': 1527008,
[2024-09-27T10:58:22.395+0000] {subprocess.py:93} INFO -  'httpcompression/response_count': 5,
[2024-09-27T10:58:22.395+0000] {subprocess.py:93} INFO -  'item_scraped_count': 2,
[2024-09-27T10:58:22.395+0000] {subprocess.py:93} INFO -  'log_count/DEBUG': 10,
[2024-09-27T10:58:22.395+0000] {subprocess.py:93} INFO -  'log_count/INFO': 11,
[2024-09-27T10:58:22.395+0000] {subprocess.py:93} INFO -  'memusage/max': 220499968,
[2024-09-27T10:58:22.395+0000] {subprocess.py:93} INFO -  'memusage/startup': 220499968,
[2024-09-27T10:58:22.395+0000] {subprocess.py:93} INFO -  'request_depth_max': 1,
[2024-09-27T10:58:22.395+0000] {subprocess.py:93} INFO -  'response_received_count': 5,
[2024-09-27T10:58:22.395+0000] {subprocess.py:93} INFO -  'robotstxt/request_count': 1,
[2024-09-27T10:58:22.395+0000] {subprocess.py:93} INFO -  'robotstxt/response_count': 1,
[2024-09-27T10:58:22.395+0000] {subprocess.py:93} INFO -  'robotstxt/response_status_count/200': 1,
[2024-09-27T10:58:22.396+0000] {subprocess.py:93} INFO -  'scheduler/dequeued': 4,
[2024-09-27T10:58:22.396+0000] {subprocess.py:93} INFO -  'scheduler/dequeued/memory': 4,
[2024-09-27T10:58:22.396+0000] {subprocess.py:93} INFO -  'scheduler/enqueued': 4,
[2024-09-27T10:58:22.396+0000] {subprocess.py:93} INFO -  'scheduler/enqueued/memory': 4,
[2024-09-27T10:58:22.396+0000] {subprocess.py:93} INFO -  'start_time': datetime.datetime(2024, 9, 27, 10, 58, 21, 536635, tzinfo=datetime.timezone.utc)}
[2024-09-27T10:58:22.396+0000] {subprocess.py:93} INFO - 2024-09-27 10:58:22 [scrapy.core.engine] INFO: Spider closed (finished)
[2024-09-27T10:58:22.692+0000] {subprocess.py:97} INFO - Command exited with return code 0
[2024-09-27T10:58:22.755+0000] {taskinstance.py:1398} INFO - Marking task as SUCCESS. dag_id=etl_jd_pipeline, task_id=jdsport_extraction, execution_date=20240927T105817, start_date=20240927T105819, end_date=20240927T105822
[2024-09-27T10:58:22.805+0000] {local_task_job_runner.py:228} INFO - Task exited with return code 0
[2024-09-27T10:58:22.850+0000] {taskinstance.py:2776} INFO - 1 downstream tasks scheduled from follow-on schedule check
