[2024-10-01T16:04:53.672+0000] {processor.py:157} INFO - Started process (PID=24) to work on /opt/airflow/dags/jdsports_dag.py
[2024-10-01T16:04:53.673+0000] {processor.py:829} INFO - Processing file /opt/airflow/dags/jdsports_dag.py for tasks to queue
[2024-10-01T16:04:53.677+0000] {logging_mixin.py:151} INFO - [2024-10-01T16:04:53.677+0000] {dagbag.py:539} INFO - Filling up the DagBag from /opt/airflow/dags/jdsports_dag.py
[2024-10-01T16:04:56.792+0000] {processor.py:839} INFO - DAG(s) dict_keys(['etl_jd_pipeline']) retrieved from /opt/airflow/dags/jdsports_dag.py
[2024-10-01T16:04:57.339+0000] {logging_mixin.py:151} INFO - [2024-10-01T16:04:57.338+0000] {security.py:708} INFO - Not syncing DAG-level permissions for DAG 'DAG:etl_jd_pipeline' as access control is unset.
[2024-10-01T16:04:57.339+0000] {logging_mixin.py:151} INFO - [2024-10-01T16:04:57.339+0000] {dag.py:2915} INFO - Sync 1 DAGs
[2024-10-01T16:04:57.365+0000] {logging_mixin.py:151} INFO - [2024-10-01T16:04:57.365+0000] {dag.py:3696} INFO - Setting next_dagrun for etl_jd_pipeline to 2024-09-30T00:00:00+00:00, run_after=2024-10-01T00:00:00+00:00
[2024-10-01T16:04:57.746+0000] {logging_mixin.py:151} INFO - [2024-10-01T16:04:57.743+0000] {dagbag.py:647} ERROR - Failed to write serialized DAG: /opt/airflow/dags/jdsports_dag.py
Traceback (most recent call last):
  File "/home/airflow/.local/lib/python3.9/site-packages/airflow/models/dagbag.py", line 636, in _serialize_dag_capturing_errors
    dag_was_updated = SerializedDagModel.write_dag(
  File "/home/airflow/.local/lib/python3.9/site-packages/airflow/utils/session.py", line 74, in wrapper
    return func(*args, **kwargs)
  File "/home/airflow/.local/lib/python3.9/site-packages/airflow/models/serialized_dag.py", line 147, in write_dag
    if session.scalar(
  File "/home/airflow/.local/lib/python3.9/site-packages/sqlalchemy/orm/session.py", line 1747, in scalar
    return self.execute(
  File "/home/airflow/.local/lib/python3.9/site-packages/sqlalchemy/orm/session.py", line 1716, in execute
    conn = self._connection_for_bind(bind)
  File "/home/airflow/.local/lib/python3.9/site-packages/sqlalchemy/orm/session.py", line 1555, in _connection_for_bind
    return self._transaction._connection_for_bind(
  File "/home/airflow/.local/lib/python3.9/site-packages/sqlalchemy/orm/session.py", line 724, in _connection_for_bind
    self._assert_active()
  File "/home/airflow/.local/lib/python3.9/site-packages/sqlalchemy/orm/session.py", line 604, in _assert_active
    raise sa_exc.PendingRollbackError(
sqlalchemy.exc.PendingRollbackError: This Session's transaction has been rolled back due to a previous exception during flush. To begin a new transaction with this Session, first issue Session.rollback(). Original exception was: (psycopg2.errors.UniqueViolation) duplicate key value violates unique constraint "serialized_dag_pkey"
DETAIL:  Key (dag_id)=(etl_jd_pipeline) already exists.

[SQL: INSERT INTO serialized_dag (dag_id, fileloc, fileloc_hash, data, data_compressed, last_updated, dag_hash, processor_subdir) VALUES (%(dag_id)s, %(fileloc)s, %(fileloc_hash)s, %(data)s, %(data_compressed)s, %(last_updated)s, %(dag_hash)s, %(processor_subdir)s)]
[parameters: {'dag_id': 'etl_jd_pipeline', 'fileloc': '/opt/airflow/dags/jdsports_dag.py', 'fileloc_hash': 50776031012947716, 'data': '{"__version": 1, "dag": {"edge_info": {}, "_dag_id": "etl_jd_pipeline", "default_args": {"__var": {"owner": "Biokpor Solomon", "start_date": {"__var" ... (2329 characters truncated) ... operators.bash", "_is_empty": false, "bash_command": "cd /opt/airflow/fastfashion && rm -rf jdsportraw.csv"}], "dag_dependencies": [], "params": {}}}', 'data_compressed': None, 'last_updated': datetime.datetime(2024, 10, 1, 16, 4, 56, 833981, tzinfo=Timezone('UTC')), 'dag_hash': '78c82a606a8470630ab242c23910dc7d', 'processor_subdir': None}]
(Background on this error at: https://sqlalche.me/e/14/gkpj) (Background on this error at: https://sqlalche.me/e/14/7s2a)
[2024-10-01T16:04:57.746+0000] {logging_mixin.py:151} INFO - [2024-10-01T16:04:57.746+0000] {dag.py:2915} INFO - Sync 1 DAGs
[2024-10-01T16:04:57.748+0000] {processor.py:182} ERROR - Got an exception! Propagating...
Traceback (most recent call last):
  File "/home/airflow/.local/lib/python3.9/site-packages/airflow/dag_processing/processor.py", line 178, in _run_file_processor
    _handle_dag_file_processing()
  File "/home/airflow/.local/lib/python3.9/site-packages/airflow/dag_processing/processor.py", line 159, in _handle_dag_file_processing
    result: tuple[int, int] = dag_file_processor.process_file(
  File "/home/airflow/.local/lib/python3.9/site-packages/airflow/utils/session.py", line 77, in wrapper
    return func(*args, session=session, **kwargs)
  File "/home/airflow/.local/lib/python3.9/site-packages/airflow/dag_processing/processor.py", line 857, in process_file
    serialize_errors = DagFileProcessor.save_dag_to_db(
  File "/home/airflow/.local/lib/python3.9/site-packages/airflow/api_internal/internal_api_call.py", line 114, in wrapper
    return func(*args, **kwargs)
  File "/home/airflow/.local/lib/python3.9/site-packages/airflow/utils/session.py", line 77, in wrapper
    return func(*args, session=session, **kwargs)
  File "/home/airflow/.local/lib/python3.9/site-packages/airflow/dag_processing/processor.py", line 893, in save_dag_to_db
    import_errors = DagBag._sync_to_db(dags=dags, processor_subdir=dag_directory, session=session)
  File "/home/airflow/.local/lib/python3.9/site-packages/airflow/utils/session.py", line 74, in wrapper
    return func(*args, **kwargs)
  File "/home/airflow/.local/lib/python3.9/site-packages/airflow/models/dagbag.py", line 657, in _sync_to_db
    for attempt in run_with_db_retries(logger=log):
  File "/home/airflow/.local/lib/python3.9/site-packages/tenacity/__init__.py", line 347, in __iter__
    do = self.iter(retry_state=retry_state)
  File "/home/airflow/.local/lib/python3.9/site-packages/tenacity/__init__.py", line 314, in iter
    return fut.result()
  File "/usr/local/lib/python3.9/concurrent/futures/_base.py", line 439, in result
    return self.__get_result()
  File "/usr/local/lib/python3.9/concurrent/futures/_base.py", line 391, in __get_result
    raise self._exception
  File "/home/airflow/.local/lib/python3.9/site-packages/airflow/models/dagbag.py", line 671, in _sync_to_db
    DAG.bulk_write_to_db(dags.values(), processor_subdir=processor_subdir, session=session)
  File "/home/airflow/.local/lib/python3.9/site-packages/airflow/utils/session.py", line 74, in wrapper
    return func(*args, **kwargs)
  File "/home/airflow/.local/lib/python3.9/site-packages/airflow/models/dag.py", line 2927, in bulk_write_to_db
    orm_dags: list[DagModel] = session.scalars(query).unique().all()
  File "/home/airflow/.local/lib/python3.9/site-packages/sqlalchemy/orm/session.py", line 1778, in scalars
    return self.execute(
  File "/home/airflow/.local/lib/python3.9/site-packages/sqlalchemy/orm/session.py", line 1716, in execute
    conn = self._connection_for_bind(bind)
  File "/home/airflow/.local/lib/python3.9/site-packages/sqlalchemy/orm/session.py", line 1555, in _connection_for_bind
    return self._transaction._connection_for_bind(
  File "/home/airflow/.local/lib/python3.9/site-packages/sqlalchemy/orm/session.py", line 724, in _connection_for_bind
    self._assert_active()
  File "/home/airflow/.local/lib/python3.9/site-packages/sqlalchemy/orm/session.py", line 604, in _assert_active
    raise sa_exc.PendingRollbackError(
sqlalchemy.exc.PendingRollbackError: This Session's transaction has been rolled back due to a previous exception during flush. To begin a new transaction with this Session, first issue Session.rollback(). Original exception was: (psycopg2.errors.UniqueViolation) duplicate key value violates unique constraint "serialized_dag_pkey"
DETAIL:  Key (dag_id)=(etl_jd_pipeline) already exists.

[SQL: INSERT INTO serialized_dag (dag_id, fileloc, fileloc_hash, data, data_compressed, last_updated, dag_hash, processor_subdir) VALUES (%(dag_id)s, %(fileloc)s, %(fileloc_hash)s, %(data)s, %(data_compressed)s, %(last_updated)s, %(dag_hash)s, %(processor_subdir)s)]
[parameters: {'dag_id': 'etl_jd_pipeline', 'fileloc': '/opt/airflow/dags/jdsports_dag.py', 'fileloc_hash': 50776031012947716, 'data': '{"__version": 1, "dag": {"edge_info": {}, "_dag_id": "etl_jd_pipeline", "default_args": {"__var": {"owner": "Biokpor Solomon", "start_date": {"__var" ... (2329 characters truncated) ... operators.bash", "_is_empty": false, "bash_command": "cd /opt/airflow/fastfashion && rm -rf jdsportraw.csv"}], "dag_dependencies": [], "params": {}}}', 'data_compressed': None, 'last_updated': datetime.datetime(2024, 10, 1, 16, 4, 56, 833981, tzinfo=Timezone('UTC')), 'dag_hash': '78c82a606a8470630ab242c23910dc7d', 'processor_subdir': None}]
(Background on this error at: https://sqlalche.me/e/14/gkpj) (Background on this error at: https://sqlalche.me/e/14/7s2a)
[2024-10-01T16:05:56.167+0000] {processor.py:157} INFO - Started process (PID=25) to work on /opt/airflow/dags/jdsports_dag.py
[2024-10-01T16:05:56.169+0000] {processor.py:829} INFO - Processing file /opt/airflow/dags/jdsports_dag.py for tasks to queue
[2024-10-01T16:05:56.174+0000] {logging_mixin.py:151} INFO - [2024-10-01T16:05:56.174+0000] {dagbag.py:539} INFO - Filling up the DagBag from /opt/airflow/dags/jdsports_dag.py
[2024-10-01T16:05:59.168+0000] {processor.py:839} INFO - DAG(s) dict_keys(['etl_jd_pipeline']) retrieved from /opt/airflow/dags/jdsports_dag.py
[2024-10-01T16:05:59.205+0000] {logging_mixin.py:151} INFO - [2024-10-01T16:05:59.205+0000] {dag.py:2915} INFO - Sync 1 DAGs
[2024-10-01T16:05:59.478+0000] {logging_mixin.py:151} INFO - [2024-10-01T16:05:59.478+0000] {dag.py:3696} INFO - Setting next_dagrun for etl_jd_pipeline to 2024-09-30T00:00:00+00:00, run_after=2024-10-01T00:00:00+00:00
[2024-10-01T16:05:59.509+0000] {processor.py:179} INFO - Processing /opt/airflow/dags/jdsports_dag.py took 3.347 seconds
[2024-10-01T16:08:10.643+0000] {processor.py:157} INFO - Started process (PID=25) to work on /opt/airflow/dags/jdsports_dag.py
[2024-10-01T16:08:10.646+0000] {processor.py:829} INFO - Processing file /opt/airflow/dags/jdsports_dag.py for tasks to queue
[2024-10-01T16:08:10.654+0000] {logging_mixin.py:151} INFO - [2024-10-01T16:08:10.650+0000] {dagbag.py:539} INFO - Filling up the DagBag from /opt/airflow/dags/jdsports_dag.py
[2024-10-01T16:08:14.474+0000] {processor.py:839} INFO - DAG(s) dict_keys(['etl_jd_pipeline']) retrieved from /opt/airflow/dags/jdsports_dag.py
[2024-10-01T16:08:14.527+0000] {logging_mixin.py:151} INFO - [2024-10-01T16:08:14.526+0000] {dag.py:2915} INFO - Sync 1 DAGs
[2024-10-01T16:08:14.810+0000] {logging_mixin.py:151} INFO - [2024-10-01T16:08:14.810+0000] {dag.py:3696} INFO - Setting next_dagrun for etl_jd_pipeline to 2024-09-30T00:00:00+00:00, run_after=2024-10-01T00:00:00+00:00
[2024-10-01T16:08:14.899+0000] {processor.py:179} INFO - Processing /opt/airflow/dags/jdsports_dag.py took 4.260 seconds
[2024-10-01T16:08:45.075+0000] {processor.py:157} INFO - Started process (PID=27) to work on /opt/airflow/dags/jdsports_dag.py
[2024-10-01T16:08:45.076+0000] {processor.py:829} INFO - Processing file /opt/airflow/dags/jdsports_dag.py for tasks to queue
[2024-10-01T16:08:45.079+0000] {logging_mixin.py:151} INFO - [2024-10-01T16:08:45.078+0000] {dagbag.py:539} INFO - Filling up the DagBag from /opt/airflow/dags/jdsports_dag.py
[2024-10-01T16:08:45.661+0000] {processor.py:839} INFO - DAG(s) dict_keys(['etl_jd_pipeline']) retrieved from /opt/airflow/dags/jdsports_dag.py
[2024-10-01T16:08:45.727+0000] {logging_mixin.py:151} INFO - [2024-10-01T16:08:45.726+0000] {dag.py:2915} INFO - Sync 1 DAGs
[2024-10-01T16:08:45.759+0000] {logging_mixin.py:151} INFO - [2024-10-01T16:08:45.759+0000] {dag.py:3696} INFO - Setting next_dagrun for etl_jd_pipeline to 2024-09-30T00:00:00+00:00, run_after=2024-10-01T00:00:00+00:00
[2024-10-01T16:08:45.785+0000] {processor.py:179} INFO - Processing /opt/airflow/dags/jdsports_dag.py took 0.714 seconds
[2024-10-01T16:09:15.946+0000] {processor.py:157} INFO - Started process (PID=29) to work on /opt/airflow/dags/jdsports_dag.py
[2024-10-01T16:09:15.947+0000] {processor.py:829} INFO - Processing file /opt/airflow/dags/jdsports_dag.py for tasks to queue
[2024-10-01T16:09:15.951+0000] {logging_mixin.py:151} INFO - [2024-10-01T16:09:15.951+0000] {dagbag.py:539} INFO - Filling up the DagBag from /opt/airflow/dags/jdsports_dag.py
[2024-10-01T16:09:16.648+0000] {processor.py:839} INFO - DAG(s) dict_keys(['etl_jd_pipeline']) retrieved from /opt/airflow/dags/jdsports_dag.py
[2024-10-01T16:09:16.693+0000] {logging_mixin.py:151} INFO - [2024-10-01T16:09:16.693+0000] {dag.py:2915} INFO - Sync 1 DAGs
[2024-10-01T16:09:16.755+0000] {logging_mixin.py:151} INFO - [2024-10-01T16:09:16.755+0000] {dag.py:3696} INFO - Setting next_dagrun for etl_jd_pipeline to 2024-09-30T00:00:00+00:00, run_after=2024-10-01T00:00:00+00:00
[2024-10-01T16:09:16.790+0000] {processor.py:179} INFO - Processing /opt/airflow/dags/jdsports_dag.py took 0.849 seconds
[2024-10-01T16:09:46.979+0000] {processor.py:157} INFO - Started process (PID=31) to work on /opt/airflow/dags/jdsports_dag.py
[2024-10-01T16:09:46.980+0000] {processor.py:829} INFO - Processing file /opt/airflow/dags/jdsports_dag.py for tasks to queue
[2024-10-01T16:09:46.984+0000] {logging_mixin.py:151} INFO - [2024-10-01T16:09:46.984+0000] {dagbag.py:539} INFO - Filling up the DagBag from /opt/airflow/dags/jdsports_dag.py
[2024-10-01T16:09:47.709+0000] {processor.py:839} INFO - DAG(s) dict_keys(['etl_jd_pipeline']) retrieved from /opt/airflow/dags/jdsports_dag.py
[2024-10-01T16:09:47.760+0000] {logging_mixin.py:151} INFO - [2024-10-01T16:09:47.760+0000] {dag.py:2915} INFO - Sync 1 DAGs
[2024-10-01T16:09:47.803+0000] {logging_mixin.py:151} INFO - [2024-10-01T16:09:47.803+0000] {dag.py:3696} INFO - Setting next_dagrun for etl_jd_pipeline to 2024-09-30T00:00:00+00:00, run_after=2024-10-01T00:00:00+00:00
[2024-10-01T16:09:47.830+0000] {processor.py:179} INFO - Processing /opt/airflow/dags/jdsports_dag.py took 0.856 seconds
[2024-10-01T16:10:18.011+0000] {processor.py:157} INFO - Started process (PID=33) to work on /opt/airflow/dags/jdsports_dag.py
[2024-10-01T16:10:18.014+0000] {processor.py:829} INFO - Processing file /opt/airflow/dags/jdsports_dag.py for tasks to queue
[2024-10-01T16:10:18.018+0000] {logging_mixin.py:151} INFO - [2024-10-01T16:10:18.017+0000] {dagbag.py:539} INFO - Filling up the DagBag from /opt/airflow/dags/jdsports_dag.py
[2024-10-01T16:10:18.608+0000] {processor.py:839} INFO - DAG(s) dict_keys(['etl_jd_pipeline']) retrieved from /opt/airflow/dags/jdsports_dag.py
[2024-10-01T16:10:18.652+0000] {logging_mixin.py:151} INFO - [2024-10-01T16:10:18.651+0000] {dag.py:2915} INFO - Sync 1 DAGs
[2024-10-01T16:10:18.689+0000] {logging_mixin.py:151} INFO - [2024-10-01T16:10:18.689+0000] {dag.py:3696} INFO - Setting next_dagrun for etl_jd_pipeline to 2024-09-30T00:00:00+00:00, run_after=2024-10-01T00:00:00+00:00
[2024-10-01T16:10:18.711+0000] {processor.py:179} INFO - Processing /opt/airflow/dags/jdsports_dag.py took 0.707 seconds
[2024-10-01T16:10:48.859+0000] {processor.py:157} INFO - Started process (PID=35) to work on /opt/airflow/dags/jdsports_dag.py
[2024-10-01T16:10:48.861+0000] {processor.py:829} INFO - Processing file /opt/airflow/dags/jdsports_dag.py for tasks to queue
[2024-10-01T16:10:48.866+0000] {logging_mixin.py:151} INFO - [2024-10-01T16:10:48.865+0000] {dagbag.py:539} INFO - Filling up the DagBag from /opt/airflow/dags/jdsports_dag.py
[2024-10-01T16:10:49.717+0000] {processor.py:839} INFO - DAG(s) dict_keys(['etl_jd_pipeline']) retrieved from /opt/airflow/dags/jdsports_dag.py
[2024-10-01T16:10:49.783+0000] {logging_mixin.py:151} INFO - [2024-10-01T16:10:49.782+0000] {dag.py:2915} INFO - Sync 1 DAGs
[2024-10-01T16:10:49.825+0000] {logging_mixin.py:151} INFO - [2024-10-01T16:10:49.825+0000] {dag.py:3696} INFO - Setting next_dagrun for etl_jd_pipeline to 2024-09-30T00:00:00+00:00, run_after=2024-10-01T00:00:00+00:00
[2024-10-01T16:10:49.852+0000] {processor.py:179} INFO - Processing /opt/airflow/dags/jdsports_dag.py took 0.999 seconds
[2024-10-01T16:11:20.012+0000] {processor.py:157} INFO - Started process (PID=37) to work on /opt/airflow/dags/jdsports_dag.py
[2024-10-01T16:11:20.014+0000] {processor.py:829} INFO - Processing file /opt/airflow/dags/jdsports_dag.py for tasks to queue
[2024-10-01T16:11:20.018+0000] {logging_mixin.py:151} INFO - [2024-10-01T16:11:20.018+0000] {dagbag.py:539} INFO - Filling up the DagBag from /opt/airflow/dags/jdsports_dag.py
[2024-10-01T16:11:20.790+0000] {processor.py:839} INFO - DAG(s) dict_keys(['etl_jd_pipeline']) retrieved from /opt/airflow/dags/jdsports_dag.py
[2024-10-01T16:11:20.850+0000] {logging_mixin.py:151} INFO - [2024-10-01T16:11:20.849+0000] {dag.py:2915} INFO - Sync 1 DAGs
[2024-10-01T16:11:20.903+0000] {logging_mixin.py:151} INFO - [2024-10-01T16:11:20.903+0000] {dag.py:3696} INFO - Setting next_dagrun for etl_jd_pipeline to 2024-09-30T00:00:00+00:00, run_after=2024-10-01T00:00:00+00:00
[2024-10-01T16:11:21.197+0000] {processor.py:179} INFO - Processing /opt/airflow/dags/jdsports_dag.py took 1.190 seconds
[2024-10-01T16:11:51.355+0000] {processor.py:157} INFO - Started process (PID=39) to work on /opt/airflow/dags/jdsports_dag.py
[2024-10-01T16:11:51.357+0000] {processor.py:829} INFO - Processing file /opt/airflow/dags/jdsports_dag.py for tasks to queue
[2024-10-01T16:11:51.360+0000] {logging_mixin.py:151} INFO - [2024-10-01T16:11:51.360+0000] {dagbag.py:539} INFO - Filling up the DagBag from /opt/airflow/dags/jdsports_dag.py
[2024-10-01T16:11:52.083+0000] {processor.py:839} INFO - DAG(s) dict_keys(['etl_jd_pipeline']) retrieved from /opt/airflow/dags/jdsports_dag.py
[2024-10-01T16:11:52.120+0000] {logging_mixin.py:151} INFO - [2024-10-01T16:11:52.120+0000] {dag.py:2915} INFO - Sync 1 DAGs
[2024-10-01T16:11:52.151+0000] {logging_mixin.py:151} INFO - [2024-10-01T16:11:52.150+0000] {dag.py:3696} INFO - Setting next_dagrun for etl_jd_pipeline to 2024-09-30T00:00:00+00:00, run_after=2024-10-01T00:00:00+00:00
[2024-10-01T16:11:52.183+0000] {processor.py:179} INFO - Processing /opt/airflow/dags/jdsports_dag.py took 0.833 seconds
[2024-10-01T16:12:22.347+0000] {processor.py:157} INFO - Started process (PID=41) to work on /opt/airflow/dags/jdsports_dag.py
[2024-10-01T16:12:22.348+0000] {processor.py:829} INFO - Processing file /opt/airflow/dags/jdsports_dag.py for tasks to queue
[2024-10-01T16:12:22.353+0000] {logging_mixin.py:151} INFO - [2024-10-01T16:12:22.353+0000] {dagbag.py:539} INFO - Filling up the DagBag from /opt/airflow/dags/jdsports_dag.py
[2024-10-01T16:12:23.203+0000] {processor.py:839} INFO - DAG(s) dict_keys(['etl_jd_pipeline']) retrieved from /opt/airflow/dags/jdsports_dag.py
[2024-10-01T16:12:23.256+0000] {logging_mixin.py:151} INFO - [2024-10-01T16:12:23.255+0000] {dag.py:2915} INFO - Sync 1 DAGs
[2024-10-01T16:12:23.337+0000] {logging_mixin.py:151} INFO - [2024-10-01T16:12:23.336+0000] {dag.py:3696} INFO - Setting next_dagrun for etl_jd_pipeline to 2024-09-30T00:00:00+00:00, run_after=2024-10-01T00:00:00+00:00
[2024-10-01T16:12:23.376+0000] {processor.py:179} INFO - Processing /opt/airflow/dags/jdsports_dag.py took 1.039 seconds
[2024-10-01T16:12:53.529+0000] {processor.py:157} INFO - Started process (PID=43) to work on /opt/airflow/dags/jdsports_dag.py
[2024-10-01T16:12:53.531+0000] {processor.py:829} INFO - Processing file /opt/airflow/dags/jdsports_dag.py for tasks to queue
[2024-10-01T16:12:53.535+0000] {logging_mixin.py:151} INFO - [2024-10-01T16:12:53.534+0000] {dagbag.py:539} INFO - Filling up the DagBag from /opt/airflow/dags/jdsports_dag.py
[2024-10-01T16:12:54.286+0000] {processor.py:839} INFO - DAG(s) dict_keys(['etl_jd_pipeline']) retrieved from /opt/airflow/dags/jdsports_dag.py
[2024-10-01T16:12:54.354+0000] {logging_mixin.py:151} INFO - [2024-10-01T16:12:54.354+0000] {dag.py:2915} INFO - Sync 1 DAGs
[2024-10-01T16:12:54.401+0000] {logging_mixin.py:151} INFO - [2024-10-01T16:12:54.400+0000] {dag.py:3696} INFO - Setting next_dagrun for etl_jd_pipeline to 2024-09-30T00:00:00+00:00, run_after=2024-10-01T00:00:00+00:00
[2024-10-01T16:12:54.438+0000] {processor.py:179} INFO - Processing /opt/airflow/dags/jdsports_dag.py took 0.913 seconds
[2024-10-01T16:13:24.640+0000] {processor.py:157} INFO - Started process (PID=45) to work on /opt/airflow/dags/jdsports_dag.py
[2024-10-01T16:13:24.642+0000] {processor.py:829} INFO - Processing file /opt/airflow/dags/jdsports_dag.py for tasks to queue
[2024-10-01T16:13:24.650+0000] {logging_mixin.py:151} INFO - [2024-10-01T16:13:24.649+0000] {dagbag.py:539} INFO - Filling up the DagBag from /opt/airflow/dags/jdsports_dag.py
[2024-10-01T16:13:25.567+0000] {processor.py:839} INFO - DAG(s) dict_keys(['etl_jd_pipeline']) retrieved from /opt/airflow/dags/jdsports_dag.py
[2024-10-01T16:13:25.605+0000] {logging_mixin.py:151} INFO - [2024-10-01T16:13:25.605+0000] {dag.py:2915} INFO - Sync 1 DAGs
[2024-10-01T16:13:25.633+0000] {logging_mixin.py:151} INFO - [2024-10-01T16:13:25.633+0000] {dag.py:3696} INFO - Setting next_dagrun for etl_jd_pipeline to 2024-09-30T00:00:00+00:00, run_after=2024-10-01T00:00:00+00:00
[2024-10-01T16:13:25.653+0000] {processor.py:179} INFO - Processing /opt/airflow/dags/jdsports_dag.py took 1.018 seconds
[2024-10-01T16:13:55.813+0000] {processor.py:157} INFO - Started process (PID=47) to work on /opt/airflow/dags/jdsports_dag.py
[2024-10-01T16:13:55.815+0000] {processor.py:829} INFO - Processing file /opt/airflow/dags/jdsports_dag.py for tasks to queue
[2024-10-01T16:13:55.822+0000] {logging_mixin.py:151} INFO - [2024-10-01T16:13:55.821+0000] {dagbag.py:539} INFO - Filling up the DagBag from /opt/airflow/dags/jdsports_dag.py
[2024-10-01T16:13:56.573+0000] {processor.py:839} INFO - DAG(s) dict_keys(['etl_jd_pipeline']) retrieved from /opt/airflow/dags/jdsports_dag.py
[2024-10-01T16:13:56.614+0000] {logging_mixin.py:151} INFO - [2024-10-01T16:13:56.613+0000] {dag.py:2915} INFO - Sync 1 DAGs
[2024-10-01T16:13:56.659+0000] {logging_mixin.py:151} INFO - [2024-10-01T16:13:56.658+0000] {dag.py:3696} INFO - Setting next_dagrun for etl_jd_pipeline to 2024-09-30T00:00:00+00:00, run_after=2024-10-01T00:00:00+00:00
[2024-10-01T16:13:56.695+0000] {processor.py:179} INFO - Processing /opt/airflow/dags/jdsports_dag.py took 0.887 seconds
[2024-10-01T16:14:26.929+0000] {processor.py:157} INFO - Started process (PID=49) to work on /opt/airflow/dags/jdsports_dag.py
[2024-10-01T16:14:26.930+0000] {processor.py:829} INFO - Processing file /opt/airflow/dags/jdsports_dag.py for tasks to queue
[2024-10-01T16:14:26.935+0000] {logging_mixin.py:151} INFO - [2024-10-01T16:14:26.934+0000] {dagbag.py:539} INFO - Filling up the DagBag from /opt/airflow/dags/jdsports_dag.py
[2024-10-01T16:14:27.889+0000] {processor.py:839} INFO - DAG(s) dict_keys(['etl_jd_pipeline']) retrieved from /opt/airflow/dags/jdsports_dag.py
[2024-10-01T16:14:27.927+0000] {logging_mixin.py:151} INFO - [2024-10-01T16:14:27.927+0000] {dag.py:2915} INFO - Sync 1 DAGs
[2024-10-01T16:14:27.962+0000] {logging_mixin.py:151} INFO - [2024-10-01T16:14:27.962+0000] {dag.py:3696} INFO - Setting next_dagrun for etl_jd_pipeline to 2024-09-30T00:00:00+00:00, run_after=2024-10-01T00:00:00+00:00
[2024-10-01T16:14:28.215+0000] {processor.py:179} INFO - Processing /opt/airflow/dags/jdsports_dag.py took 1.306 seconds
[2024-10-01T16:14:58.395+0000] {processor.py:157} INFO - Started process (PID=51) to work on /opt/airflow/dags/jdsports_dag.py
[2024-10-01T16:14:58.397+0000] {processor.py:829} INFO - Processing file /opt/airflow/dags/jdsports_dag.py for tasks to queue
[2024-10-01T16:14:58.403+0000] {logging_mixin.py:151} INFO - [2024-10-01T16:14:58.403+0000] {dagbag.py:539} INFO - Filling up the DagBag from /opt/airflow/dags/jdsports_dag.py
[2024-10-01T16:14:58.974+0000] {processor.py:839} INFO - DAG(s) dict_keys(['etl_jd_pipeline']) retrieved from /opt/airflow/dags/jdsports_dag.py
[2024-10-01T16:14:59.028+0000] {logging_mixin.py:151} INFO - [2024-10-01T16:14:59.027+0000] {dag.py:2915} INFO - Sync 1 DAGs
[2024-10-01T16:14:59.071+0000] {logging_mixin.py:151} INFO - [2024-10-01T16:14:59.071+0000] {dag.py:3696} INFO - Setting next_dagrun for etl_jd_pipeline to 2024-09-30T00:00:00+00:00, run_after=2024-10-01T00:00:00+00:00
[2024-10-01T16:14:59.121+0000] {processor.py:179} INFO - Processing /opt/airflow/dags/jdsports_dag.py took 0.731 seconds
[2024-10-01T16:15:29.350+0000] {processor.py:157} INFO - Started process (PID=53) to work on /opt/airflow/dags/jdsports_dag.py
[2024-10-01T16:15:29.351+0000] {processor.py:829} INFO - Processing file /opt/airflow/dags/jdsports_dag.py for tasks to queue
[2024-10-01T16:15:29.355+0000] {logging_mixin.py:151} INFO - [2024-10-01T16:15:29.355+0000] {dagbag.py:539} INFO - Filling up the DagBag from /opt/airflow/dags/jdsports_dag.py
[2024-10-01T16:15:29.940+0000] {processor.py:839} INFO - DAG(s) dict_keys(['etl_jd_pipeline']) retrieved from /opt/airflow/dags/jdsports_dag.py
[2024-10-01T16:15:29.977+0000] {logging_mixin.py:151} INFO - [2024-10-01T16:15:29.976+0000] {dag.py:2915} INFO - Sync 1 DAGs
[2024-10-01T16:15:30.015+0000] {logging_mixin.py:151} INFO - [2024-10-01T16:15:30.015+0000] {dag.py:3696} INFO - Setting next_dagrun for etl_jd_pipeline to 2024-09-30T00:00:00+00:00, run_after=2024-10-01T00:00:00+00:00
[2024-10-01T16:15:30.041+0000] {processor.py:179} INFO - Processing /opt/airflow/dags/jdsports_dag.py took 0.696 seconds
[2024-10-01T16:16:00.226+0000] {processor.py:157} INFO - Started process (PID=55) to work on /opt/airflow/dags/jdsports_dag.py
[2024-10-01T16:16:00.228+0000] {processor.py:829} INFO - Processing file /opt/airflow/dags/jdsports_dag.py for tasks to queue
[2024-10-01T16:16:00.232+0000] {logging_mixin.py:151} INFO - [2024-10-01T16:16:00.232+0000] {dagbag.py:539} INFO - Filling up the DagBag from /opt/airflow/dags/jdsports_dag.py
[2024-10-01T16:16:01.002+0000] {processor.py:839} INFO - DAG(s) dict_keys(['etl_jd_pipeline']) retrieved from /opt/airflow/dags/jdsports_dag.py
[2024-10-01T16:16:01.055+0000] {logging_mixin.py:151} INFO - [2024-10-01T16:16:01.054+0000] {dag.py:2915} INFO - Sync 1 DAGs
[2024-10-01T16:16:01.097+0000] {logging_mixin.py:151} INFO - [2024-10-01T16:16:01.097+0000] {dag.py:3696} INFO - Setting next_dagrun for etl_jd_pipeline to 2024-09-30T00:00:00+00:00, run_after=2024-10-01T00:00:00+00:00
[2024-10-01T16:16:01.133+0000] {processor.py:179} INFO - Processing /opt/airflow/dags/jdsports_dag.py took 0.912 seconds
[2024-10-01T16:16:05.192+0000] {processor.py:157} INFO - Started process (PID=57) to work on /opt/airflow/dags/jdsports_dag.py
[2024-10-01T16:16:05.193+0000] {processor.py:829} INFO - Processing file /opt/airflow/dags/jdsports_dag.py for tasks to queue
[2024-10-01T16:16:05.196+0000] {logging_mixin.py:151} INFO - [2024-10-01T16:16:05.196+0000] {dagbag.py:539} INFO - Filling up the DagBag from /opt/airflow/dags/jdsports_dag.py
[2024-10-01T16:16:06.130+0000] {logging_mixin.py:151} INFO - [2024-10-01T16:16:06.126+0000] {dagbag.py:347} ERROR - Failed to import: /opt/airflow/dags/jdsports_dag.py
Traceback (most recent call last):
  File "/home/airflow/.local/lib/python3.9/site-packages/airflow/models/dagbag.py", line 343, in parse
    loader.exec_module(new_module)
  File "<frozen importlib._bootstrap_external>", line 850, in exec_module
  File "<frozen importlib._bootstrap>", line 228, in _call_with_frames_removed
  File "/opt/airflow/dags/jdsports_dag.py", line 57, in <module>
    extract2 = BashOperator(
  File "/home/airflow/.local/lib/python3.9/site-packages/airflow/models/baseoperator.py", line 437, in apply_defaults
    result = func(self, **kwargs, default_args=default_args)
  File "/home/airflow/.local/lib/python3.9/site-packages/airflow/operators/bash.py", line 150, in __init__
    super().__init__(**kwargs)
  File "/home/airflow/.local/lib/python3.9/site-packages/airflow/models/baseoperator.py", line 437, in apply_defaults
    result = func(self, **kwargs, default_args=default_args)
  File "/home/airflow/.local/lib/python3.9/site-packages/airflow/models/baseoperator.py", line 812, in __init__
    task_group.add(self)
  File "/home/airflow/.local/lib/python3.9/site-packages/airflow/utils/task_group.py", line 230, in add
    raise DuplicateTaskIdFound(f"{node_type} id '{key}' has already been added to the DAG")
airflow.exceptions.DuplicateTaskIdFound: Task id 'jdsport_extraction' has already been added to the DAG
[2024-10-01T16:16:06.130+0000] {processor.py:841} WARNING - No viable dags retrieved from /opt/airflow/dags/jdsports_dag.py
[2024-10-01T16:16:06.181+0000] {processor.py:179} INFO - Processing /opt/airflow/dags/jdsports_dag.py took 0.994 seconds
[2024-10-01T16:16:36.354+0000] {processor.py:157} INFO - Started process (PID=59) to work on /opt/airflow/dags/jdsports_dag.py
[2024-10-01T16:16:36.356+0000] {processor.py:829} INFO - Processing file /opt/airflow/dags/jdsports_dag.py for tasks to queue
[2024-10-01T16:16:36.365+0000] {logging_mixin.py:151} INFO - [2024-10-01T16:16:36.361+0000] {dagbag.py:539} INFO - Filling up the DagBag from /opt/airflow/dags/jdsports_dag.py
[2024-10-01T16:16:36.970+0000] {logging_mixin.py:151} INFO - [2024-10-01T16:16:36.968+0000] {dagbag.py:347} ERROR - Failed to import: /opt/airflow/dags/jdsports_dag.py
Traceback (most recent call last):
  File "/home/airflow/.local/lib/python3.9/site-packages/airflow/models/dagbag.py", line 343, in parse
    loader.exec_module(new_module)
  File "<frozen importlib._bootstrap_external>", line 850, in exec_module
  File "<frozen importlib._bootstrap>", line 228, in _call_with_frames_removed
  File "/opt/airflow/dags/jdsports_dag.py", line 57, in <module>
    extract2 = BashOperator(
  File "/home/airflow/.local/lib/python3.9/site-packages/airflow/models/baseoperator.py", line 437, in apply_defaults
    result = func(self, **kwargs, default_args=default_args)
  File "/home/airflow/.local/lib/python3.9/site-packages/airflow/operators/bash.py", line 150, in __init__
    super().__init__(**kwargs)
  File "/home/airflow/.local/lib/python3.9/site-packages/airflow/models/baseoperator.py", line 437, in apply_defaults
    result = func(self, **kwargs, default_args=default_args)
  File "/home/airflow/.local/lib/python3.9/site-packages/airflow/models/baseoperator.py", line 812, in __init__
    task_group.add(self)
  File "/home/airflow/.local/lib/python3.9/site-packages/airflow/utils/task_group.py", line 230, in add
    raise DuplicateTaskIdFound(f"{node_type} id '{key}' has already been added to the DAG")
airflow.exceptions.DuplicateTaskIdFound: Task id 'jdsport_extraction' has already been added to the DAG
[2024-10-01T16:16:36.971+0000] {processor.py:841} WARNING - No viable dags retrieved from /opt/airflow/dags/jdsports_dag.py
[2024-10-01T16:16:36.997+0000] {processor.py:179} INFO - Processing /opt/airflow/dags/jdsports_dag.py took 0.648 seconds
[2024-10-01T16:17:07.183+0000] {processor.py:157} INFO - Started process (PID=61) to work on /opt/airflow/dags/jdsports_dag.py
[2024-10-01T16:17:07.186+0000] {processor.py:829} INFO - Processing file /opt/airflow/dags/jdsports_dag.py for tasks to queue
[2024-10-01T16:17:07.190+0000] {logging_mixin.py:151} INFO - [2024-10-01T16:17:07.189+0000] {dagbag.py:539} INFO - Filling up the DagBag from /opt/airflow/dags/jdsports_dag.py
[2024-10-01T16:17:07.772+0000] {logging_mixin.py:151} INFO - [2024-10-01T16:17:07.770+0000] {dagbag.py:347} ERROR - Failed to import: /opt/airflow/dags/jdsports_dag.py
Traceback (most recent call last):
  File "/home/airflow/.local/lib/python3.9/site-packages/airflow/models/dagbag.py", line 343, in parse
    loader.exec_module(new_module)
  File "<frozen importlib._bootstrap_external>", line 850, in exec_module
  File "<frozen importlib._bootstrap>", line 228, in _call_with_frames_removed
  File "/opt/airflow/dags/jdsports_dag.py", line 57, in <module>
    extract2 = BashOperator(
  File "/home/airflow/.local/lib/python3.9/site-packages/airflow/models/baseoperator.py", line 437, in apply_defaults
    result = func(self, **kwargs, default_args=default_args)
  File "/home/airflow/.local/lib/python3.9/site-packages/airflow/operators/bash.py", line 150, in __init__
    super().__init__(**kwargs)
  File "/home/airflow/.local/lib/python3.9/site-packages/airflow/models/baseoperator.py", line 437, in apply_defaults
    result = func(self, **kwargs, default_args=default_args)
  File "/home/airflow/.local/lib/python3.9/site-packages/airflow/models/baseoperator.py", line 812, in __init__
    task_group.add(self)
  File "/home/airflow/.local/lib/python3.9/site-packages/airflow/utils/task_group.py", line 230, in add
    raise DuplicateTaskIdFound(f"{node_type} id '{key}' has already been added to the DAG")
airflow.exceptions.DuplicateTaskIdFound: Task id 'jdsport_extraction' has already been added to the DAG
[2024-10-01T16:17:07.772+0000] {processor.py:841} WARNING - No viable dags retrieved from /opt/airflow/dags/jdsports_dag.py
[2024-10-01T16:17:07.810+0000] {processor.py:179} INFO - Processing /opt/airflow/dags/jdsports_dag.py took 0.632 seconds
[2024-10-01T16:17:17.622+0000] {processor.py:157} INFO - Started process (PID=63) to work on /opt/airflow/dags/jdsports_dag.py
[2024-10-01T16:17:17.624+0000] {processor.py:829} INFO - Processing file /opt/airflow/dags/jdsports_dag.py for tasks to queue
[2024-10-01T16:17:17.633+0000] {logging_mixin.py:151} INFO - [2024-10-01T16:17:17.632+0000] {dagbag.py:539} INFO - Filling up the DagBag from /opt/airflow/dags/jdsports_dag.py
[2024-10-01T16:17:18.577+0000] {processor.py:839} INFO - DAG(s) dict_keys(['etl_jd_pipeline']) retrieved from /opt/airflow/dags/jdsports_dag.py
[2024-10-01T16:17:19.008+0000] {logging_mixin.py:151} INFO - [2024-10-01T16:17:19.007+0000] {security.py:708} INFO - Not syncing DAG-level permissions for DAG 'DAG:etl_jd_pipeline' as access control is unset.
[2024-10-01T16:17:19.008+0000] {logging_mixin.py:151} INFO - [2024-10-01T16:17:19.008+0000] {dag.py:2915} INFO - Sync 1 DAGs
[2024-10-01T16:17:19.291+0000] {logging_mixin.py:151} INFO - [2024-10-01T16:17:19.291+0000] {dag.py:3696} INFO - Setting next_dagrun for etl_jd_pipeline to 2024-09-30T00:00:00+00:00, run_after=2024-10-01T00:00:00+00:00
[2024-10-01T16:17:19.321+0000] {processor.py:179} INFO - Processing /opt/airflow/dags/jdsports_dag.py took 1.711 seconds
[2024-10-01T16:17:49.503+0000] {processor.py:157} INFO - Started process (PID=77) to work on /opt/airflow/dags/jdsports_dag.py
[2024-10-01T16:17:49.505+0000] {processor.py:829} INFO - Processing file /opt/airflow/dags/jdsports_dag.py for tasks to queue
[2024-10-01T16:17:49.507+0000] {logging_mixin.py:151} INFO - [2024-10-01T16:17:49.506+0000] {dagbag.py:539} INFO - Filling up the DagBag from /opt/airflow/dags/jdsports_dag.py
[2024-10-01T16:17:50.530+0000] {processor.py:839} INFO - DAG(s) dict_keys(['etl_jd_pipeline']) retrieved from /opt/airflow/dags/jdsports_dag.py
[2024-10-01T16:17:50.572+0000] {logging_mixin.py:151} INFO - [2024-10-01T16:17:50.572+0000] {dag.py:2915} INFO - Sync 1 DAGs
[2024-10-01T16:17:50.867+0000] {logging_mixin.py:151} INFO - [2024-10-01T16:17:50.867+0000] {dag.py:3696} INFO - Setting next_dagrun for etl_jd_pipeline to 2024-10-01T00:00:00+00:00, run_after=2024-10-02T00:00:00+00:00
[2024-10-01T16:17:50.908+0000] {processor.py:179} INFO - Processing /opt/airflow/dags/jdsports_dag.py took 1.412 seconds
[2024-10-01T16:18:21.097+0000] {processor.py:157} INFO - Started process (PID=83) to work on /opt/airflow/dags/jdsports_dag.py
[2024-10-01T16:18:21.100+0000] {processor.py:829} INFO - Processing file /opt/airflow/dags/jdsports_dag.py for tasks to queue
[2024-10-01T16:18:21.108+0000] {logging_mixin.py:151} INFO - [2024-10-01T16:18:21.102+0000] {dagbag.py:539} INFO - Filling up the DagBag from /opt/airflow/dags/jdsports_dag.py
[2024-10-01T16:18:21.838+0000] {processor.py:839} INFO - DAG(s) dict_keys(['etl_jd_pipeline']) retrieved from /opt/airflow/dags/jdsports_dag.py
[2024-10-01T16:18:21.868+0000] {logging_mixin.py:151} INFO - [2024-10-01T16:18:21.868+0000] {dag.py:2915} INFO - Sync 1 DAGs
[2024-10-01T16:18:21.895+0000] {logging_mixin.py:151} INFO - [2024-10-01T16:18:21.895+0000] {dag.py:3696} INFO - Setting next_dagrun for etl_jd_pipeline to 2024-10-01T00:00:00+00:00, run_after=2024-10-02T00:00:00+00:00
[2024-10-01T16:18:21.915+0000] {processor.py:179} INFO - Processing /opt/airflow/dags/jdsports_dag.py took 0.824 seconds
[2024-10-01T16:18:52.090+0000] {processor.py:157} INFO - Started process (PID=93) to work on /opt/airflow/dags/jdsports_dag.py
[2024-10-01T16:18:52.092+0000] {processor.py:829} INFO - Processing file /opt/airflow/dags/jdsports_dag.py for tasks to queue
[2024-10-01T16:18:52.094+0000] {logging_mixin.py:151} INFO - [2024-10-01T16:18:52.093+0000] {dagbag.py:539} INFO - Filling up the DagBag from /opt/airflow/dags/jdsports_dag.py
[2024-10-01T16:18:52.612+0000] {processor.py:839} INFO - DAG(s) dict_keys(['etl_jd_pipeline']) retrieved from /opt/airflow/dags/jdsports_dag.py
[2024-10-01T16:18:52.647+0000] {logging_mixin.py:151} INFO - [2024-10-01T16:18:52.647+0000] {dag.py:2915} INFO - Sync 1 DAGs
[2024-10-01T16:18:52.676+0000] {logging_mixin.py:151} INFO - [2024-10-01T16:18:52.676+0000] {dag.py:3696} INFO - Setting next_dagrun for etl_jd_pipeline to 2024-10-01T00:00:00+00:00, run_after=2024-10-02T00:00:00+00:00
[2024-10-01T16:18:52.698+0000] {processor.py:179} INFO - Processing /opt/airflow/dags/jdsports_dag.py took 0.613 seconds
[2024-10-01T16:19:22.864+0000] {processor.py:157} INFO - Started process (PID=95) to work on /opt/airflow/dags/jdsports_dag.py
[2024-10-01T16:19:22.866+0000] {processor.py:829} INFO - Processing file /opt/airflow/dags/jdsports_dag.py for tasks to queue
[2024-10-01T16:19:22.868+0000] {logging_mixin.py:151} INFO - [2024-10-01T16:19:22.867+0000] {dagbag.py:539} INFO - Filling up the DagBag from /opt/airflow/dags/jdsports_dag.py
[2024-10-01T16:19:23.452+0000] {processor.py:839} INFO - DAG(s) dict_keys(['etl_jd_pipeline']) retrieved from /opt/airflow/dags/jdsports_dag.py
[2024-10-01T16:19:23.507+0000] {logging_mixin.py:151} INFO - [2024-10-01T16:19:23.507+0000] {dag.py:2915} INFO - Sync 1 DAGs
[2024-10-01T16:19:23.548+0000] {logging_mixin.py:151} INFO - [2024-10-01T16:19:23.548+0000] {dag.py:3696} INFO - Setting next_dagrun for etl_jd_pipeline to 2024-10-01T00:00:00+00:00, run_after=2024-10-02T00:00:00+00:00
[2024-10-01T16:19:23.573+0000] {processor.py:179} INFO - Processing /opt/airflow/dags/jdsports_dag.py took 0.713 seconds
[2024-10-01T16:19:45.322+0000] {processor.py:157} INFO - Started process (PID=97) to work on /opt/airflow/dags/jdsports_dag.py
[2024-10-01T16:19:45.323+0000] {processor.py:829} INFO - Processing file /opt/airflow/dags/jdsports_dag.py for tasks to queue
[2024-10-01T16:19:45.324+0000] {logging_mixin.py:151} INFO - [2024-10-01T16:19:45.324+0000] {dagbag.py:539} INFO - Filling up the DagBag from /opt/airflow/dags/jdsports_dag.py
[2024-10-01T16:19:45.840+0000] {processor.py:839} INFO - DAG(s) dict_keys(['etl_jd_pipeline']) retrieved from /opt/airflow/dags/jdsports_dag.py
[2024-10-01T16:19:46.155+0000] {logging_mixin.py:151} INFO - [2024-10-01T16:19:46.155+0000] {security.py:708} INFO - Not syncing DAG-level permissions for DAG 'DAG:etl_jd_pipeline' as access control is unset.
[2024-10-01T16:19:46.156+0000] {logging_mixin.py:151} INFO - [2024-10-01T16:19:46.156+0000] {dag.py:2915} INFO - Sync 1 DAGs
[2024-10-01T16:19:46.183+0000] {logging_mixin.py:151} INFO - [2024-10-01T16:19:46.183+0000] {dag.py:3696} INFO - Setting next_dagrun for etl_jd_pipeline to 2024-10-01T00:00:00+00:00, run_after=2024-10-02T00:00:00+00:00
[2024-10-01T16:19:46.210+0000] {processor.py:179} INFO - Processing /opt/airflow/dags/jdsports_dag.py took 0.892 seconds
[2024-10-01T16:20:16.403+0000] {processor.py:157} INFO - Started process (PID=99) to work on /opt/airflow/dags/jdsports_dag.py
[2024-10-01T16:20:16.411+0000] {processor.py:829} INFO - Processing file /opt/airflow/dags/jdsports_dag.py for tasks to queue
[2024-10-01T16:20:16.412+0000] {logging_mixin.py:151} INFO - [2024-10-01T16:20:16.411+0000] {dagbag.py:539} INFO - Filling up the DagBag from /opt/airflow/dags/jdsports_dag.py
[2024-10-01T16:20:16.903+0000] {processor.py:839} INFO - DAG(s) dict_keys(['etl_jd_pipeline']) retrieved from /opt/airflow/dags/jdsports_dag.py
[2024-10-01T16:20:16.936+0000] {logging_mixin.py:151} INFO - [2024-10-01T16:20:16.935+0000] {dag.py:2915} INFO - Sync 1 DAGs
[2024-10-01T16:20:16.966+0000] {logging_mixin.py:151} INFO - [2024-10-01T16:20:16.966+0000] {dag.py:3696} INFO - Setting next_dagrun for etl_jd_pipeline to 2024-10-01T00:00:00+00:00, run_after=2024-10-02T00:00:00+00:00
[2024-10-01T16:20:17.161+0000] {processor.py:179} INFO - Processing /opt/airflow/dags/jdsports_dag.py took 0.762 seconds
[2024-10-01T16:20:47.326+0000] {processor.py:157} INFO - Started process (PID=101) to work on /opt/airflow/dags/jdsports_dag.py
[2024-10-01T16:20:47.329+0000] {processor.py:829} INFO - Processing file /opt/airflow/dags/jdsports_dag.py for tasks to queue
[2024-10-01T16:20:47.331+0000] {logging_mixin.py:151} INFO - [2024-10-01T16:20:47.330+0000] {dagbag.py:539} INFO - Filling up the DagBag from /opt/airflow/dags/jdsports_dag.py
[2024-10-01T16:20:48.386+0000] {processor.py:839} INFO - DAG(s) dict_keys(['etl_jd_pipeline']) retrieved from /opt/airflow/dags/jdsports_dag.py
[2024-10-01T16:20:48.444+0000] {logging_mixin.py:151} INFO - [2024-10-01T16:20:48.444+0000] {dag.py:2915} INFO - Sync 1 DAGs
[2024-10-01T16:20:48.705+0000] {logging_mixin.py:151} INFO - [2024-10-01T16:20:48.705+0000] {dag.py:3696} INFO - Setting next_dagrun for etl_jd_pipeline to 2024-10-01T00:00:00+00:00, run_after=2024-10-02T00:00:00+00:00
[2024-10-01T16:20:48.736+0000] {processor.py:179} INFO - Processing /opt/airflow/dags/jdsports_dag.py took 1.416 seconds
[2024-10-01T16:21:18.939+0000] {processor.py:157} INFO - Started process (PID=103) to work on /opt/airflow/dags/jdsports_dag.py
[2024-10-01T16:21:18.941+0000] {processor.py:829} INFO - Processing file /opt/airflow/dags/jdsports_dag.py for tasks to queue
[2024-10-01T16:21:18.943+0000] {logging_mixin.py:151} INFO - [2024-10-01T16:21:18.942+0000] {dagbag.py:539} INFO - Filling up the DagBag from /opt/airflow/dags/jdsports_dag.py
[2024-10-01T16:21:19.783+0000] {processor.py:839} INFO - DAG(s) dict_keys(['etl_jd_pipeline']) retrieved from /opt/airflow/dags/jdsports_dag.py
[2024-10-01T16:21:19.843+0000] {logging_mixin.py:151} INFO - [2024-10-01T16:21:19.842+0000] {dag.py:2915} INFO - Sync 1 DAGs
[2024-10-01T16:21:19.891+0000] {logging_mixin.py:151} INFO - [2024-10-01T16:21:19.891+0000] {dag.py:3696} INFO - Setting next_dagrun for etl_jd_pipeline to 2024-10-01T00:00:00+00:00, run_after=2024-10-02T00:00:00+00:00
[2024-10-01T16:21:19.925+0000] {processor.py:179} INFO - Processing /opt/airflow/dags/jdsports_dag.py took 0.991 seconds
[2024-10-01T16:21:50.137+0000] {processor.py:157} INFO - Started process (PID=105) to work on /opt/airflow/dags/jdsports_dag.py
[2024-10-01T16:21:50.138+0000] {processor.py:829} INFO - Processing file /opt/airflow/dags/jdsports_dag.py for tasks to queue
[2024-10-01T16:21:50.139+0000] {logging_mixin.py:151} INFO - [2024-10-01T16:21:50.139+0000] {dagbag.py:539} INFO - Filling up the DagBag from /opt/airflow/dags/jdsports_dag.py
[2024-10-01T16:21:50.793+0000] {processor.py:839} INFO - DAG(s) dict_keys(['etl_jd_pipeline']) retrieved from /opt/airflow/dags/jdsports_dag.py
[2024-10-01T16:21:50.831+0000] {logging_mixin.py:151} INFO - [2024-10-01T16:21:50.831+0000] {dag.py:2915} INFO - Sync 1 DAGs
[2024-10-01T16:21:50.863+0000] {logging_mixin.py:151} INFO - [2024-10-01T16:21:50.863+0000] {dag.py:3696} INFO - Setting next_dagrun for etl_jd_pipeline to 2024-10-01T00:00:00+00:00, run_after=2024-10-02T00:00:00+00:00
[2024-10-01T16:21:50.889+0000] {processor.py:179} INFO - Processing /opt/airflow/dags/jdsports_dag.py took 0.757 seconds
[2024-10-01T16:22:21.072+0000] {processor.py:157} INFO - Started process (PID=107) to work on /opt/airflow/dags/jdsports_dag.py
[2024-10-01T16:22:21.074+0000] {processor.py:829} INFO - Processing file /opt/airflow/dags/jdsports_dag.py for tasks to queue
[2024-10-01T16:22:21.075+0000] {logging_mixin.py:151} INFO - [2024-10-01T16:22:21.074+0000] {dagbag.py:539} INFO - Filling up the DagBag from /opt/airflow/dags/jdsports_dag.py
[2024-10-01T16:22:21.660+0000] {processor.py:839} INFO - DAG(s) dict_keys(['etl_jd_pipeline']) retrieved from /opt/airflow/dags/jdsports_dag.py
[2024-10-01T16:22:21.713+0000] {logging_mixin.py:151} INFO - [2024-10-01T16:22:21.713+0000] {dag.py:2915} INFO - Sync 1 DAGs
[2024-10-01T16:22:21.745+0000] {logging_mixin.py:151} INFO - [2024-10-01T16:22:21.744+0000] {dag.py:3696} INFO - Setting next_dagrun for etl_jd_pipeline to 2024-10-01T00:00:00+00:00, run_after=2024-10-02T00:00:00+00:00
[2024-10-01T16:22:21.770+0000] {processor.py:179} INFO - Processing /opt/airflow/dags/jdsports_dag.py took 0.703 seconds
[2024-10-01T16:22:51.915+0000] {processor.py:157} INFO - Started process (PID=109) to work on /opt/airflow/dags/jdsports_dag.py
[2024-10-01T16:22:51.916+0000] {processor.py:829} INFO - Processing file /opt/airflow/dags/jdsports_dag.py for tasks to queue
[2024-10-01T16:22:51.918+0000] {logging_mixin.py:151} INFO - [2024-10-01T16:22:51.917+0000] {dagbag.py:539} INFO - Filling up the DagBag from /opt/airflow/dags/jdsports_dag.py
[2024-10-01T16:22:52.423+0000] {processor.py:839} INFO - DAG(s) dict_keys(['etl_jd_pipeline']) retrieved from /opt/airflow/dags/jdsports_dag.py
[2024-10-01T16:22:52.471+0000] {logging_mixin.py:151} INFO - [2024-10-01T16:22:52.471+0000] {dag.py:2915} INFO - Sync 1 DAGs
[2024-10-01T16:22:52.502+0000] {logging_mixin.py:151} INFO - [2024-10-01T16:22:52.502+0000] {dag.py:3696} INFO - Setting next_dagrun for etl_jd_pipeline to 2024-10-01T00:00:00+00:00, run_after=2024-10-02T00:00:00+00:00
[2024-10-01T16:22:52.749+0000] {processor.py:179} INFO - Processing /opt/airflow/dags/jdsports_dag.py took 0.840 seconds
[2024-10-01T16:23:22.922+0000] {processor.py:157} INFO - Started process (PID=111) to work on /opt/airflow/dags/jdsports_dag.py
[2024-10-01T16:23:22.925+0000] {processor.py:829} INFO - Processing file /opt/airflow/dags/jdsports_dag.py for tasks to queue
[2024-10-01T16:23:22.926+0000] {logging_mixin.py:151} INFO - [2024-10-01T16:23:22.926+0000] {dagbag.py:539} INFO - Filling up the DagBag from /opt/airflow/dags/jdsports_dag.py
[2024-10-01T16:23:23.525+0000] {processor.py:839} INFO - DAG(s) dict_keys(['etl_jd_pipeline']) retrieved from /opt/airflow/dags/jdsports_dag.py
[2024-10-01T16:23:23.565+0000] {logging_mixin.py:151} INFO - [2024-10-01T16:23:23.565+0000] {dag.py:2915} INFO - Sync 1 DAGs
[2024-10-01T16:23:23.799+0000] {logging_mixin.py:151} INFO - [2024-10-01T16:23:23.799+0000] {dag.py:3696} INFO - Setting next_dagrun for etl_jd_pipeline to 2024-10-01T00:00:00+00:00, run_after=2024-10-02T00:00:00+00:00
[2024-10-01T16:23:23.823+0000] {processor.py:179} INFO - Processing /opt/airflow/dags/jdsports_dag.py took 0.907 seconds
[2024-10-01T16:23:53.994+0000] {processor.py:157} INFO - Started process (PID=113) to work on /opt/airflow/dags/jdsports_dag.py
[2024-10-01T16:23:53.995+0000] {processor.py:829} INFO - Processing file /opt/airflow/dags/jdsports_dag.py for tasks to queue
[2024-10-01T16:23:53.996+0000] {logging_mixin.py:151} INFO - [2024-10-01T16:23:53.996+0000] {dagbag.py:539} INFO - Filling up the DagBag from /opt/airflow/dags/jdsports_dag.py
[2024-10-01T16:23:54.523+0000] {processor.py:839} INFO - DAG(s) dict_keys(['etl_jd_pipeline']) retrieved from /opt/airflow/dags/jdsports_dag.py
[2024-10-01T16:23:54.585+0000] {logging_mixin.py:151} INFO - [2024-10-01T16:23:54.584+0000] {dag.py:2915} INFO - Sync 1 DAGs
[2024-10-01T16:23:54.863+0000] {logging_mixin.py:151} INFO - [2024-10-01T16:23:54.863+0000] {dag.py:3696} INFO - Setting next_dagrun for etl_jd_pipeline to 2024-10-01T00:00:00+00:00, run_after=2024-10-02T00:00:00+00:00
[2024-10-01T16:23:54.910+0000] {processor.py:179} INFO - Processing /opt/airflow/dags/jdsports_dag.py took 0.921 seconds
[2024-10-01T16:24:25.061+0000] {processor.py:157} INFO - Started process (PID=115) to work on /opt/airflow/dags/jdsports_dag.py
[2024-10-01T16:24:25.062+0000] {processor.py:829} INFO - Processing file /opt/airflow/dags/jdsports_dag.py for tasks to queue
[2024-10-01T16:24:25.064+0000] {logging_mixin.py:151} INFO - [2024-10-01T16:24:25.063+0000] {dagbag.py:539} INFO - Filling up the DagBag from /opt/airflow/dags/jdsports_dag.py
[2024-10-01T16:24:25.917+0000] {processor.py:839} INFO - DAG(s) dict_keys(['etl_jd_pipeline']) retrieved from /opt/airflow/dags/jdsports_dag.py
[2024-10-01T16:24:25.956+0000] {logging_mixin.py:151} INFO - [2024-10-01T16:24:25.956+0000] {dag.py:2915} INFO - Sync 1 DAGs
[2024-10-01T16:24:25.993+0000] {logging_mixin.py:151} INFO - [2024-10-01T16:24:25.993+0000] {dag.py:3696} INFO - Setting next_dagrun for etl_jd_pipeline to 2024-10-01T00:00:00+00:00, run_after=2024-10-02T00:00:00+00:00
[2024-10-01T16:24:26.037+0000] {processor.py:179} INFO - Processing /opt/airflow/dags/jdsports_dag.py took 0.980 seconds
[2024-10-01T16:24:56.214+0000] {processor.py:157} INFO - Started process (PID=117) to work on /opt/airflow/dags/jdsports_dag.py
[2024-10-01T16:24:56.215+0000] {processor.py:829} INFO - Processing file /opt/airflow/dags/jdsports_dag.py for tasks to queue
[2024-10-01T16:24:56.217+0000] {logging_mixin.py:151} INFO - [2024-10-01T16:24:56.216+0000] {dagbag.py:539} INFO - Filling up the DagBag from /opt/airflow/dags/jdsports_dag.py
[2024-10-01T16:24:56.817+0000] {processor.py:839} INFO - DAG(s) dict_keys(['etl_jd_pipeline']) retrieved from /opt/airflow/dags/jdsports_dag.py
[2024-10-01T16:24:56.875+0000] {logging_mixin.py:151} INFO - [2024-10-01T16:24:56.875+0000] {dag.py:2915} INFO - Sync 1 DAGs
[2024-10-01T16:24:56.910+0000] {logging_mixin.py:151} INFO - [2024-10-01T16:24:56.909+0000] {dag.py:3696} INFO - Setting next_dagrun for etl_jd_pipeline to 2024-10-01T00:00:00+00:00, run_after=2024-10-02T00:00:00+00:00
[2024-10-01T16:24:56.941+0000] {processor.py:179} INFO - Processing /opt/airflow/dags/jdsports_dag.py took 0.746 seconds
[2024-10-01T16:25:27.118+0000] {processor.py:157} INFO - Started process (PID=119) to work on /opt/airflow/dags/jdsports_dag.py
[2024-10-01T16:25:27.119+0000] {processor.py:829} INFO - Processing file /opt/airflow/dags/jdsports_dag.py for tasks to queue
[2024-10-01T16:25:27.121+0000] {logging_mixin.py:151} INFO - [2024-10-01T16:25:27.120+0000] {dagbag.py:539} INFO - Filling up the DagBag from /opt/airflow/dags/jdsports_dag.py
[2024-10-01T16:25:27.765+0000] {processor.py:839} INFO - DAG(s) dict_keys(['etl_jd_pipeline']) retrieved from /opt/airflow/dags/jdsports_dag.py
[2024-10-01T16:25:27.802+0000] {logging_mixin.py:151} INFO - [2024-10-01T16:25:27.801+0000] {dag.py:2915} INFO - Sync 1 DAGs
[2024-10-01T16:25:27.829+0000] {logging_mixin.py:151} INFO - [2024-10-01T16:25:27.829+0000] {dag.py:3696} INFO - Setting next_dagrun for etl_jd_pipeline to 2024-10-01T00:00:00+00:00, run_after=2024-10-02T00:00:00+00:00
[2024-10-01T16:25:27.852+0000] {processor.py:179} INFO - Processing /opt/airflow/dags/jdsports_dag.py took 0.739 seconds
[2024-10-01T16:25:58.027+0000] {processor.py:157} INFO - Started process (PID=121) to work on /opt/airflow/dags/jdsports_dag.py
[2024-10-01T16:25:58.030+0000] {processor.py:829} INFO - Processing file /opt/airflow/dags/jdsports_dag.py for tasks to queue
[2024-10-01T16:25:58.031+0000] {logging_mixin.py:151} INFO - [2024-10-01T16:25:58.031+0000] {dagbag.py:539} INFO - Filling up the DagBag from /opt/airflow/dags/jdsports_dag.py
[2024-10-01T16:25:58.573+0000] {processor.py:839} INFO - DAG(s) dict_keys(['etl_jd_pipeline']) retrieved from /opt/airflow/dags/jdsports_dag.py
[2024-10-01T16:25:58.616+0000] {logging_mixin.py:151} INFO - [2024-10-01T16:25:58.616+0000] {dag.py:2915} INFO - Sync 1 DAGs
[2024-10-01T16:25:58.647+0000] {logging_mixin.py:151} INFO - [2024-10-01T16:25:58.647+0000] {dag.py:3696} INFO - Setting next_dagrun for etl_jd_pipeline to 2024-10-01T00:00:00+00:00, run_after=2024-10-02T00:00:00+00:00
[2024-10-01T16:25:58.890+0000] {processor.py:179} INFO - Processing /opt/airflow/dags/jdsports_dag.py took 0.867 seconds
[2024-10-01T16:26:29.062+0000] {processor.py:157} INFO - Started process (PID=123) to work on /opt/airflow/dags/jdsports_dag.py
[2024-10-01T16:26:29.064+0000] {processor.py:829} INFO - Processing file /opt/airflow/dags/jdsports_dag.py for tasks to queue
[2024-10-01T16:26:29.066+0000] {logging_mixin.py:151} INFO - [2024-10-01T16:26:29.065+0000] {dagbag.py:539} INFO - Filling up the DagBag from /opt/airflow/dags/jdsports_dag.py
[2024-10-01T16:26:29.745+0000] {processor.py:839} INFO - DAG(s) dict_keys(['etl_jd_pipeline']) retrieved from /opt/airflow/dags/jdsports_dag.py
[2024-10-01T16:26:29.778+0000] {logging_mixin.py:151} INFO - [2024-10-01T16:26:29.777+0000] {dag.py:2915} INFO - Sync 1 DAGs
[2024-10-01T16:26:29.985+0000] {logging_mixin.py:151} INFO - [2024-10-01T16:26:29.985+0000] {dag.py:3696} INFO - Setting next_dagrun for etl_jd_pipeline to 2024-10-01T00:00:00+00:00, run_after=2024-10-02T00:00:00+00:00
[2024-10-01T16:26:30.007+0000] {processor.py:179} INFO - Processing /opt/airflow/dags/jdsports_dag.py took 0.954 seconds
[2024-10-01T16:27:00.175+0000] {processor.py:157} INFO - Started process (PID=125) to work on /opt/airflow/dags/jdsports_dag.py
[2024-10-01T16:27:00.176+0000] {processor.py:829} INFO - Processing file /opt/airflow/dags/jdsports_dag.py for tasks to queue
[2024-10-01T16:27:00.177+0000] {logging_mixin.py:151} INFO - [2024-10-01T16:27:00.177+0000] {dagbag.py:539} INFO - Filling up the DagBag from /opt/airflow/dags/jdsports_dag.py
[2024-10-01T16:27:00.854+0000] {processor.py:839} INFO - DAG(s) dict_keys(['etl_jd_pipeline']) retrieved from /opt/airflow/dags/jdsports_dag.py
[2024-10-01T16:27:00.889+0000] {logging_mixin.py:151} INFO - [2024-10-01T16:27:00.888+0000] {dag.py:2915} INFO - Sync 1 DAGs
[2024-10-01T16:27:01.096+0000] {logging_mixin.py:151} INFO - [2024-10-01T16:27:01.096+0000] {dag.py:3696} INFO - Setting next_dagrun for etl_jd_pipeline to 2024-10-01T00:00:00+00:00, run_after=2024-10-02T00:00:00+00:00
[2024-10-01T16:27:01.123+0000] {processor.py:179} INFO - Processing /opt/airflow/dags/jdsports_dag.py took 0.959 seconds
[2024-10-01T16:27:31.292+0000] {processor.py:157} INFO - Started process (PID=127) to work on /opt/airflow/dags/jdsports_dag.py
[2024-10-01T16:27:31.293+0000] {processor.py:829} INFO - Processing file /opt/airflow/dags/jdsports_dag.py for tasks to queue
[2024-10-01T16:27:31.296+0000] {logging_mixin.py:151} INFO - [2024-10-01T16:27:31.294+0000] {dagbag.py:539} INFO - Filling up the DagBag from /opt/airflow/dags/jdsports_dag.py
[2024-10-01T16:27:32.004+0000] {processor.py:839} INFO - DAG(s) dict_keys(['etl_jd_pipeline']) retrieved from /opt/airflow/dags/jdsports_dag.py
[2024-10-01T16:27:32.041+0000] {logging_mixin.py:151} INFO - [2024-10-01T16:27:32.041+0000] {dag.py:2915} INFO - Sync 1 DAGs
[2024-10-01T16:27:32.072+0000] {logging_mixin.py:151} INFO - [2024-10-01T16:27:32.072+0000] {dag.py:3696} INFO - Setting next_dagrun for etl_jd_pipeline to 2024-10-01T00:00:00+00:00, run_after=2024-10-02T00:00:00+00:00
[2024-10-01T16:27:32.097+0000] {processor.py:179} INFO - Processing /opt/airflow/dags/jdsports_dag.py took 0.811 seconds
[2024-10-01T16:28:02.250+0000] {processor.py:157} INFO - Started process (PID=129) to work on /opt/airflow/dags/jdsports_dag.py
[2024-10-01T16:28:02.252+0000] {processor.py:829} INFO - Processing file /opt/airflow/dags/jdsports_dag.py for tasks to queue
[2024-10-01T16:28:02.253+0000] {logging_mixin.py:151} INFO - [2024-10-01T16:28:02.252+0000] {dagbag.py:539} INFO - Filling up the DagBag from /opt/airflow/dags/jdsports_dag.py
[2024-10-01T16:28:02.834+0000] {processor.py:839} INFO - DAG(s) dict_keys(['etl_jd_pipeline']) retrieved from /opt/airflow/dags/jdsports_dag.py
[2024-10-01T16:28:02.870+0000] {logging_mixin.py:151} INFO - [2024-10-01T16:28:02.870+0000] {dag.py:2915} INFO - Sync 1 DAGs
[2024-10-01T16:28:02.903+0000] {logging_mixin.py:151} INFO - [2024-10-01T16:28:02.903+0000] {dag.py:3696} INFO - Setting next_dagrun for etl_jd_pipeline to 2024-10-01T00:00:00+00:00, run_after=2024-10-02T00:00:00+00:00
[2024-10-01T16:28:02.930+0000] {processor.py:179} INFO - Processing /opt/airflow/dags/jdsports_dag.py took 0.686 seconds
[2024-10-01T16:28:33.128+0000] {processor.py:157} INFO - Started process (PID=131) to work on /opt/airflow/dags/jdsports_dag.py
[2024-10-01T16:28:33.129+0000] {processor.py:829} INFO - Processing file /opt/airflow/dags/jdsports_dag.py for tasks to queue
[2024-10-01T16:28:33.131+0000] {logging_mixin.py:151} INFO - [2024-10-01T16:28:33.130+0000] {dagbag.py:539} INFO - Filling up the DagBag from /opt/airflow/dags/jdsports_dag.py
[2024-10-01T16:28:33.721+0000] {processor.py:839} INFO - DAG(s) dict_keys(['etl_jd_pipeline']) retrieved from /opt/airflow/dags/jdsports_dag.py
[2024-10-01T16:28:33.753+0000] {logging_mixin.py:151} INFO - [2024-10-01T16:28:33.753+0000] {dag.py:2915} INFO - Sync 1 DAGs
[2024-10-01T16:28:33.781+0000] {logging_mixin.py:151} INFO - [2024-10-01T16:28:33.780+0000] {dag.py:3696} INFO - Setting next_dagrun for etl_jd_pipeline to 2024-10-01T00:00:00+00:00, run_after=2024-10-02T00:00:00+00:00
[2024-10-01T16:28:34.042+0000] {processor.py:179} INFO - Processing /opt/airflow/dags/jdsports_dag.py took 0.920 seconds
[2024-10-01T16:29:04.213+0000] {processor.py:157} INFO - Started process (PID=133) to work on /opt/airflow/dags/jdsports_dag.py
[2024-10-01T16:29:04.214+0000] {processor.py:829} INFO - Processing file /opt/airflow/dags/jdsports_dag.py for tasks to queue
[2024-10-01T16:29:04.216+0000] {logging_mixin.py:151} INFO - [2024-10-01T16:29:04.215+0000] {dagbag.py:539} INFO - Filling up the DagBag from /opt/airflow/dags/jdsports_dag.py
[2024-10-01T16:29:04.809+0000] {processor.py:839} INFO - DAG(s) dict_keys(['etl_jd_pipeline']) retrieved from /opt/airflow/dags/jdsports_dag.py
[2024-10-01T16:29:04.842+0000] {logging_mixin.py:151} INFO - [2024-10-01T16:29:04.842+0000] {dag.py:2915} INFO - Sync 1 DAGs
[2024-10-01T16:29:04.870+0000] {logging_mixin.py:151} INFO - [2024-10-01T16:29:04.870+0000] {dag.py:3696} INFO - Setting next_dagrun for etl_jd_pipeline to 2024-10-01T00:00:00+00:00, run_after=2024-10-02T00:00:00+00:00
[2024-10-01T16:29:05.070+0000] {processor.py:179} INFO - Processing /opt/airflow/dags/jdsports_dag.py took 0.861 seconds
[2024-10-01T16:29:35.236+0000] {processor.py:157} INFO - Started process (PID=135) to work on /opt/airflow/dags/jdsports_dag.py
[2024-10-01T16:29:35.238+0000] {processor.py:829} INFO - Processing file /opt/airflow/dags/jdsports_dag.py for tasks to queue
[2024-10-01T16:29:35.239+0000] {logging_mixin.py:151} INFO - [2024-10-01T16:29:35.239+0000] {dagbag.py:539} INFO - Filling up the DagBag from /opt/airflow/dags/jdsports_dag.py
[2024-10-01T16:29:35.778+0000] {processor.py:839} INFO - DAG(s) dict_keys(['etl_jd_pipeline']) retrieved from /opt/airflow/dags/jdsports_dag.py
[2024-10-01T16:29:35.816+0000] {logging_mixin.py:151} INFO - [2024-10-01T16:29:35.816+0000] {dag.py:2915} INFO - Sync 1 DAGs
[2024-10-01T16:29:36.040+0000] {logging_mixin.py:151} INFO - [2024-10-01T16:29:36.040+0000] {dag.py:3696} INFO - Setting next_dagrun for etl_jd_pipeline to 2024-10-01T00:00:00+00:00, run_after=2024-10-02T00:00:00+00:00
[2024-10-01T16:29:36.066+0000] {processor.py:179} INFO - Processing /opt/airflow/dags/jdsports_dag.py took 0.834 seconds
[2024-10-01T16:30:06.226+0000] {processor.py:157} INFO - Started process (PID=137) to work on /opt/airflow/dags/jdsports_dag.py
[2024-10-01T16:30:06.227+0000] {processor.py:829} INFO - Processing file /opt/airflow/dags/jdsports_dag.py for tasks to queue
[2024-10-01T16:30:06.228+0000] {logging_mixin.py:151} INFO - [2024-10-01T16:30:06.228+0000] {dagbag.py:539} INFO - Filling up the DagBag from /opt/airflow/dags/jdsports_dag.py
[2024-10-01T16:30:06.881+0000] {processor.py:839} INFO - DAG(s) dict_keys(['etl_jd_pipeline']) retrieved from /opt/airflow/dags/jdsports_dag.py
[2024-10-01T16:30:06.952+0000] {logging_mixin.py:151} INFO - [2024-10-01T16:30:06.952+0000] {dag.py:2915} INFO - Sync 1 DAGs
[2024-10-01T16:30:06.985+0000] {logging_mixin.py:151} INFO - [2024-10-01T16:30:06.985+0000] {dag.py:3696} INFO - Setting next_dagrun for etl_jd_pipeline to 2024-10-01T00:00:00+00:00, run_after=2024-10-02T00:00:00+00:00
[2024-10-01T16:30:07.012+0000] {processor.py:179} INFO - Processing /opt/airflow/dags/jdsports_dag.py took 0.793 seconds
[2024-10-01T16:30:37.163+0000] {processor.py:157} INFO - Started process (PID=139) to work on /opt/airflow/dags/jdsports_dag.py
[2024-10-01T16:30:37.164+0000] {processor.py:829} INFO - Processing file /opt/airflow/dags/jdsports_dag.py for tasks to queue
[2024-10-01T16:30:37.165+0000] {logging_mixin.py:151} INFO - [2024-10-01T16:30:37.165+0000] {dagbag.py:539} INFO - Filling up the DagBag from /opt/airflow/dags/jdsports_dag.py
[2024-10-01T16:30:37.754+0000] {processor.py:839} INFO - DAG(s) dict_keys(['etl_jd_pipeline']) retrieved from /opt/airflow/dags/jdsports_dag.py
[2024-10-01T16:30:37.795+0000] {logging_mixin.py:151} INFO - [2024-10-01T16:30:37.794+0000] {dag.py:2915} INFO - Sync 1 DAGs
[2024-10-01T16:30:37.822+0000] {logging_mixin.py:151} INFO - [2024-10-01T16:30:37.822+0000] {dag.py:3696} INFO - Setting next_dagrun for etl_jd_pipeline to 2024-10-01T00:00:00+00:00, run_after=2024-10-02T00:00:00+00:00
[2024-10-01T16:30:37.851+0000] {processor.py:179} INFO - Processing /opt/airflow/dags/jdsports_dag.py took 0.694 seconds
[2024-10-01T16:31:08.008+0000] {processor.py:157} INFO - Started process (PID=141) to work on /opt/airflow/dags/jdsports_dag.py
[2024-10-01T16:31:08.012+0000] {processor.py:829} INFO - Processing file /opt/airflow/dags/jdsports_dag.py for tasks to queue
[2024-10-01T16:31:08.015+0000] {logging_mixin.py:151} INFO - [2024-10-01T16:31:08.013+0000] {dagbag.py:539} INFO - Filling up the DagBag from /opt/airflow/dags/jdsports_dag.py
[2024-10-01T16:31:08.714+0000] {processor.py:839} INFO - DAG(s) dict_keys(['etl_jd_pipeline']) retrieved from /opt/airflow/dags/jdsports_dag.py
[2024-10-01T16:31:08.750+0000] {logging_mixin.py:151} INFO - [2024-10-01T16:31:08.750+0000] {dag.py:2915} INFO - Sync 1 DAGs
[2024-10-01T16:31:08.782+0000] {logging_mixin.py:151} INFO - [2024-10-01T16:31:08.782+0000] {dag.py:3696} INFO - Setting next_dagrun for etl_jd_pipeline to 2024-10-01T00:00:00+00:00, run_after=2024-10-02T00:00:00+00:00
[2024-10-01T16:31:08.809+0000] {processor.py:179} INFO - Processing /opt/airflow/dags/jdsports_dag.py took 0.806 seconds
[2024-10-01T16:31:38.966+0000] {processor.py:157} INFO - Started process (PID=143) to work on /opt/airflow/dags/jdsports_dag.py
[2024-10-01T16:31:38.968+0000] {processor.py:829} INFO - Processing file /opt/airflow/dags/jdsports_dag.py for tasks to queue
[2024-10-01T16:31:38.972+0000] {logging_mixin.py:151} INFO - [2024-10-01T16:31:38.971+0000] {dagbag.py:539} INFO - Filling up the DagBag from /opt/airflow/dags/jdsports_dag.py
[2024-10-01T16:31:39.762+0000] {processor.py:839} INFO - DAG(s) dict_keys(['etl_jd_pipeline']) retrieved from /opt/airflow/dags/jdsports_dag.py
[2024-10-01T16:31:39.834+0000] {logging_mixin.py:151} INFO - [2024-10-01T16:31:39.834+0000] {dag.py:2915} INFO - Sync 1 DAGs
[2024-10-01T16:31:39.869+0000] {logging_mixin.py:151} INFO - [2024-10-01T16:31:39.869+0000] {dag.py:3696} INFO - Setting next_dagrun for etl_jd_pipeline to 2024-10-01T00:00:00+00:00, run_after=2024-10-02T00:00:00+00:00
[2024-10-01T16:31:40.114+0000] {processor.py:179} INFO - Processing /opt/airflow/dags/jdsports_dag.py took 1.156 seconds
[2024-10-01T16:32:10.254+0000] {processor.py:157} INFO - Started process (PID=145) to work on /opt/airflow/dags/jdsports_dag.py
[2024-10-01T16:32:10.256+0000] {processor.py:829} INFO - Processing file /opt/airflow/dags/jdsports_dag.py for tasks to queue
[2024-10-01T16:32:10.257+0000] {logging_mixin.py:151} INFO - [2024-10-01T16:32:10.256+0000] {dagbag.py:539} INFO - Filling up the DagBag from /opt/airflow/dags/jdsports_dag.py
[2024-10-01T16:32:10.892+0000] {processor.py:839} INFO - DAG(s) dict_keys(['etl_jd_pipeline']) retrieved from /opt/airflow/dags/jdsports_dag.py
[2024-10-01T16:32:10.927+0000] {logging_mixin.py:151} INFO - [2024-10-01T16:32:10.926+0000] {dag.py:2915} INFO - Sync 1 DAGs
[2024-10-01T16:32:11.141+0000] {logging_mixin.py:151} INFO - [2024-10-01T16:32:11.140+0000] {dag.py:3696} INFO - Setting next_dagrun for etl_jd_pipeline to 2024-10-01T00:00:00+00:00, run_after=2024-10-02T00:00:00+00:00
[2024-10-01T16:32:11.180+0000] {processor.py:179} INFO - Processing /opt/airflow/dags/jdsports_dag.py took 0.930 seconds
[2024-10-01T16:32:41.273+0000] {processor.py:157} INFO - Started process (PID=147) to work on /opt/airflow/dags/jdsports_dag.py
[2024-10-01T16:32:41.278+0000] {processor.py:829} INFO - Processing file /opt/airflow/dags/jdsports_dag.py for tasks to queue
[2024-10-01T16:32:41.279+0000] {logging_mixin.py:151} INFO - [2024-10-01T16:32:41.279+0000] {dagbag.py:539} INFO - Filling up the DagBag from /opt/airflow/dags/jdsports_dag.py
[2024-10-01T16:32:41.812+0000] {processor.py:839} INFO - DAG(s) dict_keys(['etl_jd_pipeline']) retrieved from /opt/airflow/dags/jdsports_dag.py
[2024-10-01T16:32:41.850+0000] {logging_mixin.py:151} INFO - [2024-10-01T16:32:41.850+0000] {dag.py:2915} INFO - Sync 1 DAGs
[2024-10-01T16:32:41.876+0000] {logging_mixin.py:151} INFO - [2024-10-01T16:32:41.876+0000] {dag.py:3696} INFO - Setting next_dagrun for etl_jd_pipeline to 2024-10-01T00:00:00+00:00, run_after=2024-10-02T00:00:00+00:00
[2024-10-01T16:32:41.898+0000] {processor.py:179} INFO - Processing /opt/airflow/dags/jdsports_dag.py took 0.629 seconds
[2024-10-01T16:33:12.073+0000] {processor.py:157} INFO - Started process (PID=149) to work on /opt/airflow/dags/jdsports_dag.py
[2024-10-01T16:33:12.075+0000] {processor.py:829} INFO - Processing file /opt/airflow/dags/jdsports_dag.py for tasks to queue
[2024-10-01T16:33:12.076+0000] {logging_mixin.py:151} INFO - [2024-10-01T16:33:12.076+0000] {dagbag.py:539} INFO - Filling up the DagBag from /opt/airflow/dags/jdsports_dag.py
[2024-10-01T16:33:12.730+0000] {processor.py:839} INFO - DAG(s) dict_keys(['etl_jd_pipeline']) retrieved from /opt/airflow/dags/jdsports_dag.py
[2024-10-01T16:33:12.768+0000] {logging_mixin.py:151} INFO - [2024-10-01T16:33:12.768+0000] {dag.py:2915} INFO - Sync 1 DAGs
[2024-10-01T16:33:12.799+0000] {logging_mixin.py:151} INFO - [2024-10-01T16:33:12.798+0000] {dag.py:3696} INFO - Setting next_dagrun for etl_jd_pipeline to 2024-10-01T00:00:00+00:00, run_after=2024-10-02T00:00:00+00:00
[2024-10-01T16:33:12.834+0000] {processor.py:179} INFO - Processing /opt/airflow/dags/jdsports_dag.py took 0.765 seconds
[2024-10-01T16:33:42.997+0000] {processor.py:157} INFO - Started process (PID=151) to work on /opt/airflow/dags/jdsports_dag.py
[2024-10-01T16:33:42.999+0000] {processor.py:829} INFO - Processing file /opt/airflow/dags/jdsports_dag.py for tasks to queue
[2024-10-01T16:33:43.000+0000] {logging_mixin.py:151} INFO - [2024-10-01T16:33:42.999+0000] {dagbag.py:539} INFO - Filling up the DagBag from /opt/airflow/dags/jdsports_dag.py
[2024-10-01T16:33:43.679+0000] {processor.py:839} INFO - DAG(s) dict_keys(['etl_jd_pipeline']) retrieved from /opt/airflow/dags/jdsports_dag.py
[2024-10-01T16:33:43.716+0000] {logging_mixin.py:151} INFO - [2024-10-01T16:33:43.716+0000] {dag.py:2915} INFO - Sync 1 DAGs
[2024-10-01T16:33:43.748+0000] {logging_mixin.py:151} INFO - [2024-10-01T16:33:43.748+0000] {dag.py:3696} INFO - Setting next_dagrun for etl_jd_pipeline to 2024-10-01T00:00:00+00:00, run_after=2024-10-02T00:00:00+00:00
[2024-10-01T16:33:43.779+0000] {processor.py:179} INFO - Processing /opt/airflow/dags/jdsports_dag.py took 0.793 seconds
[2024-10-01T16:34:13.934+0000] {processor.py:157} INFO - Started process (PID=153) to work on /opt/airflow/dags/jdsports_dag.py
[2024-10-01T16:34:13.935+0000] {processor.py:829} INFO - Processing file /opt/airflow/dags/jdsports_dag.py for tasks to queue
[2024-10-01T16:34:13.937+0000] {logging_mixin.py:151} INFO - [2024-10-01T16:34:13.936+0000] {dagbag.py:539} INFO - Filling up the DagBag from /opt/airflow/dags/jdsports_dag.py
[2024-10-01T16:34:14.513+0000] {processor.py:839} INFO - DAG(s) dict_keys(['etl_jd_pipeline']) retrieved from /opt/airflow/dags/jdsports_dag.py
[2024-10-01T16:34:14.548+0000] {logging_mixin.py:151} INFO - [2024-10-01T16:34:14.548+0000] {dag.py:2915} INFO - Sync 1 DAGs
[2024-10-01T16:34:14.575+0000] {logging_mixin.py:151} INFO - [2024-10-01T16:34:14.574+0000] {dag.py:3696} INFO - Setting next_dagrun for etl_jd_pipeline to 2024-10-01T00:00:00+00:00, run_after=2024-10-02T00:00:00+00:00
[2024-10-01T16:34:14.598+0000] {processor.py:179} INFO - Processing /opt/airflow/dags/jdsports_dag.py took 0.669 seconds
[2024-10-01T16:34:44.771+0000] {processor.py:157} INFO - Started process (PID=155) to work on /opt/airflow/dags/jdsports_dag.py
[2024-10-01T16:34:44.774+0000] {processor.py:829} INFO - Processing file /opt/airflow/dags/jdsports_dag.py for tasks to queue
[2024-10-01T16:34:44.776+0000] {logging_mixin.py:151} INFO - [2024-10-01T16:34:44.775+0000] {dagbag.py:539} INFO - Filling up the DagBag from /opt/airflow/dags/jdsports_dag.py
[2024-10-01T16:34:45.545+0000] {processor.py:839} INFO - DAG(s) dict_keys(['etl_jd_pipeline']) retrieved from /opt/airflow/dags/jdsports_dag.py
[2024-10-01T16:34:45.600+0000] {logging_mixin.py:151} INFO - [2024-10-01T16:34:45.600+0000] {dag.py:2915} INFO - Sync 1 DAGs
[2024-10-01T16:34:45.640+0000] {logging_mixin.py:151} INFO - [2024-10-01T16:34:45.639+0000] {dag.py:3696} INFO - Setting next_dagrun for etl_jd_pipeline to 2024-10-01T00:00:00+00:00, run_after=2024-10-02T00:00:00+00:00
[2024-10-01T16:34:45.945+0000] {processor.py:179} INFO - Processing /opt/airflow/dags/jdsports_dag.py took 1.182 seconds
