[2024-09-27T14:30:19.167+0000] {taskinstance.py:1157} INFO - Dependencies all met for dep_context=non-requeueable deps ti=<TaskInstance: etl_jd_pipeline.jdsport_extraction manual__2024-09-27T14:30:15.274570+00:00 [queued]>
[2024-09-27T14:30:19.180+0000] {taskinstance.py:1157} INFO - Dependencies all met for dep_context=requeueable deps ti=<TaskInstance: etl_jd_pipeline.jdsport_extraction manual__2024-09-27T14:30:15.274570+00:00 [queued]>
[2024-09-27T14:30:19.180+0000] {taskinstance.py:1359} INFO - Starting attempt 1 of 1
[2024-09-27T14:30:19.194+0000] {taskinstance.py:1380} INFO - Executing <Task(BashOperator): jdsport_extraction> on 2024-09-27 14:30:15.274570+00:00
[2024-09-27T14:30:19.202+0000] {standard_task_runner.py:57} INFO - Started process 46 to run task
[2024-09-27T14:30:19.212+0000] {standard_task_runner.py:84} INFO - Running: ['***', 'tasks', 'run', 'etl_jd_pipeline', 'jdsport_extraction', 'manual__2024-09-27T14:30:15.274570+00:00', '--job-id', '2', '--raw', '--subdir', 'DAGS_FOLDER/jdsports_dag.py', '--cfg-path', '/tmp/tmpov8bg01f']
[2024-09-27T14:30:19.219+0000] {standard_task_runner.py:85} INFO - Job 2: Subtask jdsport_extraction
[2024-09-27T14:30:19.306+0000] {task_command.py:415} INFO - Running <TaskInstance: etl_jd_pipeline.jdsport_extraction manual__2024-09-27T14:30:15.274570+00:00 [running]> on host 2e79752036ec
[2024-09-27T14:30:19.462+0000] {taskinstance.py:1660} INFO - Exporting env vars: AIRFLOW_CTX_DAG_OWNER='Biokpor Solomon' AIRFLOW_CTX_DAG_ID='etl_jd_pipeline' AIRFLOW_CTX_TASK_ID='jdsport_extraction' AIRFLOW_CTX_EXECUTION_DATE='2024-09-27T14:30:15.274570+00:00' AIRFLOW_CTX_TRY_NUMBER='1' AIRFLOW_CTX_DAG_RUN_ID='manual__2024-09-27T14:30:15.274570+00:00'
[2024-09-27T14:30:19.464+0000] {subprocess.py:63} INFO - Tmp dir root location: /tmp
[2024-09-27T14:30:19.465+0000] {subprocess.py:75} INFO - Running command: ['/bin/bash', '-c', 'cd /opt/***/fastfashion && scrapy crawl fast_fashion -o jdsportraw.csv']
[2024-09-27T14:30:19.481+0000] {subprocess.py:86} INFO - Output:
[2024-09-27T14:30:21.116+0000] {subprocess.py:93} INFO - 2024-09-27 14:30:21 [scrapy.utils.log] INFO: Scrapy 2.11.2 started (bot: fastfashion)
[2024-09-27T14:30:21.121+0000] {subprocess.py:93} INFO - 2024-09-27 14:30:21 [scrapy.utils.log] INFO: Versions: lxml 4.9.3.0, libxml2 2.10.3, cssselect 1.2.0, parsel 1.9.1, w3lib 2.2.1, Twisted 24.7.0, Python 3.9.18 (main, Sep  7 2023, 13:38:29) - [GCC 10.2.1 20210110], pyOpenSSL 23.2.0 (OpenSSL 3.1.2 1 Aug 2023), cryptography 41.0.3, Platform Linux-6.1.109-118.189.amzn2023.x86_64-x86_64-with-glibc2.31
[2024-09-27T14:30:21.125+0000] {subprocess.py:93} INFO - 2024-09-27 14:30:21 [scrapy.addons] INFO: Enabled addons:
[2024-09-27T14:30:21.126+0000] {subprocess.py:93} INFO - []
[2024-09-27T14:30:21.127+0000] {subprocess.py:93} INFO - 2024-09-27 14:30:21 [asyncio] DEBUG: Using selector: EpollSelector
[2024-09-27T14:30:21.127+0000] {subprocess.py:93} INFO - 2024-09-27 14:30:21 [scrapy.utils.log] DEBUG: Using reactor: twisted.internet.asyncioreactor.AsyncioSelectorReactor
[2024-09-27T14:30:21.127+0000] {subprocess.py:93} INFO - 2024-09-27 14:30:21 [scrapy.utils.log] DEBUG: Using asyncio event loop: asyncio.unix_events._UnixSelectorEventLoop
[2024-09-27T14:30:21.144+0000] {subprocess.py:93} INFO - 2024-09-27 14:30:21 [scrapy.extensions.telnet] INFO: Telnet Password: a0467f2f7a9d5e30
[2024-09-27T14:30:21.436+0000] {subprocess.py:93} INFO - 2024-09-27 14:30:21 [scrapy.middleware] INFO: Enabled extensions:
[2024-09-27T14:30:21.437+0000] {subprocess.py:93} INFO - ['scrapy.extensions.corestats.CoreStats',
[2024-09-27T14:30:21.437+0000] {subprocess.py:93} INFO -  'scrapy.extensions.telnet.TelnetConsole',
[2024-09-27T14:30:21.437+0000] {subprocess.py:93} INFO -  'scrapy.extensions.memusage.MemoryUsage',
[2024-09-27T14:30:21.437+0000] {subprocess.py:93} INFO -  'scrapy.extensions.feedexport.FeedExporter',
[2024-09-27T14:30:21.437+0000] {subprocess.py:93} INFO -  'scrapy.extensions.logstats.LogStats']
[2024-09-27T14:30:21.437+0000] {subprocess.py:93} INFO - 2024-09-27 14:30:21 [scrapy.crawler] INFO: Overridden settings:
[2024-09-27T14:30:21.438+0000] {subprocess.py:93} INFO - {'BOT_NAME': 'fastfashion',
[2024-09-27T14:30:21.438+0000] {subprocess.py:93} INFO -  'FEED_EXPORT_ENCODING': 'utf-8',
[2024-09-27T14:30:21.438+0000] {subprocess.py:93} INFO -  'NEWSPIDER_MODULE': 'fastfashion.spiders',
[2024-09-27T14:30:21.438+0000] {subprocess.py:93} INFO -  'REQUEST_FINGERPRINTER_IMPLEMENTATION': '2.7',
[2024-09-27T14:30:21.438+0000] {subprocess.py:93} INFO -  'ROBOTSTXT_OBEY': True,
[2024-09-27T14:30:21.438+0000] {subprocess.py:93} INFO -  'SPIDER_MODULES': ['fastfashion.spiders'],
[2024-09-27T14:30:21.438+0000] {subprocess.py:93} INFO -  'TWISTED_REACTOR': 'twisted.internet.asyncioreactor.AsyncioSelectorReactor'}
[2024-09-27T14:30:21.524+0000] {subprocess.py:93} INFO - 2024-09-27 14:30:21 [scrapy.middleware] INFO: Enabled downloader middlewares:
[2024-09-27T14:30:21.524+0000] {subprocess.py:93} INFO - ['scrapy.downloadermiddlewares.offsite.OffsiteMiddleware',
[2024-09-27T14:30:21.524+0000] {subprocess.py:93} INFO -  'scrapy.downloadermiddlewares.robotstxt.RobotsTxtMiddleware',
[2024-09-27T14:30:21.524+0000] {subprocess.py:93} INFO -  'scrapy.downloadermiddlewares.httpauth.HttpAuthMiddleware',
[2024-09-27T14:30:21.524+0000] {subprocess.py:93} INFO -  'scrapy.downloadermiddlewares.downloadtimeout.DownloadTimeoutMiddleware',
[2024-09-27T14:30:21.525+0000] {subprocess.py:93} INFO -  'scrapy.downloadermiddlewares.defaultheaders.DefaultHeadersMiddleware',
[2024-09-27T14:30:21.525+0000] {subprocess.py:93} INFO -  'scrapy.downloadermiddlewares.useragent.UserAgentMiddleware',
[2024-09-27T14:30:21.525+0000] {subprocess.py:93} INFO -  'scrapy.downloadermiddlewares.retry.RetryMiddleware',
[2024-09-27T14:30:21.525+0000] {subprocess.py:93} INFO -  'scrapy.downloadermiddlewares.redirect.MetaRefreshMiddleware',
[2024-09-27T14:30:21.525+0000] {subprocess.py:93} INFO -  'scrapy.downloadermiddlewares.httpcompression.HttpCompressionMiddleware',
[2024-09-27T14:30:21.525+0000] {subprocess.py:93} INFO -  'scrapy.downloadermiddlewares.redirect.RedirectMiddleware',
[2024-09-27T14:30:21.525+0000] {subprocess.py:93} INFO -  'scrapy.downloadermiddlewares.cookies.CookiesMiddleware',
[2024-09-27T14:30:21.525+0000] {subprocess.py:93} INFO -  'scrapy.downloadermiddlewares.httpproxy.HttpProxyMiddleware',
[2024-09-27T14:30:21.525+0000] {subprocess.py:93} INFO -  'scrapy.downloadermiddlewares.stats.DownloaderStats']
[2024-09-27T14:30:21.526+0000] {subprocess.py:93} INFO - 2024-09-27 14:30:21 [scrapy.middleware] INFO: Enabled spider middlewares:
[2024-09-27T14:30:21.526+0000] {subprocess.py:93} INFO - ['scrapy.spidermiddlewares.httperror.HttpErrorMiddleware',
[2024-09-27T14:30:21.526+0000] {subprocess.py:93} INFO -  'scrapy.spidermiddlewares.referer.RefererMiddleware',
[2024-09-27T14:30:21.526+0000] {subprocess.py:93} INFO -  'scrapy.spidermiddlewares.urllength.UrlLengthMiddleware',
[2024-09-27T14:30:21.526+0000] {subprocess.py:93} INFO -  'scrapy.spidermiddlewares.depth.DepthMiddleware']
[2024-09-27T14:30:21.526+0000] {subprocess.py:93} INFO - 2024-09-27 14:30:21 [scrapy.middleware] INFO: Enabled item pipelines:
[2024-09-27T14:30:21.526+0000] {subprocess.py:93} INFO - []
[2024-09-27T14:30:21.526+0000] {subprocess.py:93} INFO - 2024-09-27 14:30:21 [scrapy.core.engine] INFO: Spider opened
[2024-09-27T14:30:21.533+0000] {subprocess.py:93} INFO - 2024-09-27 14:30:21 [scrapy.extensions.logstats] INFO: Crawled 0 pages (at 0 pages/min), scraped 0 items (at 0 items/min)
[2024-09-27T14:30:21.534+0000] {subprocess.py:93} INFO - 2024-09-27 14:30:21 [scrapy.extensions.telnet] INFO: Telnet console listening on 127.0.0.1:6023
[2024-09-27T14:30:21.611+0000] {subprocess.py:93} INFO - 2024-09-27 14:30:21 [urllib3.connectionpool] DEBUG: Starting new HTTPS connection (1): publicsuffix.org:443
[2024-09-27T14:30:21.635+0000] {subprocess.py:93} INFO - 2024-09-27 14:30:21 [urllib3.connectionpool] DEBUG: https://publicsuffix.org:443 "GET /list/public_suffix_list.dat HTTP/1.1" 200 86537
[2024-09-27T14:30:21.767+0000] {subprocess.py:93} INFO - 2024-09-27 14:30:21 [scrapy.core.engine] DEBUG: Crawled (403) <GET https://www.jdsports.co.uk/robots.txt> (referer: None)
[2024-09-27T14:30:21.816+0000] {subprocess.py:93} INFO - 2024-09-27 14:30:21 [scrapy.core.engine] DEBUG: Crawled (403) <GET https://www.jdsports.co.uk/women/womens-footwear/> (referer: None)
[2024-09-27T14:30:21.826+0000] {subprocess.py:93} INFO - 2024-09-27 14:30:21 [scrapy.core.engine] DEBUG: Crawled (403) <GET https://www.jdsports.co.uk/men/mens-footwear/> (referer: None)
[2024-09-27T14:30:21.917+0000] {subprocess.py:93} INFO - 2024-09-27 14:30:21 [scrapy.spidermiddlewares.httperror] INFO: Ignoring response <403 https://www.jdsports.co.uk/women/womens-footwear/>: HTTP status code is not handled or not allowed
[2024-09-27T14:30:21.927+0000] {subprocess.py:93} INFO - 2024-09-27 14:30:21 [scrapy.spidermiddlewares.httperror] INFO: Ignoring response <403 https://www.jdsports.co.uk/men/mens-footwear/>: HTTP status code is not handled or not allowed
[2024-09-27T14:30:21.929+0000] {subprocess.py:93} INFO - 2024-09-27 14:30:21 [scrapy.core.engine] INFO: Closing spider (finished)
[2024-09-27T14:30:21.930+0000] {subprocess.py:93} INFO - 2024-09-27 14:30:21 [scrapy.extensions.feedexport] INFO: Stored csv feed (0 items) in: jdsportraw.csv
[2024-09-27T14:30:21.937+0000] {subprocess.py:93} INFO - 2024-09-27 14:30:21 [scrapy.statscollectors] INFO: Dumping Scrapy stats:
[2024-09-27T14:30:21.937+0000] {subprocess.py:93} INFO - {'downloader/request_bytes': 843,
[2024-09-27T14:30:21.937+0000] {subprocess.py:93} INFO -  'downloader/request_count': 3,
[2024-09-27T14:30:21.937+0000] {subprocess.py:93} INFO -  'downloader/request_method_count/GET': 3,
[2024-09-27T14:30:21.937+0000] {subprocess.py:93} INFO -  'downloader/response_bytes': 2170,
[2024-09-27T14:30:21.938+0000] {subprocess.py:93} INFO -  'downloader/response_count': 3,
[2024-09-27T14:30:21.938+0000] {subprocess.py:93} INFO -  'downloader/response_status_count/403': 3,
[2024-09-27T14:30:21.938+0000] {subprocess.py:93} INFO -  'elapsed_time_seconds': 0.396898,
[2024-09-27T14:30:21.938+0000] {subprocess.py:93} INFO -  'feedexport/success_count/FileFeedStorage': 1,
[2024-09-27T14:30:21.938+0000] {subprocess.py:93} INFO -  'finish_reason': 'finished',
[2024-09-27T14:30:21.938+0000] {subprocess.py:93} INFO -  'finish_time': datetime.datetime(2024, 9, 27, 14, 30, 21, 929691, tzinfo=datetime.timezone.utc),
[2024-09-27T14:30:21.938+0000] {subprocess.py:93} INFO -  'httperror/response_ignored_count': 2,
[2024-09-27T14:30:21.938+0000] {subprocess.py:93} INFO -  'httperror/response_ignored_status_count/403': 2,
[2024-09-27T14:30:21.938+0000] {subprocess.py:93} INFO -  'log_count/DEBUG': 8,
[2024-09-27T14:30:21.938+0000] {subprocess.py:93} INFO -  'log_count/INFO': 13,
[2024-09-27T14:30:21.939+0000] {subprocess.py:93} INFO -  'memusage/max': 225165312,
[2024-09-27T14:30:21.939+0000] {subprocess.py:93} INFO -  'memusage/startup': 225165312,
[2024-09-27T14:30:21.939+0000] {subprocess.py:93} INFO -  'response_received_count': 3,
[2024-09-27T14:30:21.939+0000] {subprocess.py:93} INFO -  'robotstxt/request_count': 1,
[2024-09-27T14:30:21.939+0000] {subprocess.py:93} INFO -  'robotstxt/response_count': 1,
[2024-09-27T14:30:21.939+0000] {subprocess.py:93} INFO -  'robotstxt/response_status_count/403': 1,
[2024-09-27T14:30:21.939+0000] {subprocess.py:93} INFO -  'scheduler/dequeued': 2,
[2024-09-27T14:30:21.939+0000] {subprocess.py:93} INFO -  'scheduler/dequeued/memory': 2,
[2024-09-27T14:30:21.940+0000] {subprocess.py:93} INFO -  'scheduler/enqueued': 2,
[2024-09-27T14:30:21.940+0000] {subprocess.py:93} INFO -  'scheduler/enqueued/memory': 2,
[2024-09-27T14:30:21.940+0000] {subprocess.py:93} INFO -  'start_time': datetime.datetime(2024, 9, 27, 14, 30, 21, 532793, tzinfo=datetime.timezone.utc)}
[2024-09-27T14:30:21.940+0000] {subprocess.py:93} INFO - 2024-09-27 14:30:21 [scrapy.core.engine] INFO: Spider closed (finished)
[2024-09-27T14:30:22.216+0000] {subprocess.py:97} INFO - Command exited with return code 0
[2024-09-27T14:30:22.271+0000] {taskinstance.py:1398} INFO - Marking task as SUCCESS. dag_id=etl_jd_pipeline, task_id=jdsport_extraction, execution_date=20240927T143015, start_date=20240927T143019, end_date=20240927T143022
[2024-09-27T14:30:22.315+0000] {local_task_job_runner.py:228} INFO - Task exited with return code 0
[2024-09-27T14:30:22.371+0000] {taskinstance.py:2776} INFO - 1 downstream tasks scheduled from follow-on schedule check
