[2024-09-27T10:19:03.561+0000] {taskinstance.py:1157} INFO - Dependencies all met for dep_context=non-requeueable deps ti=<TaskInstance: etl_jd_pipeline.jdsport_extraction manual__2024-09-27T10:19:00.617828+00:00 [queued]>
[2024-09-27T10:19:03.587+0000] {taskinstance.py:1157} INFO - Dependencies all met for dep_context=requeueable deps ti=<TaskInstance: etl_jd_pipeline.jdsport_extraction manual__2024-09-27T10:19:00.617828+00:00 [queued]>
[2024-09-27T10:19:03.588+0000] {taskinstance.py:1359} INFO - Starting attempt 1 of 1
[2024-09-27T10:19:03.905+0000] {taskinstance.py:1380} INFO - Executing <Task(BashOperator): jdsport_extraction> on 2024-09-27 10:19:00.617828+00:00
[2024-09-27T10:19:03.921+0000] {standard_task_runner.py:57} INFO - Started process 45 to run task
[2024-09-27T10:19:03.931+0000] {standard_task_runner.py:84} INFO - Running: ['***', 'tasks', 'run', 'etl_jd_pipeline', 'jdsport_extraction', 'manual__2024-09-27T10:19:00.617828+00:00', '--job-id', '2', '--raw', '--subdir', 'DAGS_FOLDER/jdsports_dag.py', '--cfg-path', '/tmp/tmpiyfldspf']
[2024-09-27T10:19:03.939+0000] {standard_task_runner.py:85} INFO - Job 2: Subtask jdsport_extraction
[2024-09-27T10:19:04.039+0000] {task_command.py:415} INFO - Running <TaskInstance: etl_jd_pipeline.jdsport_extraction manual__2024-09-27T10:19:00.617828+00:00 [running]> on host 304a62aaae75
[2024-09-27T10:19:04.159+0000] {taskinstance.py:1660} INFO - Exporting env vars: AIRFLOW_CTX_DAG_OWNER='Biokpor Solomon' AIRFLOW_CTX_DAG_ID='etl_jd_pipeline' AIRFLOW_CTX_TASK_ID='jdsport_extraction' AIRFLOW_CTX_EXECUTION_DATE='2024-09-27T10:19:00.617828+00:00' AIRFLOW_CTX_TRY_NUMBER='1' AIRFLOW_CTX_DAG_RUN_ID='manual__2024-09-27T10:19:00.617828+00:00'
[2024-09-27T10:19:04.161+0000] {subprocess.py:63} INFO - Tmp dir root location: /tmp
[2024-09-27T10:19:04.162+0000] {subprocess.py:75} INFO - Running command: ['/bin/bash', '-c', 'cd /opt/***/fastfashion && scrapy crawl fast_fashion -o jdsport.json']
[2024-09-27T10:19:04.178+0000] {subprocess.py:86} INFO - Output:
[2024-09-27T10:19:05.720+0000] {subprocess.py:93} INFO - 2024-09-27 10:19:05 [scrapy.utils.log] INFO: Scrapy 2.11.2 started (bot: fastfashion)
[2024-09-27T10:19:05.732+0000] {subprocess.py:93} INFO - 2024-09-27 10:19:05 [scrapy.utils.log] INFO: Versions: lxml 4.9.3.0, libxml2 2.10.3, cssselect 1.2.0, parsel 1.9.1, w3lib 2.2.1, Twisted 24.7.0, Python 3.9.18 (main, Sep  7 2023, 13:38:29) - [GCC 10.2.1 20210110], pyOpenSSL 23.2.0 (OpenSSL 3.1.2 1 Aug 2023), cryptography 41.0.3, Platform Linux-6.1.109-118.189.amzn2023.x86_64-x86_64-with-glibc2.31
[2024-09-27T10:19:05.736+0000] {subprocess.py:93} INFO - 2024-09-27 10:19:05 [scrapy.addons] INFO: Enabled addons:
[2024-09-27T10:19:05.736+0000] {subprocess.py:93} INFO - []
[2024-09-27T10:19:05.737+0000] {subprocess.py:93} INFO - 2024-09-27 10:19:05 [asyncio] DEBUG: Using selector: EpollSelector
[2024-09-27T10:19:05.738+0000] {subprocess.py:93} INFO - 2024-09-27 10:19:05 [scrapy.utils.log] DEBUG: Using reactor: twisted.internet.asyncioreactor.AsyncioSelectorReactor
[2024-09-27T10:19:05.738+0000] {subprocess.py:93} INFO - 2024-09-27 10:19:05 [scrapy.utils.log] DEBUG: Using asyncio event loop: asyncio.unix_events._UnixSelectorEventLoop
[2024-09-27T10:19:05.753+0000] {subprocess.py:93} INFO - 2024-09-27 10:19:05 [scrapy.extensions.telnet] INFO: Telnet Password: 1818e4b7684913f9
[2024-09-27T10:19:06.258+0000] {subprocess.py:93} INFO - 2024-09-27 10:19:06 [scrapy.middleware] INFO: Enabled extensions:
[2024-09-27T10:19:06.258+0000] {subprocess.py:93} INFO - ['scrapy.extensions.corestats.CoreStats',
[2024-09-27T10:19:06.259+0000] {subprocess.py:93} INFO -  'scrapy.extensions.telnet.TelnetConsole',
[2024-09-27T10:19:06.259+0000] {subprocess.py:93} INFO -  'scrapy.extensions.memusage.MemoryUsage',
[2024-09-27T10:19:06.259+0000] {subprocess.py:93} INFO -  'scrapy.extensions.feedexport.FeedExporter',
[2024-09-27T10:19:06.259+0000] {subprocess.py:93} INFO -  'scrapy.extensions.logstats.LogStats']
[2024-09-27T10:19:06.259+0000] {subprocess.py:93} INFO - 2024-09-27 10:19:06 [scrapy.crawler] INFO: Overridden settings:
[2024-09-27T10:19:06.260+0000] {subprocess.py:93} INFO - {'BOT_NAME': 'fastfashion',
[2024-09-27T10:19:06.260+0000] {subprocess.py:93} INFO -  'FEED_EXPORT_ENCODING': 'utf-8',
[2024-09-27T10:19:06.260+0000] {subprocess.py:93} INFO -  'NEWSPIDER_MODULE': 'fastfashion.spiders',
[2024-09-27T10:19:06.260+0000] {subprocess.py:93} INFO -  'REQUEST_FINGERPRINTER_IMPLEMENTATION': '2.7',
[2024-09-27T10:19:06.260+0000] {subprocess.py:93} INFO -  'ROBOTSTXT_OBEY': True,
[2024-09-27T10:19:06.261+0000] {subprocess.py:93} INFO -  'SPIDER_MODULES': ['fastfashion.spiders'],
[2024-09-27T10:19:06.261+0000] {subprocess.py:93} INFO -  'TWISTED_REACTOR': 'twisted.internet.asyncioreactor.AsyncioSelectorReactor'}
[2024-09-27T10:19:06.365+0000] {subprocess.py:93} INFO - 2024-09-27 10:19:06 [scrapy.middleware] INFO: Enabled downloader middlewares:
[2024-09-27T10:19:06.366+0000] {subprocess.py:93} INFO - ['scrapy.downloadermiddlewares.offsite.OffsiteMiddleware',
[2024-09-27T10:19:06.366+0000] {subprocess.py:93} INFO -  'scrapy.downloadermiddlewares.robotstxt.RobotsTxtMiddleware',
[2024-09-27T10:19:06.367+0000] {subprocess.py:93} INFO -  'scrapy.downloadermiddlewares.httpauth.HttpAuthMiddleware',
[2024-09-27T10:19:06.367+0000] {subprocess.py:93} INFO -  'scrapy.downloadermiddlewares.downloadtimeout.DownloadTimeoutMiddleware',
[2024-09-27T10:19:06.367+0000] {subprocess.py:93} INFO -  'scrapy.downloadermiddlewares.defaultheaders.DefaultHeadersMiddleware',
[2024-09-27T10:19:06.367+0000] {subprocess.py:93} INFO -  'scrapy.downloadermiddlewares.useragent.UserAgentMiddleware',
[2024-09-27T10:19:06.368+0000] {subprocess.py:93} INFO -  'scrapy.downloadermiddlewares.retry.RetryMiddleware',
[2024-09-27T10:19:06.369+0000] {subprocess.py:93} INFO -  'scrapy.downloadermiddlewares.redirect.MetaRefreshMiddleware',
[2024-09-27T10:19:06.369+0000] {subprocess.py:93} INFO -  'scrapy.downloadermiddlewares.httpcompression.HttpCompressionMiddleware',
[2024-09-27T10:19:06.369+0000] {subprocess.py:93} INFO -  'scrapy.downloadermiddlewares.redirect.RedirectMiddleware',
[2024-09-27T10:19:06.369+0000] {subprocess.py:93} INFO -  'scrapy.downloadermiddlewares.cookies.CookiesMiddleware',
[2024-09-27T10:19:06.370+0000] {subprocess.py:93} INFO -  'scrapy.downloadermiddlewares.httpproxy.HttpProxyMiddleware',
[2024-09-27T10:19:06.370+0000] {subprocess.py:93} INFO -  'scrapy.downloadermiddlewares.stats.DownloaderStats']
[2024-09-27T10:19:06.371+0000] {subprocess.py:93} INFO - 2024-09-27 10:19:06 [scrapy.middleware] INFO: Enabled spider middlewares:
[2024-09-27T10:19:06.371+0000] {subprocess.py:93} INFO - ['scrapy.spidermiddlewares.httperror.HttpErrorMiddleware',
[2024-09-27T10:19:06.371+0000] {subprocess.py:93} INFO -  'scrapy.spidermiddlewares.referer.RefererMiddleware',
[2024-09-27T10:19:06.372+0000] {subprocess.py:93} INFO -  'scrapy.spidermiddlewares.urllength.UrlLengthMiddleware',
[2024-09-27T10:19:06.372+0000] {subprocess.py:93} INFO -  'scrapy.spidermiddlewares.depth.DepthMiddleware']
[2024-09-27T10:19:06.372+0000] {subprocess.py:93} INFO - 2024-09-27 10:19:06 [scrapy.middleware] INFO: Enabled item pipelines:
[2024-09-27T10:19:06.372+0000] {subprocess.py:93} INFO - []
[2024-09-27T10:19:06.373+0000] {subprocess.py:93} INFO - 2024-09-27 10:19:06 [scrapy.core.engine] INFO: Spider opened
[2024-09-27T10:19:06.391+0000] {subprocess.py:93} INFO - 2024-09-27 10:19:06 [scrapy.extensions.logstats] INFO: Crawled 0 pages (at 0 pages/min), scraped 0 items (at 0 items/min)
[2024-09-27T10:19:06.394+0000] {subprocess.py:93} INFO - 2024-09-27 10:19:06 [scrapy.extensions.telnet] INFO: Telnet console listening on 127.0.0.1:6023
[2024-09-27T10:19:06.543+0000] {subprocess.py:93} INFO - 2024-09-27 10:19:06 [urllib3.connectionpool] DEBUG: Starting new HTTPS connection (1): publicsuffix.org:443
[2024-09-27T10:19:06.570+0000] {subprocess.py:93} INFO - 2024-09-27 10:19:06 [urllib3.connectionpool] DEBUG: https://publicsuffix.org:443 "GET /list/public_suffix_list.dat HTTP/1.1" 200 86537
[2024-09-27T10:19:06.743+0000] {subprocess.py:93} INFO - 2024-09-27 10:19:06 [scrapy.core.engine] DEBUG: Crawled (200) <GET https://www.jdsports.co.uk/robots.txt> (referer: None)
[2024-09-27T10:19:06.864+0000] {subprocess.py:93} INFO - 2024-09-27 10:19:06 [scrapy.core.engine] DEBUG: Crawled (200) <GET https://www.jdsports.co.uk/men/mens-footwear/> (referer: None)
[2024-09-27T10:19:06.927+0000] {subprocess.py:93} INFO - 2024-09-27 10:19:06 [scrapy.core.engine] DEBUG: Crawled (200) <GET https://www.jdsports.co.uk/women/womens-footwear/> (referer: None)
[2024-09-27T10:19:07.074+0000] {subprocess.py:93} INFO - 2024-09-27 10:19:07 [scrapy.core.engine] DEBUG: Crawled (200) <GET https://www.jdsports.co.uk/product/grey-nike-air-max-95/19645973/> (referer: https://www.jdsports.co.uk/men/mens-footwear/)
[2024-09-27T10:19:07.222+0000] {subprocess.py:93} INFO - 2024-09-27 10:19:07 [scrapy.core.scraper] DEBUG: Scraped from <200 https://www.jdsports.co.uk/product/grey-nike-air-max-95/19645973/>
[2024-09-27T10:19:07.223+0000] {subprocess.py:93} INFO - {'brand': 'Nike',
[2024-09-27T10:19:07.223+0000] {subprocess.py:93} INFO -  'category': 'Footwear',
[2024-09-27T10:19:07.223+0000] {subprocess.py:93} INFO -  'gender': 'Mens Footwear',
[2024-09-27T10:19:07.223+0000] {subprocess.py:93} INFO -  'images': ['https://i8.amplience.net/i/jpl/jd_707948_a?qlt=92&w=750&h=531&v=1&fmt=auto '
[2024-09-27T10:19:07.224+0000] {subprocess.py:93} INFO -             '1x,\n'
[2024-09-27T10:19:07.224+0000] {subprocess.py:93} INFO -             '                '
[2024-09-27T10:19:07.224+0000] {subprocess.py:93} INFO -             'https://i8.amplience.net/i/jpl/jd_707948_a?qlt=92&w=950&h=673&v=1&fmt=auto '
[2024-09-27T10:19:07.224+0000] {subprocess.py:93} INFO -             '2x,\n'
[2024-09-27T10:19:07.224+0000] {subprocess.py:93} INFO -             '                '
[2024-09-27T10:19:07.225+0000] {subprocess.py:93} INFO -             'https://i8.amplience.net/i/jpl/jd_707948_a?qlt=92&w=1200&h=850&v=1&fmt=auto '
[2024-09-27T10:19:07.225+0000] {subprocess.py:93} INFO -             '3x',
[2024-09-27T10:19:07.225+0000] {subprocess.py:93} INFO -             'https://i8.amplience.net/i/jpl/jd_707948_b?qlt=92&w=750&h=531&v=1&fmt=auto '
[2024-09-27T10:19:07.225+0000] {subprocess.py:93} INFO -             '1x,\n'
[2024-09-27T10:19:07.225+0000] {subprocess.py:93} INFO -             '                '
[2024-09-27T10:19:07.225+0000] {subprocess.py:93} INFO -             'https://i8.amplience.net/i/jpl/jd_707948_b?qlt=92&w=950&h=673&v=1&fmt=auto '
[2024-09-27T10:19:07.225+0000] {subprocess.py:93} INFO -             '2x,\n'
[2024-09-27T10:19:07.225+0000] {subprocess.py:93} INFO -             '                '
[2024-09-27T10:19:07.225+0000] {subprocess.py:93} INFO -             'https://i8.amplience.net/i/jpl/jd_707948_b?qlt=92&w=1200&h=850&v=1&fmt=auto '
[2024-09-27T10:19:07.226+0000] {subprocess.py:93} INFO -             '3x',
[2024-09-27T10:19:07.226+0000] {subprocess.py:93} INFO -             'https://i8.amplience.net/i/jpl/jd_707948_c?qlt=92&w=750&h=531&v=1&fmt=auto '
[2024-09-27T10:19:07.226+0000] {subprocess.py:93} INFO -             '1x,\n'
[2024-09-27T10:19:07.226+0000] {subprocess.py:93} INFO -             '                '
[2024-09-27T10:19:07.226+0000] {subprocess.py:93} INFO -             'https://i8.amplience.net/i/jpl/jd_707948_c?qlt=92&w=950&h=673&v=1&fmt=auto '
[2024-09-27T10:19:07.227+0000] {subprocess.py:93} INFO -             '2x,\n'
[2024-09-27T10:19:07.227+0000] {subprocess.py:93} INFO -             '                '
[2024-09-27T10:19:07.227+0000] {subprocess.py:93} INFO -             'https://i8.amplience.net/i/jpl/jd_707948_c?qlt=92&w=1200&h=850&v=1&fmt=auto '
[2024-09-27T10:19:07.227+0000] {subprocess.py:93} INFO -             '3x',
[2024-09-27T10:19:07.227+0000] {subprocess.py:93} INFO -             'https://i8.amplience.net/i/jpl/jd_707948_d?qlt=92&w=750&h=531&v=1&fmt=auto '
[2024-09-27T10:19:07.227+0000] {subprocess.py:93} INFO -             '1x,\n'
[2024-09-27T10:19:07.227+0000] {subprocess.py:93} INFO -             '                '
[2024-09-27T10:19:07.227+0000] {subprocess.py:93} INFO -             'https://i8.amplience.net/i/jpl/jd_707948_d?qlt=92&w=950&h=673&v=1&fmt=auto '
[2024-09-27T10:19:07.228+0000] {subprocess.py:93} INFO -             '2x,\n'
[2024-09-27T10:19:07.228+0000] {subprocess.py:93} INFO -             '                '
[2024-09-27T10:19:07.228+0000] {subprocess.py:93} INFO -             'https://i8.amplience.net/i/jpl/jd_707948_d?qlt=92&w=1200&h=850&v=1&fmt=auto '
[2024-09-27T10:19:07.228+0000] {subprocess.py:93} INFO -             '3x',
[2024-09-27T10:19:07.228+0000] {subprocess.py:93} INFO -             'https://i8.amplience.net/i/jpl/jd_707948_e?qlt=92&w=750&h=531&v=1&fmt=auto '
[2024-09-27T10:19:07.228+0000] {subprocess.py:93} INFO -             '1x,\n'
[2024-09-27T10:19:07.228+0000] {subprocess.py:93} INFO -             '                '
[2024-09-27T10:19:07.228+0000] {subprocess.py:93} INFO -             'https://i8.amplience.net/i/jpl/jd_707948_e?qlt=92&w=950&h=673&v=1&fmt=auto '
[2024-09-27T10:19:07.228+0000] {subprocess.py:93} INFO -             '2x,\n'
[2024-09-27T10:19:07.229+0000] {subprocess.py:93} INFO -             '                '
[2024-09-27T10:19:07.229+0000] {subprocess.py:93} INFO -             'https://i8.amplience.net/i/jpl/jd_707948_e?qlt=92&w=1200&h=850&v=1&fmt=auto '
[2024-09-27T10:19:07.229+0000] {subprocess.py:93} INFO -             '3x',
[2024-09-27T10:19:07.229+0000] {subprocess.py:93} INFO -             'https://i8.amplience.net/i/jpl/jd_707948_f?qlt=92&w=750&h=531&v=1&fmt=auto '
[2024-09-27T10:19:07.229+0000] {subprocess.py:93} INFO -             '1x,\n'
[2024-09-27T10:19:07.229+0000] {subprocess.py:93} INFO -             '                '
[2024-09-27T10:19:07.229+0000] {subprocess.py:93} INFO -             'https://i8.amplience.net/i/jpl/jd_707948_f?qlt=92&w=950&h=673&v=1&fmt=auto '
[2024-09-27T10:19:07.229+0000] {subprocess.py:93} INFO -             '2x,\n'
[2024-09-27T10:19:07.229+0000] {subprocess.py:93} INFO -             '                '
[2024-09-27T10:19:07.229+0000] {subprocess.py:93} INFO -             'https://i8.amplience.net/i/jpl/jd_707948_f?qlt=92&w=1200&h=850&v=1&fmt=auto '
[2024-09-27T10:19:07.230+0000] {subprocess.py:93} INFO -             '3x'],
[2024-09-27T10:19:07.230+0000] {subprocess.py:93} INFO -  'name': 'Nike Air Max 95',
[2024-09-27T10:19:07.230+0000] {subprocess.py:93} INFO -  'price': '£175.00',
[2024-09-27T10:19:07.230+0000] {subprocess.py:93} INFO -  'retailer': 'JD Sport',
[2024-09-27T10:19:07.230+0000] {subprocess.py:93} INFO -  'url': 'https://www.jdsports.co.uk/product/grey-nike-air-max-95/19645973/'}
[2024-09-27T10:19:07.230+0000] {subprocess.py:93} INFO - 2024-09-27 10:19:07 [scrapy.utils.signal] ERROR: Error caught on signal handler: <bound method FeedExporter.item_scraped of <scrapy.extensions.feedexport.FeedExporter object at 0x7f5339183760>>
[2024-09-27T10:19:07.230+0000] {subprocess.py:93} INFO - Traceback (most recent call last):
[2024-09-27T10:19:07.230+0000] {subprocess.py:93} INFO -   File "/home/***/.local/lib/python3.9/site-packages/scrapy/utils/defer.py", line 348, in maybeDeferred_coro
[2024-09-27T10:19:07.230+0000] {subprocess.py:93} INFO -     result = f(*args, **kw)
[2024-09-27T10:19:07.230+0000] {subprocess.py:93} INFO -   File "/home/***/.local/lib/python3.9/site-packages/pydispatch/robustapply.py", line 55, in robustApply
[2024-09-27T10:19:07.231+0000] {subprocess.py:93} INFO -     return receiver(*arguments, **named)
[2024-09-27T10:19:07.231+0000] {subprocess.py:93} INFO -   File "/home/***/.local/lib/python3.9/site-packages/scrapy/extensions/feedexport.py", line 571, in item_scraped
[2024-09-27T10:19:07.231+0000] {subprocess.py:93} INFO -     slot.start_exporting()
[2024-09-27T10:19:07.231+0000] {subprocess.py:93} INFO -   File "/home/***/.local/lib/python3.9/site-packages/scrapy/extensions/feedexport.py", line 364, in start_exporting
[2024-09-27T10:19:07.231+0000] {subprocess.py:93} INFO -     self.file = self.storage.open(self.spider)
[2024-09-27T10:19:07.231+0000] {subprocess.py:93} INFO -   File "/home/***/.local/lib/python3.9/site-packages/scrapy/extensions/feedexport.py", line 158, in open
[2024-09-27T10:19:07.232+0000] {subprocess.py:93} INFO -     return Path(self.path).open(self.write_mode)
[2024-09-27T10:19:07.232+0000] {subprocess.py:93} INFO -   File "/usr/local/lib/python3.9/pathlib.py", line 1252, in open
[2024-09-27T10:19:07.232+0000] {subprocess.py:93} INFO -     return io.open(self, mode, buffering, encoding, errors, newline,
[2024-09-27T10:19:07.232+0000] {subprocess.py:93} INFO -   File "/usr/local/lib/python3.9/pathlib.py", line 1120, in _opener
[2024-09-27T10:19:07.232+0000] {subprocess.py:93} INFO -     return self._accessor.open(self, flags, mode)
[2024-09-27T10:19:07.232+0000] {subprocess.py:93} INFO - PermissionError: [Errno 13] Permission denied: 'jdsport.json'
[2024-09-27T10:19:07.498+0000] {subprocess.py:93} INFO - 2024-09-27 10:19:07 [scrapy.core.engine] DEBUG: Crawled (200) <GET https://www.jdsports.co.uk/product/blue-adidas-originals-gazelle-indoor-womens/17711989/> (referer: https://www.jdsports.co.uk/women/womens-footwear/)
[2024-09-27T10:19:07.630+0000] {subprocess.py:93} INFO - 2024-09-27 10:19:07 [scrapy.core.scraper] DEBUG: Scraped from <200 https://www.jdsports.co.uk/product/blue-adidas-originals-gazelle-indoor-womens/17711989/>
[2024-09-27T10:19:07.630+0000] {subprocess.py:93} INFO - {'brand': 'adidas',
[2024-09-27T10:19:07.630+0000] {subprocess.py:93} INFO -  'category': 'Footwear',
[2024-09-27T10:19:07.630+0000] {subprocess.py:93} INFO -  'gender': 'Womens Footwear',
[2024-09-27T10:19:07.630+0000] {subprocess.py:93} INFO -  'images': ['https://i8.amplience.net/i/jpl/jd_618705_a?qlt=92&w=750&h=531&v=1&fmt=auto '
[2024-09-27T10:19:07.631+0000] {subprocess.py:93} INFO -             '1x,\n'
[2024-09-27T10:19:07.631+0000] {subprocess.py:93} INFO -             '                '
[2024-09-27T10:19:07.631+0000] {subprocess.py:93} INFO -             'https://i8.amplience.net/i/jpl/jd_618705_a?qlt=92&w=950&h=673&v=1&fmt=auto '
[2024-09-27T10:19:07.631+0000] {subprocess.py:93} INFO -             '2x,\n'
[2024-09-27T10:19:07.631+0000] {subprocess.py:93} INFO -             '                '
[2024-09-27T10:19:07.631+0000] {subprocess.py:93} INFO -             'https://i8.amplience.net/i/jpl/jd_618705_a?qlt=92&w=1200&h=850&v=1&fmt=auto '
[2024-09-27T10:19:07.632+0000] {subprocess.py:93} INFO -             '3x',
[2024-09-27T10:19:07.632+0000] {subprocess.py:93} INFO -             'https://i8.amplience.net/i/jpl/jd_618705_b?qlt=92&w=750&h=531&v=1&fmt=auto '
[2024-09-27T10:19:07.632+0000] {subprocess.py:93} INFO -             '1x,\n'
[2024-09-27T10:19:07.632+0000] {subprocess.py:93} INFO -             '                '
[2024-09-27T10:19:07.633+0000] {subprocess.py:93} INFO -             'https://i8.amplience.net/i/jpl/jd_618705_b?qlt=92&w=950&h=673&v=1&fmt=auto '
[2024-09-27T10:19:07.633+0000] {subprocess.py:93} INFO -             '2x,\n'
[2024-09-27T10:19:07.633+0000] {subprocess.py:93} INFO -             '                '
[2024-09-27T10:19:07.633+0000] {subprocess.py:93} INFO -             'https://i8.amplience.net/i/jpl/jd_618705_b?qlt=92&w=1200&h=850&v=1&fmt=auto '
[2024-09-27T10:19:07.635+0000] {subprocess.py:93} INFO -             '3x',
[2024-09-27T10:19:07.635+0000] {subprocess.py:93} INFO -             'https://i8.amplience.net/i/jpl/jd_618705_c?qlt=92&w=750&h=531&v=1&fmt=auto '
[2024-09-27T10:19:07.636+0000] {subprocess.py:93} INFO -             '1x,\n'
[2024-09-27T10:19:07.636+0000] {subprocess.py:93} INFO -             '                '
[2024-09-27T10:19:07.636+0000] {subprocess.py:93} INFO -             'https://i8.amplience.net/i/jpl/jd_618705_c?qlt=92&w=950&h=673&v=1&fmt=auto '
[2024-09-27T10:19:07.636+0000] {subprocess.py:93} INFO -             '2x,\n'
[2024-09-27T10:19:07.636+0000] {subprocess.py:93} INFO -             '                '
[2024-09-27T10:19:07.636+0000] {subprocess.py:93} INFO -             'https://i8.amplience.net/i/jpl/jd_618705_c?qlt=92&w=1200&h=850&v=1&fmt=auto '
[2024-09-27T10:19:07.636+0000] {subprocess.py:93} INFO -             '3x',
[2024-09-27T10:19:07.636+0000] {subprocess.py:93} INFO -             'https://i8.amplience.net/i/jpl/jd_618705_d?qlt=92&w=750&h=531&v=1&fmt=auto '
[2024-09-27T10:19:07.637+0000] {subprocess.py:93} INFO -             '1x,\n'
[2024-09-27T10:19:07.637+0000] {subprocess.py:93} INFO -             '                '
[2024-09-27T10:19:07.637+0000] {subprocess.py:93} INFO -             'https://i8.amplience.net/i/jpl/jd_618705_d?qlt=92&w=950&h=673&v=1&fmt=auto '
[2024-09-27T10:19:07.637+0000] {subprocess.py:93} INFO -             '2x,\n'
[2024-09-27T10:19:07.637+0000] {subprocess.py:93} INFO -             '                '
[2024-09-27T10:19:07.637+0000] {subprocess.py:93} INFO -             'https://i8.amplience.net/i/jpl/jd_618705_d?qlt=92&w=1200&h=850&v=1&fmt=auto '
[2024-09-27T10:19:07.637+0000] {subprocess.py:93} INFO -             '3x',
[2024-09-27T10:19:07.637+0000] {subprocess.py:93} INFO -             'https://i8.amplience.net/i/jpl/jd_618705_e?qlt=92&w=750&h=531&v=1&fmt=auto '
[2024-09-27T10:19:07.639+0000] {subprocess.py:93} INFO -             '1x,\n'
[2024-09-27T10:19:07.641+0000] {subprocess.py:93} INFO -             '                '
[2024-09-27T10:19:07.641+0000] {subprocess.py:93} INFO -             'https://i8.amplience.net/i/jpl/jd_618705_e?qlt=92&w=950&h=673&v=1&fmt=auto '
[2024-09-27T10:19:07.641+0000] {subprocess.py:93} INFO -             '2x,\n'
[2024-09-27T10:19:07.641+0000] {subprocess.py:93} INFO -             '                '
[2024-09-27T10:19:07.641+0000] {subprocess.py:93} INFO -             'https://i8.amplience.net/i/jpl/jd_618705_e?qlt=92&w=1200&h=850&v=1&fmt=auto '
[2024-09-27T10:19:07.641+0000] {subprocess.py:93} INFO -             '3x',
[2024-09-27T10:19:07.642+0000] {subprocess.py:93} INFO -             'https://i8.amplience.net/i/jpl/jd_618705_f?qlt=92&w=750&h=531&v=1&fmt=auto '
[2024-09-27T10:19:07.643+0000] {subprocess.py:93} INFO -             '1x,\n'
[2024-09-27T10:19:07.643+0000] {subprocess.py:93} INFO -             '                '
[2024-09-27T10:19:07.644+0000] {subprocess.py:93} INFO -             'https://i8.amplience.net/i/jpl/jd_618705_f?qlt=92&w=950&h=673&v=1&fmt=auto '
[2024-09-27T10:19:07.644+0000] {subprocess.py:93} INFO -             '2x,\n'
[2024-09-27T10:19:07.644+0000] {subprocess.py:93} INFO -             '                '
[2024-09-27T10:19:07.644+0000] {subprocess.py:93} INFO -             'https://i8.amplience.net/i/jpl/jd_618705_f?qlt=92&w=1200&h=850&v=1&fmt=auto '
[2024-09-27T10:19:07.644+0000] {subprocess.py:93} INFO -             '3x'],
[2024-09-27T10:19:07.645+0000] {subprocess.py:93} INFO -  'name': "adidas Originals Gazelle Indoor Women's",
[2024-09-27T10:19:07.645+0000] {subprocess.py:93} INFO -  'price': '£95.00',
[2024-09-27T10:19:07.645+0000] {subprocess.py:93} INFO -  'retailer': 'JD Sport',
[2024-09-27T10:19:07.645+0000] {subprocess.py:93} INFO -  'url': 'https://www.jdsports.co.uk/product/blue-adidas-originals-gazelle-indoor-womens/17711989/'}
[2024-09-27T10:19:07.645+0000] {subprocess.py:93} INFO - 2024-09-27 10:19:07 [scrapy.utils.signal] ERROR: Error caught on signal handler: <bound method FeedExporter.item_scraped of <scrapy.extensions.feedexport.FeedExporter object at 0x7f5339183760>>
[2024-09-27T10:19:07.647+0000] {subprocess.py:93} INFO - Traceback (most recent call last):
[2024-09-27T10:19:07.647+0000] {subprocess.py:93} INFO -   File "/home/***/.local/lib/python3.9/site-packages/scrapy/utils/defer.py", line 348, in maybeDeferred_coro
[2024-09-27T10:19:07.647+0000] {subprocess.py:93} INFO -     result = f(*args, **kw)
[2024-09-27T10:19:07.647+0000] {subprocess.py:93} INFO -   File "/home/***/.local/lib/python3.9/site-packages/pydispatch/robustapply.py", line 55, in robustApply
[2024-09-27T10:19:07.648+0000] {subprocess.py:93} INFO -     return receiver(*arguments, **named)
[2024-09-27T10:19:07.648+0000] {subprocess.py:93} INFO -   File "/home/***/.local/lib/python3.9/site-packages/scrapy/extensions/feedexport.py", line 571, in item_scraped
[2024-09-27T10:19:07.648+0000] {subprocess.py:93} INFO -     slot.start_exporting()
[2024-09-27T10:19:07.648+0000] {subprocess.py:93} INFO -   File "/home/***/.local/lib/python3.9/site-packages/scrapy/extensions/feedexport.py", line 364, in start_exporting
[2024-09-27T10:19:07.648+0000] {subprocess.py:93} INFO -     self.file = self.storage.open(self.spider)
[2024-09-27T10:19:07.648+0000] {subprocess.py:93} INFO -   File "/home/***/.local/lib/python3.9/site-packages/scrapy/extensions/feedexport.py", line 158, in open
[2024-09-27T10:19:07.648+0000] {subprocess.py:93} INFO -     return Path(self.path).open(self.write_mode)
[2024-09-27T10:19:07.648+0000] {subprocess.py:93} INFO -   File "/usr/local/lib/python3.9/pathlib.py", line 1252, in open
[2024-09-27T10:19:07.648+0000] {subprocess.py:93} INFO -     return io.open(self, mode, buffering, encoding, errors, newline,
[2024-09-27T10:19:07.648+0000] {subprocess.py:93} INFO -   File "/usr/local/lib/python3.9/pathlib.py", line 1120, in _opener
[2024-09-27T10:19:07.649+0000] {subprocess.py:93} INFO -     return self._accessor.open(self, flags, mode)
[2024-09-27T10:19:07.649+0000] {subprocess.py:93} INFO - PermissionError: [Errno 13] Permission denied: 'jdsport.json'
[2024-09-27T10:19:07.649+0000] {subprocess.py:93} INFO - 2024-09-27 10:19:07 [scrapy.core.engine] INFO: Closing spider (finished)
[2024-09-27T10:19:07.649+0000] {subprocess.py:93} INFO - 2024-09-27 10:19:07 [scrapy.utils.signal] ERROR: Error caught on signal handler: <bound method FeedExporter.close_spider of <scrapy.extensions.feedexport.FeedExporter object at 0x7f5339183760>>
[2024-09-27T10:19:07.649+0000] {subprocess.py:93} INFO - Traceback (most recent call last):
[2024-09-27T10:19:07.649+0000] {subprocess.py:93} INFO -   File "/home/***/.local/lib/python3.9/site-packages/twisted/internet/defer.py", line 1250, in adapt
[2024-09-27T10:19:07.649+0000] {subprocess.py:93} INFO -     extracted: _SelfResultT | Failure = result.result()
[2024-09-27T10:19:07.649+0000] {subprocess.py:93} INFO -   File "/home/***/.local/lib/python3.9/site-packages/scrapy/extensions/feedexport.py", line 474, in close_spider
[2024-09-27T10:19:07.649+0000] {subprocess.py:93} INFO -     self._close_slot(slot, spider)
[2024-09-27T10:19:07.650+0000] {subprocess.py:93} INFO -   File "/home/***/.local/lib/python3.9/site-packages/scrapy/extensions/feedexport.py", line 497, in _close_slot
[2024-09-27T10:19:07.650+0000] {subprocess.py:93} INFO -     slot.start_exporting()
[2024-09-27T10:19:07.650+0000] {subprocess.py:93} INFO -   File "/home/***/.local/lib/python3.9/site-packages/scrapy/extensions/feedexport.py", line 364, in start_exporting
[2024-09-27T10:19:07.651+0000] {subprocess.py:93} INFO -     self.file = self.storage.open(self.spider)
[2024-09-27T10:19:07.651+0000] {subprocess.py:93} INFO -   File "/home/***/.local/lib/python3.9/site-packages/scrapy/extensions/feedexport.py", line 158, in open
[2024-09-27T10:19:07.651+0000] {subprocess.py:93} INFO -     return Path(self.path).open(self.write_mode)
[2024-09-27T10:19:07.651+0000] {subprocess.py:93} INFO -   File "/usr/local/lib/python3.9/pathlib.py", line 1252, in open
[2024-09-27T10:19:07.651+0000] {subprocess.py:93} INFO -     return io.open(self, mode, buffering, encoding, errors, newline,
[2024-09-27T10:19:07.651+0000] {subprocess.py:93} INFO -   File "/usr/local/lib/python3.9/pathlib.py", line 1120, in _opener
[2024-09-27T10:19:07.652+0000] {subprocess.py:93} INFO -     return self._accessor.open(self, flags, mode)
[2024-09-27T10:19:07.652+0000] {subprocess.py:93} INFO - PermissionError: [Errno 13] Permission denied: 'jdsport.json'
[2024-09-27T10:19:07.652+0000] {subprocess.py:93} INFO - 2024-09-27 10:19:07 [scrapy.statscollectors] INFO: Dumping Scrapy stats:
[2024-09-27T10:19:07.652+0000] {subprocess.py:93} INFO - {'downloader/request_bytes': 1684,
[2024-09-27T10:19:07.652+0000] {subprocess.py:93} INFO -  'downloader/request_count': 5,
[2024-09-27T10:19:07.652+0000] {subprocess.py:93} INFO -  'downloader/request_method_count/GET': 5,
[2024-09-27T10:19:07.652+0000] {subprocess.py:93} INFO -  'downloader/response_bytes': 198595,
[2024-09-27T10:19:07.652+0000] {subprocess.py:93} INFO -  'downloader/response_count': 5,
[2024-09-27T10:19:07.652+0000] {subprocess.py:93} INFO -  'downloader/response_status_count/200': 5,
[2024-09-27T10:19:07.652+0000] {subprocess.py:93} INFO -  'elapsed_time_seconds': 1.243631,
[2024-09-27T10:19:07.652+0000] {subprocess.py:93} INFO -  'finish_reason': 'finished',
[2024-09-27T10:19:07.653+0000] {subprocess.py:93} INFO -  'finish_time': datetime.datetime(2024, 9, 27, 10, 19, 7, 634057, tzinfo=datetime.timezone.utc),
[2024-09-27T10:19:07.653+0000] {subprocess.py:93} INFO -  'httpcompression/response_bytes': 1527008,
[2024-09-27T10:19:07.653+0000] {subprocess.py:93} INFO -  'httpcompression/response_count': 5,
[2024-09-27T10:19:07.653+0000] {subprocess.py:93} INFO -  'item_scraped_count': 2,
[2024-09-27T10:19:07.653+0000] {subprocess.py:93} INFO -  'log_count/DEBUG': 12,
[2024-09-27T10:19:07.653+0000] {subprocess.py:93} INFO -  'log_count/ERROR': 3,
[2024-09-27T10:19:07.653+0000] {subprocess.py:93} INFO -  'log_count/INFO': 10,
[2024-09-27T10:19:07.653+0000] {subprocess.py:93} INFO -  'memusage/max': 220164096,
[2024-09-27T10:19:07.653+0000] {subprocess.py:93} INFO -  'memusage/startup': 220164096,
[2024-09-27T10:19:07.653+0000] {subprocess.py:93} INFO -  'request_depth_max': 1,
[2024-09-27T10:19:07.653+0000] {subprocess.py:93} INFO -  'response_received_count': 5,
[2024-09-27T10:19:07.653+0000] {subprocess.py:93} INFO -  'robotstxt/request_count': 1,
[2024-09-27T10:19:07.654+0000] {subprocess.py:93} INFO -  'robotstxt/response_count': 1,
[2024-09-27T10:19:07.654+0000] {subprocess.py:93} INFO -  'robotstxt/response_status_count/200': 1,
[2024-09-27T10:19:07.654+0000] {subprocess.py:93} INFO -  'scheduler/dequeued': 4,
[2024-09-27T10:19:07.654+0000] {subprocess.py:93} INFO -  'scheduler/dequeued/memory': 4,
[2024-09-27T10:19:07.654+0000] {subprocess.py:93} INFO -  'scheduler/enqueued': 4,
[2024-09-27T10:19:07.654+0000] {subprocess.py:93} INFO -  'scheduler/enqueued/memory': 4,
[2024-09-27T10:19:07.654+0000] {subprocess.py:93} INFO -  'start_time': datetime.datetime(2024, 9, 27, 10, 19, 6, 390426, tzinfo=datetime.timezone.utc)}
[2024-09-27T10:19:07.654+0000] {subprocess.py:93} INFO - 2024-09-27 10:19:07 [scrapy.core.engine] INFO: Spider closed (finished)
[2024-09-27T10:19:07.935+0000] {subprocess.py:97} INFO - Command exited with return code 0
[2024-09-27T10:19:07.978+0000] {taskinstance.py:1398} INFO - Marking task as SUCCESS. dag_id=etl_jd_pipeline, task_id=jdsport_extraction, execution_date=20240927T101900, start_date=20240927T101903, end_date=20240927T101907
[2024-09-27T10:19:07.999+0000] {local_task_job_runner.py:228} INFO - Task exited with return code 0
[2024-09-27T10:19:08.037+0000] {taskinstance.py:2776} INFO - 1 downstream tasks scheduled from follow-on schedule check
