[2024-10-02T12:31:43.383+0000] {processor.py:157} INFO - Started process (PID=1032) to work on /opt/airflow/dags/published_data_dag.py
[2024-10-02T12:31:43.384+0000] {processor.py:829} INFO - Processing file /opt/airflow/dags/published_data_dag.py for tasks to queue
[2024-10-02T12:31:43.389+0000] {logging_mixin.py:151} INFO - [2024-10-02T12:31:43.389+0000] {dagbag.py:539} INFO - Filling up the DagBag from /opt/airflow/dags/published_data_dag.py
[2024-10-02T12:31:43.451+0000] {processor.py:841} WARNING - No viable dags retrieved from /opt/airflow/dags/published_data_dag.py
[2024-10-02T12:31:43.481+0000] {processor.py:179} INFO - Processing /opt/airflow/dags/published_data_dag.py took 0.103 seconds
[2024-10-02T12:32:13.694+0000] {processor.py:157} INFO - Started process (PID=1035) to work on /opt/airflow/dags/published_data_dag.py
[2024-10-02T12:32:13.696+0000] {processor.py:829} INFO - Processing file /opt/airflow/dags/published_data_dag.py for tasks to queue
[2024-10-02T12:32:13.697+0000] {logging_mixin.py:151} INFO - [2024-10-02T12:32:13.697+0000] {dagbag.py:539} INFO - Filling up the DagBag from /opt/airflow/dags/published_data_dag.py
[2024-10-02T12:32:13.735+0000] {processor.py:841} WARNING - No viable dags retrieved from /opt/airflow/dags/published_data_dag.py
[2024-10-02T12:32:13.770+0000] {processor.py:179} INFO - Processing /opt/airflow/dags/published_data_dag.py took 0.081 seconds
[2024-10-02T12:32:43.818+0000] {processor.py:157} INFO - Started process (PID=1038) to work on /opt/airflow/dags/published_data_dag.py
[2024-10-02T12:32:43.820+0000] {processor.py:829} INFO - Processing file /opt/airflow/dags/published_data_dag.py for tasks to queue
[2024-10-02T12:32:43.821+0000] {logging_mixin.py:151} INFO - [2024-10-02T12:32:43.820+0000] {dagbag.py:539} INFO - Filling up the DagBag from /opt/airflow/dags/published_data_dag.py
[2024-10-02T12:32:43.847+0000] {processor.py:841} WARNING - No viable dags retrieved from /opt/airflow/dags/published_data_dag.py
[2024-10-02T12:32:43.871+0000] {processor.py:179} INFO - Processing /opt/airflow/dags/published_data_dag.py took 0.056 seconds
[2024-10-02T12:33:07.944+0000] {processor.py:157} INFO - Started process (PID=1041) to work on /opt/airflow/dags/published_data_dag.py
[2024-10-02T12:33:07.945+0000] {processor.py:829} INFO - Processing file /opt/airflow/dags/published_data_dag.py for tasks to queue
[2024-10-02T12:33:07.946+0000] {logging_mixin.py:151} INFO - [2024-10-02T12:33:07.946+0000] {dagbag.py:539} INFO - Filling up the DagBag from /opt/airflow/dags/published_data_dag.py
[2024-10-02T12:33:07.988+0000] {processor.py:839} INFO - DAG(s) dict_keys(['test_pipeline']) retrieved from /opt/airflow/dags/published_data_dag.py
[2024-10-02T12:33:08.130+0000] {logging_mixin.py:151} INFO - [2024-10-02T12:33:08.130+0000] {manager.py:499} INFO - Created Permission View: %s
[2024-10-02T12:33:08.148+0000] {logging_mixin.py:151} INFO - [2024-10-02T12:33:08.148+0000] {manager.py:499} INFO - Created Permission View: %s
[2024-10-02T12:33:08.168+0000] {logging_mixin.py:151} INFO - [2024-10-02T12:33:08.167+0000] {manager.py:499} INFO - Created Permission View: %s
[2024-10-02T12:33:08.170+0000] {logging_mixin.py:151} INFO - [2024-10-02T12:33:08.168+0000] {security.py:708} INFO - Not syncing DAG-level permissions for DAG 'DAG:test_pipeline' as access control is unset.
[2024-10-02T12:33:08.171+0000] {logging_mixin.py:151} INFO - [2024-10-02T12:33:08.170+0000] {dag.py:2915} INFO - Sync 1 DAGs
[2024-10-02T12:33:08.208+0000] {logging_mixin.py:151} INFO - [2024-10-02T12:33:08.208+0000] {dag.py:2937} INFO - Creating ORM DAG for test_pipeline
[2024-10-02T12:33:08.210+0000] {logging_mixin.py:151} INFO - [2024-10-02T12:33:08.209+0000] {dag.py:3696} INFO - Setting next_dagrun for test_pipeline to None, run_after=None
[2024-10-02T12:33:08.250+0000] {processor.py:179} INFO - Processing /opt/airflow/dags/published_data_dag.py took 0.312 seconds
[2024-10-02T12:33:38.426+0000] {processor.py:157} INFO - Started process (PID=1044) to work on /opt/airflow/dags/published_data_dag.py
[2024-10-02T12:33:38.427+0000] {processor.py:829} INFO - Processing file /opt/airflow/dags/published_data_dag.py for tasks to queue
[2024-10-02T12:33:38.429+0000] {logging_mixin.py:151} INFO - [2024-10-02T12:33:38.428+0000] {dagbag.py:539} INFO - Filling up the DagBag from /opt/airflow/dags/published_data_dag.py
[2024-10-02T12:33:38.469+0000] {processor.py:839} INFO - DAG(s) dict_keys(['test_pipeline']) retrieved from /opt/airflow/dags/published_data_dag.py
[2024-10-02T12:33:38.496+0000] {logging_mixin.py:151} INFO - [2024-10-02T12:33:38.496+0000] {dag.py:2915} INFO - Sync 1 DAGs
[2024-10-02T12:33:38.514+0000] {logging_mixin.py:151} INFO - [2024-10-02T12:33:38.514+0000] {dag.py:3696} INFO - Setting next_dagrun for test_pipeline to None, run_after=None
[2024-10-02T12:33:38.541+0000] {processor.py:179} INFO - Processing /opt/airflow/dags/published_data_dag.py took 0.120 seconds
[2024-10-02T12:34:08.584+0000] {processor.py:157} INFO - Started process (PID=1047) to work on /opt/airflow/dags/published_data_dag.py
[2024-10-02T12:34:08.585+0000] {processor.py:829} INFO - Processing file /opt/airflow/dags/published_data_dag.py for tasks to queue
[2024-10-02T12:34:08.586+0000] {logging_mixin.py:151} INFO - [2024-10-02T12:34:08.586+0000] {dagbag.py:539} INFO - Filling up the DagBag from /opt/airflow/dags/published_data_dag.py
[2024-10-02T12:34:08.619+0000] {processor.py:839} INFO - DAG(s) dict_keys(['test_pipeline']) retrieved from /opt/airflow/dags/published_data_dag.py
[2024-10-02T12:34:08.648+0000] {logging_mixin.py:151} INFO - [2024-10-02T12:34:08.647+0000] {dag.py:2915} INFO - Sync 1 DAGs
[2024-10-02T12:34:08.663+0000] {logging_mixin.py:151} INFO - [2024-10-02T12:34:08.662+0000] {dag.py:3696} INFO - Setting next_dagrun for test_pipeline to None, run_after=None
[2024-10-02T12:34:08.683+0000] {processor.py:179} INFO - Processing /opt/airflow/dags/published_data_dag.py took 0.108 seconds
[2024-10-02T12:34:38.766+0000] {processor.py:157} INFO - Started process (PID=1050) to work on /opt/airflow/dags/published_data_dag.py
[2024-10-02T12:34:38.767+0000] {processor.py:829} INFO - Processing file /opt/airflow/dags/published_data_dag.py for tasks to queue
[2024-10-02T12:34:38.768+0000] {logging_mixin.py:151} INFO - [2024-10-02T12:34:38.768+0000] {dagbag.py:539} INFO - Filling up the DagBag from /opt/airflow/dags/published_data_dag.py
[2024-10-02T12:34:38.800+0000] {processor.py:839} INFO - DAG(s) dict_keys(['test_pipeline']) retrieved from /opt/airflow/dags/published_data_dag.py
[2024-10-02T12:34:38.825+0000] {logging_mixin.py:151} INFO - [2024-10-02T12:34:38.825+0000] {dag.py:2915} INFO - Sync 1 DAGs
[2024-10-02T12:34:38.839+0000] {logging_mixin.py:151} INFO - [2024-10-02T12:34:38.839+0000] {dag.py:3696} INFO - Setting next_dagrun for test_pipeline to None, run_after=None
[2024-10-02T12:34:38.858+0000] {processor.py:179} INFO - Processing /opt/airflow/dags/published_data_dag.py took 0.100 seconds
[2024-10-02T12:35:09.030+0000] {processor.py:157} INFO - Started process (PID=1053) to work on /opt/airflow/dags/published_data_dag.py
[2024-10-02T12:35:09.032+0000] {processor.py:829} INFO - Processing file /opt/airflow/dags/published_data_dag.py for tasks to queue
[2024-10-02T12:35:09.033+0000] {logging_mixin.py:151} INFO - [2024-10-02T12:35:09.033+0000] {dagbag.py:539} INFO - Filling up the DagBag from /opt/airflow/dags/published_data_dag.py
[2024-10-02T12:35:09.094+0000] {processor.py:839} INFO - DAG(s) dict_keys(['test_pipeline']) retrieved from /opt/airflow/dags/published_data_dag.py
[2024-10-02T12:35:09.131+0000] {logging_mixin.py:151} INFO - [2024-10-02T12:35:09.130+0000] {dag.py:2915} INFO - Sync 1 DAGs
[2024-10-02T12:35:09.152+0000] {logging_mixin.py:151} INFO - [2024-10-02T12:35:09.152+0000] {dag.py:3696} INFO - Setting next_dagrun for test_pipeline to None, run_after=None
[2024-10-02T12:35:09.188+0000] {processor.py:179} INFO - Processing /opt/airflow/dags/published_data_dag.py took 0.166 seconds
[2024-10-02T12:35:39.275+0000] {processor.py:157} INFO - Started process (PID=1056) to work on /opt/airflow/dags/published_data_dag.py
[2024-10-02T12:35:39.276+0000] {processor.py:829} INFO - Processing file /opt/airflow/dags/published_data_dag.py for tasks to queue
[2024-10-02T12:35:39.278+0000] {logging_mixin.py:151} INFO - [2024-10-02T12:35:39.277+0000] {dagbag.py:539} INFO - Filling up the DagBag from /opt/airflow/dags/published_data_dag.py
[2024-10-02T12:35:39.315+0000] {processor.py:839} INFO - DAG(s) dict_keys(['test_pipeline']) retrieved from /opt/airflow/dags/published_data_dag.py
[2024-10-02T12:35:39.346+0000] {logging_mixin.py:151} INFO - [2024-10-02T12:35:39.345+0000] {dag.py:2915} INFO - Sync 1 DAGs
[2024-10-02T12:35:39.364+0000] {logging_mixin.py:151} INFO - [2024-10-02T12:35:39.364+0000] {dag.py:3696} INFO - Setting next_dagrun for test_pipeline to None, run_after=None
[2024-10-02T12:35:39.392+0000] {processor.py:179} INFO - Processing /opt/airflow/dags/published_data_dag.py took 0.124 seconds
[2024-10-02T12:35:42.300+0000] {processor.py:157} INFO - Started process (PID=1057) to work on /opt/airflow/dags/published_data_dag.py
[2024-10-02T12:35:42.301+0000] {processor.py:829} INFO - Processing file /opt/airflow/dags/published_data_dag.py for tasks to queue
[2024-10-02T12:35:42.302+0000] {logging_mixin.py:151} INFO - [2024-10-02T12:35:42.302+0000] {dagbag.py:539} INFO - Filling up the DagBag from /opt/airflow/dags/published_data_dag.py
[2024-10-02T12:35:42.356+0000] {processor.py:839} INFO - DAG(s) dict_keys(['test_pipeline']) retrieved from /opt/airflow/dags/published_data_dag.py
[2024-10-02T12:35:42.519+0000] {logging_mixin.py:151} INFO - [2024-10-02T12:35:42.518+0000] {security.py:708} INFO - Not syncing DAG-level permissions for DAG 'DAG:test_pipeline' as access control is unset.
[2024-10-02T12:35:42.520+0000] {logging_mixin.py:151} INFO - [2024-10-02T12:35:42.519+0000] {dag.py:2915} INFO - Sync 1 DAGs
[2024-10-02T12:35:42.536+0000] {logging_mixin.py:151} INFO - [2024-10-02T12:35:42.536+0000] {dag.py:3696} INFO - Setting next_dagrun for test_pipeline to None, run_after=None
[2024-10-02T12:35:42.566+0000] {processor.py:179} INFO - Processing /opt/airflow/dags/published_data_dag.py took 0.274 seconds
[2024-10-02T12:36:12.587+0000] {processor.py:157} INFO - Started process (PID=1060) to work on /opt/airflow/dags/published_data_dag.py
[2024-10-02T12:36:12.588+0000] {processor.py:829} INFO - Processing file /opt/airflow/dags/published_data_dag.py for tasks to queue
[2024-10-02T12:36:12.589+0000] {logging_mixin.py:151} INFO - [2024-10-02T12:36:12.589+0000] {dagbag.py:539} INFO - Filling up the DagBag from /opt/airflow/dags/published_data_dag.py
[2024-10-02T12:36:12.622+0000] {processor.py:839} INFO - DAG(s) dict_keys(['test_pipeline']) retrieved from /opt/airflow/dags/published_data_dag.py
[2024-10-02T12:36:12.661+0000] {logging_mixin.py:151} INFO - [2024-10-02T12:36:12.660+0000] {dag.py:2915} INFO - Sync 1 DAGs
[2024-10-02T12:36:12.686+0000] {logging_mixin.py:151} INFO - [2024-10-02T12:36:12.686+0000] {dag.py:3696} INFO - Setting next_dagrun for test_pipeline to None, run_after=None
[2024-10-02T12:36:12.713+0000] {processor.py:179} INFO - Processing /opt/airflow/dags/published_data_dag.py took 0.129 seconds
[2024-10-02T12:36:42.833+0000] {processor.py:157} INFO - Started process (PID=1063) to work on /opt/airflow/dags/published_data_dag.py
[2024-10-02T12:36:42.834+0000] {processor.py:829} INFO - Processing file /opt/airflow/dags/published_data_dag.py for tasks to queue
[2024-10-02T12:36:42.836+0000] {logging_mixin.py:151} INFO - [2024-10-02T12:36:42.835+0000] {dagbag.py:539} INFO - Filling up the DagBag from /opt/airflow/dags/published_data_dag.py
[2024-10-02T12:36:42.894+0000] {processor.py:839} INFO - DAG(s) dict_keys(['test_pipeline']) retrieved from /opt/airflow/dags/published_data_dag.py
[2024-10-02T12:36:42.942+0000] {logging_mixin.py:151} INFO - [2024-10-02T12:36:42.941+0000] {dag.py:2915} INFO - Sync 1 DAGs
[2024-10-02T12:36:42.975+0000] {logging_mixin.py:151} INFO - [2024-10-02T12:36:42.974+0000] {dag.py:3696} INFO - Setting next_dagrun for test_pipeline to None, run_after=None
[2024-10-02T12:36:43.002+0000] {processor.py:179} INFO - Processing /opt/airflow/dags/published_data_dag.py took 0.176 seconds
[2024-10-02T12:37:13.035+0000] {processor.py:157} INFO - Started process (PID=1066) to work on /opt/airflow/dags/published_data_dag.py
[2024-10-02T12:37:13.036+0000] {processor.py:829} INFO - Processing file /opt/airflow/dags/published_data_dag.py for tasks to queue
[2024-10-02T12:37:13.038+0000] {logging_mixin.py:151} INFO - [2024-10-02T12:37:13.037+0000] {dagbag.py:539} INFO - Filling up the DagBag from /opt/airflow/dags/published_data_dag.py
[2024-10-02T12:37:13.070+0000] {processor.py:839} INFO - DAG(s) dict_keys(['test_pipeline']) retrieved from /opt/airflow/dags/published_data_dag.py
[2024-10-02T12:37:13.104+0000] {logging_mixin.py:151} INFO - [2024-10-02T12:37:13.103+0000] {dag.py:2915} INFO - Sync 1 DAGs
[2024-10-02T12:37:13.118+0000] {logging_mixin.py:151} INFO - [2024-10-02T12:37:13.118+0000] {dag.py:3696} INFO - Setting next_dagrun for test_pipeline to None, run_after=None
[2024-10-02T12:37:13.139+0000] {processor.py:179} INFO - Processing /opt/airflow/dags/published_data_dag.py took 0.111 seconds
[2024-10-02T12:37:43.170+0000] {processor.py:157} INFO - Started process (PID=1069) to work on /opt/airflow/dags/published_data_dag.py
[2024-10-02T12:37:43.171+0000] {processor.py:829} INFO - Processing file /opt/airflow/dags/published_data_dag.py for tasks to queue
[2024-10-02T12:37:43.172+0000] {logging_mixin.py:151} INFO - [2024-10-02T12:37:43.172+0000] {dagbag.py:539} INFO - Filling up the DagBag from /opt/airflow/dags/published_data_dag.py
[2024-10-02T12:37:43.211+0000] {processor.py:839} INFO - DAG(s) dict_keys(['test_pipeline']) retrieved from /opt/airflow/dags/published_data_dag.py
[2024-10-02T12:37:43.257+0000] {logging_mixin.py:151} INFO - [2024-10-02T12:37:43.256+0000] {dag.py:2915} INFO - Sync 1 DAGs
[2024-10-02T12:37:43.277+0000] {logging_mixin.py:151} INFO - [2024-10-02T12:37:43.277+0000] {dag.py:3696} INFO - Setting next_dagrun for test_pipeline to None, run_after=None
[2024-10-02T12:37:43.303+0000] {processor.py:179} INFO - Processing /opt/airflow/dags/published_data_dag.py took 0.138 seconds
[2024-10-02T12:38:13.366+0000] {processor.py:157} INFO - Started process (PID=1072) to work on /opt/airflow/dags/published_data_dag.py
[2024-10-02T12:38:13.369+0000] {processor.py:829} INFO - Processing file /opt/airflow/dags/published_data_dag.py for tasks to queue
[2024-10-02T12:38:13.370+0000] {logging_mixin.py:151} INFO - [2024-10-02T12:38:13.370+0000] {dagbag.py:539} INFO - Filling up the DagBag from /opt/airflow/dags/published_data_dag.py
[2024-10-02T12:38:13.428+0000] {processor.py:839} INFO - DAG(s) dict_keys(['test_pipeline']) retrieved from /opt/airflow/dags/published_data_dag.py
[2024-10-02T12:38:13.486+0000] {logging_mixin.py:151} INFO - [2024-10-02T12:38:13.485+0000] {dag.py:2915} INFO - Sync 1 DAGs
[2024-10-02T12:38:13.509+0000] {logging_mixin.py:151} INFO - [2024-10-02T12:38:13.509+0000] {dag.py:3696} INFO - Setting next_dagrun for test_pipeline to None, run_after=None
[2024-10-02T12:38:13.542+0000] {processor.py:179} INFO - Processing /opt/airflow/dags/published_data_dag.py took 0.181 seconds
[2024-10-02T12:38:26.525+0000] {processor.py:157} INFO - Started process (PID=1073) to work on /opt/airflow/dags/published_data_dag.py
[2024-10-02T12:38:26.527+0000] {processor.py:829} INFO - Processing file /opt/airflow/dags/published_data_dag.py for tasks to queue
[2024-10-02T12:38:26.528+0000] {logging_mixin.py:151} INFO - [2024-10-02T12:38:26.527+0000] {dagbag.py:539} INFO - Filling up the DagBag from /opt/airflow/dags/published_data_dag.py
[2024-10-02T12:38:26.531+0000] {logging_mixin.py:151} INFO - [2024-10-02T12:38:26.530+0000] {dagbag.py:347} ERROR - Failed to import: /opt/airflow/dags/published_data_dag.py
Traceback (most recent call last):
  File "/home/airflow/.local/lib/python3.9/site-packages/airflow/models/dagbag.py", line 343, in parse
    loader.exec_module(new_module)
  File "<frozen importlib._bootstrap_external>", line 846, in exec_module
  File "<frozen importlib._bootstrap_external>", line 983, in get_code
  File "<frozen importlib._bootstrap_external>", line 913, in source_to_code
  File "<frozen importlib._bootstrap>", line 228, in _call_with_frames_removed
  File "/opt/airflow/dags/published_data_dag.py", line 41
    dag=dag
    ^
SyntaxError: invalid syntax
[2024-10-02T12:38:26.532+0000] {processor.py:841} WARNING - No viable dags retrieved from /opt/airflow/dags/published_data_dag.py
[2024-10-02T12:38:26.572+0000] {processor.py:179} INFO - Processing /opt/airflow/dags/published_data_dag.py took 0.052 seconds
[2024-10-02T12:38:35.553+0000] {processor.py:157} INFO - Started process (PID=1076) to work on /opt/airflow/dags/published_data_dag.py
[2024-10-02T12:38:35.554+0000] {processor.py:829} INFO - Processing file /opt/airflow/dags/published_data_dag.py for tasks to queue
[2024-10-02T12:38:35.555+0000] {logging_mixin.py:151} INFO - [2024-10-02T12:38:35.555+0000] {dagbag.py:539} INFO - Filling up the DagBag from /opt/airflow/dags/published_data_dag.py
[2024-10-02T12:38:35.593+0000] {processor.py:839} INFO - DAG(s) dict_keys(['test_pipeline']) retrieved from /opt/airflow/dags/published_data_dag.py
[2024-10-02T12:38:35.771+0000] {logging_mixin.py:151} INFO - [2024-10-02T12:38:35.770+0000] {security.py:708} INFO - Not syncing DAG-level permissions for DAG 'DAG:test_pipeline' as access control is unset.
[2024-10-02T12:38:35.772+0000] {logging_mixin.py:151} INFO - [2024-10-02T12:38:35.771+0000] {dag.py:2915} INFO - Sync 1 DAGs
[2024-10-02T12:38:35.792+0000] {logging_mixin.py:151} INFO - [2024-10-02T12:38:35.792+0000] {dag.py:3696} INFO - Setting next_dagrun for test_pipeline to None, run_after=None
[2024-10-02T12:38:35.827+0000] {processor.py:179} INFO - Processing /opt/airflow/dags/published_data_dag.py took 0.278 seconds
[2024-10-02T12:39:06.811+0000] {processor.py:157} INFO - Started process (PID=1079) to work on /opt/airflow/dags/published_data_dag.py
[2024-10-02T12:39:06.813+0000] {processor.py:829} INFO - Processing file /opt/airflow/dags/published_data_dag.py for tasks to queue
[2024-10-02T12:39:06.814+0000] {logging_mixin.py:151} INFO - [2024-10-02T12:39:06.814+0000] {dagbag.py:539} INFO - Filling up the DagBag from /opt/airflow/dags/published_data_dag.py
[2024-10-02T12:39:06.856+0000] {processor.py:839} INFO - DAG(s) dict_keys(['test_pipeline']) retrieved from /opt/airflow/dags/published_data_dag.py
[2024-10-02T12:39:06.899+0000] {logging_mixin.py:151} INFO - [2024-10-02T12:39:06.898+0000] {dag.py:2915} INFO - Sync 1 DAGs
[2024-10-02T12:39:06.916+0000] {logging_mixin.py:151} INFO - [2024-10-02T12:39:06.915+0000] {dag.py:3696} INFO - Setting next_dagrun for test_pipeline to None, run_after=None
[2024-10-02T12:39:06.944+0000] {processor.py:179} INFO - Processing /opt/airflow/dags/published_data_dag.py took 0.137 seconds
[2024-10-02T12:39:25.979+0000] {processor.py:157} INFO - Started process (PID=1080) to work on /opt/airflow/dags/published_data_dag.py
[2024-10-02T12:39:25.981+0000] {processor.py:829} INFO - Processing file /opt/airflow/dags/published_data_dag.py for tasks to queue
[2024-10-02T12:39:25.986+0000] {logging_mixin.py:151} INFO - [2024-10-02T12:39:25.985+0000] {dagbag.py:539} INFO - Filling up the DagBag from /opt/airflow/dags/published_data_dag.py
[2024-10-02T12:39:26.035+0000] {processor.py:839} INFO - DAG(s) dict_keys(['test_pipeline']) retrieved from /opt/airflow/dags/published_data_dag.py
[2024-10-02T12:39:26.088+0000] {logging_mixin.py:151} INFO - [2024-10-02T12:39:26.087+0000] {dag.py:2915} INFO - Sync 1 DAGs
[2024-10-02T12:39:26.114+0000] {logging_mixin.py:151} INFO - [2024-10-02T12:39:26.114+0000] {dag.py:3696} INFO - Setting next_dagrun for test_pipeline to None, run_after=None
[2024-10-02T12:39:26.144+0000] {processor.py:179} INFO - Processing /opt/airflow/dags/published_data_dag.py took 0.186 seconds
[2024-10-02T12:39:56.209+0000] {processor.py:157} INFO - Started process (PID=1083) to work on /opt/airflow/dags/published_data_dag.py
[2024-10-02T12:39:56.211+0000] {processor.py:829} INFO - Processing file /opt/airflow/dags/published_data_dag.py for tasks to queue
[2024-10-02T12:39:56.212+0000] {logging_mixin.py:151} INFO - [2024-10-02T12:39:56.212+0000] {dagbag.py:539} INFO - Filling up the DagBag from /opt/airflow/dags/published_data_dag.py
[2024-10-02T12:39:56.254+0000] {processor.py:839} INFO - DAG(s) dict_keys(['test_pipeline']) retrieved from /opt/airflow/dags/published_data_dag.py
[2024-10-02T12:39:56.289+0000] {logging_mixin.py:151} INFO - [2024-10-02T12:39:56.289+0000] {dag.py:2915} INFO - Sync 1 DAGs
[2024-10-02T12:39:56.308+0000] {logging_mixin.py:151} INFO - [2024-10-02T12:39:56.308+0000] {dag.py:3696} INFO - Setting next_dagrun for test_pipeline to None, run_after=None
[2024-10-02T12:39:56.330+0000] {processor.py:179} INFO - Processing /opt/airflow/dags/published_data_dag.py took 0.126 seconds
[2024-10-02T12:40:26.490+0000] {processor.py:157} INFO - Started process (PID=1086) to work on /opt/airflow/dags/published_data_dag.py
[2024-10-02T12:40:26.492+0000] {processor.py:829} INFO - Processing file /opt/airflow/dags/published_data_dag.py for tasks to queue
[2024-10-02T12:40:26.493+0000] {logging_mixin.py:151} INFO - [2024-10-02T12:40:26.493+0000] {dagbag.py:539} INFO - Filling up the DagBag from /opt/airflow/dags/published_data_dag.py
[2024-10-02T12:40:26.538+0000] {processor.py:839} INFO - DAG(s) dict_keys(['test_pipeline']) retrieved from /opt/airflow/dags/published_data_dag.py
[2024-10-02T12:40:26.575+0000] {logging_mixin.py:151} INFO - [2024-10-02T12:40:26.574+0000] {dag.py:2915} INFO - Sync 1 DAGs
[2024-10-02T12:40:26.589+0000] {logging_mixin.py:151} INFO - [2024-10-02T12:40:26.589+0000] {dag.py:3696} INFO - Setting next_dagrun for test_pipeline to None, run_after=None
[2024-10-02T12:40:26.611+0000] {processor.py:179} INFO - Processing /opt/airflow/dags/published_data_dag.py took 0.125 seconds
[2024-10-02T12:40:56.819+0000] {processor.py:157} INFO - Started process (PID=1089) to work on /opt/airflow/dags/published_data_dag.py
[2024-10-02T12:40:56.820+0000] {processor.py:829} INFO - Processing file /opt/airflow/dags/published_data_dag.py for tasks to queue
[2024-10-02T12:40:56.822+0000] {logging_mixin.py:151} INFO - [2024-10-02T12:40:56.821+0000] {dagbag.py:539} INFO - Filling up the DagBag from /opt/airflow/dags/published_data_dag.py
[2024-10-02T12:40:56.857+0000] {processor.py:839} INFO - DAG(s) dict_keys(['test_pipeline']) retrieved from /opt/airflow/dags/published_data_dag.py
[2024-10-02T12:40:56.900+0000] {logging_mixin.py:151} INFO - [2024-10-02T12:40:56.899+0000] {dag.py:2915} INFO - Sync 1 DAGs
[2024-10-02T12:40:56.918+0000] {logging_mixin.py:151} INFO - [2024-10-02T12:40:56.918+0000] {dag.py:3696} INFO - Setting next_dagrun for test_pipeline to None, run_after=None
[2024-10-02T12:40:56.955+0000] {processor.py:179} INFO - Processing /opt/airflow/dags/published_data_dag.py took 0.142 seconds
[2024-10-02T12:41:18.979+0000] {processor.py:157} INFO - Started process (PID=1092) to work on /opt/airflow/dags/published_data_dag.py
[2024-10-02T12:41:18.980+0000] {processor.py:829} INFO - Processing file /opt/airflow/dags/published_data_dag.py for tasks to queue
[2024-10-02T12:41:18.982+0000] {logging_mixin.py:151} INFO - [2024-10-02T12:41:18.982+0000] {dagbag.py:539} INFO - Filling up the DagBag from /opt/airflow/dags/published_data_dag.py
[2024-10-02T12:41:19.022+0000] {processor.py:839} INFO - DAG(s) dict_keys(['test_pipeline']) retrieved from /opt/airflow/dags/published_data_dag.py
[2024-10-02T12:41:19.185+0000] {logging_mixin.py:151} INFO - [2024-10-02T12:41:19.184+0000] {security.py:708} INFO - Not syncing DAG-level permissions for DAG 'DAG:test_pipeline' as access control is unset.
[2024-10-02T12:41:19.186+0000] {logging_mixin.py:151} INFO - [2024-10-02T12:41:19.185+0000] {dag.py:2915} INFO - Sync 1 DAGs
[2024-10-02T12:41:19.204+0000] {logging_mixin.py:151} INFO - [2024-10-02T12:41:19.203+0000] {dag.py:3696} INFO - Setting next_dagrun for test_pipeline to None, run_after=None
[2024-10-02T12:41:19.233+0000] {processor.py:179} INFO - Processing /opt/airflow/dags/published_data_dag.py took 0.259 seconds
[2024-10-02T12:41:49.423+0000] {processor.py:157} INFO - Started process (PID=1095) to work on /opt/airflow/dags/published_data_dag.py
[2024-10-02T12:41:49.424+0000] {processor.py:829} INFO - Processing file /opt/airflow/dags/published_data_dag.py for tasks to queue
[2024-10-02T12:41:49.426+0000] {logging_mixin.py:151} INFO - [2024-10-02T12:41:49.425+0000] {dagbag.py:539} INFO - Filling up the DagBag from /opt/airflow/dags/published_data_dag.py
[2024-10-02T12:41:49.484+0000] {processor.py:839} INFO - DAG(s) dict_keys(['test_pipeline']) retrieved from /opt/airflow/dags/published_data_dag.py
[2024-10-02T12:41:49.526+0000] {logging_mixin.py:151} INFO - [2024-10-02T12:41:49.525+0000] {dag.py:2915} INFO - Sync 1 DAGs
[2024-10-02T12:41:49.542+0000] {logging_mixin.py:151} INFO - [2024-10-02T12:41:49.542+0000] {dag.py:3696} INFO - Setting next_dagrun for test_pipeline to None, run_after=None
[2024-10-02T12:41:49.572+0000] {processor.py:179} INFO - Processing /opt/airflow/dags/published_data_dag.py took 0.154 seconds
[2024-10-02T12:41:58.546+0000] {processor.py:157} INFO - Started process (PID=1096) to work on /opt/airflow/dags/published_data_dag.py
[2024-10-02T12:41:58.547+0000] {processor.py:829} INFO - Processing file /opt/airflow/dags/published_data_dag.py for tasks to queue
[2024-10-02T12:41:58.549+0000] {logging_mixin.py:151} INFO - [2024-10-02T12:41:58.548+0000] {dagbag.py:539} INFO - Filling up the DagBag from /opt/airflow/dags/published_data_dag.py
[2024-10-02T12:41:58.589+0000] {processor.py:839} INFO - DAG(s) dict_keys(['test_pipeline']) retrieved from /opt/airflow/dags/published_data_dag.py
[2024-10-02T12:41:58.644+0000] {logging_mixin.py:151} INFO - [2024-10-02T12:41:58.643+0000] {dag.py:2915} INFO - Sync 1 DAGs
[2024-10-02T12:41:58.663+0000] {logging_mixin.py:151} INFO - [2024-10-02T12:41:58.662+0000] {dag.py:3696} INFO - Setting next_dagrun for test_pipeline to None, run_after=None
[2024-10-02T12:41:58.705+0000] {processor.py:179} INFO - Processing /opt/airflow/dags/published_data_dag.py took 0.167 seconds
[2024-10-02T12:42:28.890+0000] {processor.py:157} INFO - Started process (PID=1099) to work on /opt/airflow/dags/published_data_dag.py
[2024-10-02T12:42:28.891+0000] {processor.py:829} INFO - Processing file /opt/airflow/dags/published_data_dag.py for tasks to queue
[2024-10-02T12:42:28.894+0000] {logging_mixin.py:151} INFO - [2024-10-02T12:42:28.893+0000] {dagbag.py:539} INFO - Filling up the DagBag from /opt/airflow/dags/published_data_dag.py
[2024-10-02T12:42:28.934+0000] {processor.py:839} INFO - DAG(s) dict_keys(['test_pipeline']) retrieved from /opt/airflow/dags/published_data_dag.py
[2024-10-02T12:42:28.995+0000] {logging_mixin.py:151} INFO - [2024-10-02T12:42:28.995+0000] {dag.py:2915} INFO - Sync 1 DAGs
[2024-10-02T12:42:29.026+0000] {logging_mixin.py:151} INFO - [2024-10-02T12:42:29.026+0000] {dag.py:3696} INFO - Setting next_dagrun for test_pipeline to None, run_after=None
[2024-10-02T12:42:29.095+0000] {processor.py:179} INFO - Processing /opt/airflow/dags/published_data_dag.py took 0.210 seconds
[2024-10-02T12:42:36.158+0000] {processor.py:157} INFO - Started process (PID=1100) to work on /opt/airflow/dags/published_data_dag.py
[2024-10-02T12:42:36.159+0000] {processor.py:829} INFO - Processing file /opt/airflow/dags/published_data_dag.py for tasks to queue
[2024-10-02T12:42:36.161+0000] {logging_mixin.py:151} INFO - [2024-10-02T12:42:36.161+0000] {dagbag.py:539} INFO - Filling up the DagBag from /opt/airflow/dags/published_data_dag.py
[2024-10-02T12:42:36.213+0000] {processor.py:839} INFO - DAG(s) dict_keys(['test_pipeline']) retrieved from /opt/airflow/dags/published_data_dag.py
[2024-10-02T12:42:36.347+0000] {logging_mixin.py:151} INFO - [2024-10-02T12:42:36.346+0000] {security.py:708} INFO - Not syncing DAG-level permissions for DAG 'DAG:test_pipeline' as access control is unset.
[2024-10-02T12:42:36.347+0000] {logging_mixin.py:151} INFO - [2024-10-02T12:42:36.347+0000] {dag.py:2915} INFO - Sync 1 DAGs
[2024-10-02T12:42:36.361+0000] {logging_mixin.py:151} INFO - [2024-10-02T12:42:36.361+0000] {dag.py:3696} INFO - Setting next_dagrun for test_pipeline to None, run_after=None
[2024-10-02T12:42:36.385+0000] {processor.py:179} INFO - Processing /opt/airflow/dags/published_data_dag.py took 0.233 seconds
[2024-10-02T12:43:07.335+0000] {processor.py:157} INFO - Started process (PID=1103) to work on /opt/airflow/dags/published_data_dag.py
[2024-10-02T12:43:07.337+0000] {processor.py:829} INFO - Processing file /opt/airflow/dags/published_data_dag.py for tasks to queue
[2024-10-02T12:43:07.338+0000] {logging_mixin.py:151} INFO - [2024-10-02T12:43:07.338+0000] {dagbag.py:539} INFO - Filling up the DagBag from /opt/airflow/dags/published_data_dag.py
[2024-10-02T12:43:07.411+0000] {processor.py:839} INFO - DAG(s) dict_keys(['test_pipeline']) retrieved from /opt/airflow/dags/published_data_dag.py
[2024-10-02T12:43:07.477+0000] {logging_mixin.py:151} INFO - [2024-10-02T12:43:07.476+0000] {dag.py:2915} INFO - Sync 1 DAGs
[2024-10-02T12:43:07.504+0000] {logging_mixin.py:151} INFO - [2024-10-02T12:43:07.503+0000] {dag.py:3696} INFO - Setting next_dagrun for test_pipeline to None, run_after=None
[2024-10-02T12:43:07.537+0000] {processor.py:179} INFO - Processing /opt/airflow/dags/published_data_dag.py took 0.207 seconds
[2024-10-02T12:43:09.361+0000] {processor.py:157} INFO - Started process (PID=1104) to work on /opt/airflow/dags/published_data_dag.py
[2024-10-02T12:43:09.363+0000] {processor.py:829} INFO - Processing file /opt/airflow/dags/published_data_dag.py for tasks to queue
[2024-10-02T12:43:09.364+0000] {logging_mixin.py:151} INFO - [2024-10-02T12:43:09.364+0000] {dagbag.py:539} INFO - Filling up the DagBag from /opt/airflow/dags/published_data_dag.py
[2024-10-02T12:43:09.408+0000] {processor.py:839} INFO - DAG(s) dict_keys(['test_pipeline']) retrieved from /opt/airflow/dags/published_data_dag.py
[2024-10-02T12:43:09.627+0000] {logging_mixin.py:151} INFO - [2024-10-02T12:43:09.623+0000] {security.py:708} INFO - Not syncing DAG-level permissions for DAG 'DAG:test_pipeline' as access control is unset.
[2024-10-02T12:43:09.629+0000] {logging_mixin.py:151} INFO - [2024-10-02T12:43:09.627+0000] {dag.py:2915} INFO - Sync 1 DAGs
[2024-10-02T12:43:09.657+0000] {logging_mixin.py:151} INFO - [2024-10-02T12:43:09.657+0000] {dag.py:3696} INFO - Setting next_dagrun for test_pipeline to None, run_after=None
[2024-10-02T12:43:09.693+0000] {processor.py:179} INFO - Processing /opt/airflow/dags/published_data_dag.py took 0.337 seconds
[2024-10-02T12:43:39.866+0000] {processor.py:157} INFO - Started process (PID=1107) to work on /opt/airflow/dags/published_data_dag.py
[2024-10-02T12:43:39.867+0000] {processor.py:829} INFO - Processing file /opt/airflow/dags/published_data_dag.py for tasks to queue
[2024-10-02T12:43:39.869+0000] {logging_mixin.py:151} INFO - [2024-10-02T12:43:39.868+0000] {dagbag.py:539} INFO - Filling up the DagBag from /opt/airflow/dags/published_data_dag.py
[2024-10-02T12:43:39.909+0000] {processor.py:839} INFO - DAG(s) dict_keys(['test_pipeline']) retrieved from /opt/airflow/dags/published_data_dag.py
[2024-10-02T12:43:39.950+0000] {logging_mixin.py:151} INFO - [2024-10-02T12:43:39.949+0000] {dag.py:2915} INFO - Sync 1 DAGs
[2024-10-02T12:43:39.964+0000] {logging_mixin.py:151} INFO - [2024-10-02T12:43:39.964+0000] {dag.py:3696} INFO - Setting next_dagrun for test_pipeline to None, run_after=None
[2024-10-02T12:43:39.985+0000] {processor.py:179} INFO - Processing /opt/airflow/dags/published_data_dag.py took 0.124 seconds
[2024-10-02T12:44:10.139+0000] {processor.py:157} INFO - Started process (PID=1110) to work on /opt/airflow/dags/published_data_dag.py
[2024-10-02T12:44:10.141+0000] {processor.py:829} INFO - Processing file /opt/airflow/dags/published_data_dag.py for tasks to queue
[2024-10-02T12:44:10.142+0000] {logging_mixin.py:151} INFO - [2024-10-02T12:44:10.141+0000] {dagbag.py:539} INFO - Filling up the DagBag from /opt/airflow/dags/published_data_dag.py
[2024-10-02T12:44:10.183+0000] {processor.py:839} INFO - DAG(s) dict_keys(['test_pipeline']) retrieved from /opt/airflow/dags/published_data_dag.py
[2024-10-02T12:44:10.244+0000] {logging_mixin.py:151} INFO - [2024-10-02T12:44:10.243+0000] {dag.py:2915} INFO - Sync 1 DAGs
[2024-10-02T12:44:10.271+0000] {logging_mixin.py:151} INFO - [2024-10-02T12:44:10.270+0000] {dag.py:3696} INFO - Setting next_dagrun for test_pipeline to None, run_after=None
[2024-10-02T12:44:10.292+0000] {processor.py:179} INFO - Processing /opt/airflow/dags/published_data_dag.py took 0.159 seconds
[2024-10-02T12:44:40.466+0000] {processor.py:157} INFO - Started process (PID=1113) to work on /opt/airflow/dags/published_data_dag.py
[2024-10-02T12:44:40.467+0000] {processor.py:829} INFO - Processing file /opt/airflow/dags/published_data_dag.py for tasks to queue
[2024-10-02T12:44:40.469+0000] {logging_mixin.py:151} INFO - [2024-10-02T12:44:40.468+0000] {dagbag.py:539} INFO - Filling up the DagBag from /opt/airflow/dags/published_data_dag.py
[2024-10-02T12:44:40.511+0000] {processor.py:839} INFO - DAG(s) dict_keys(['test_pipeline']) retrieved from /opt/airflow/dags/published_data_dag.py
[2024-10-02T12:44:40.562+0000] {logging_mixin.py:151} INFO - [2024-10-02T12:44:40.561+0000] {dag.py:2915} INFO - Sync 1 DAGs
[2024-10-02T12:44:40.580+0000] {logging_mixin.py:151} INFO - [2024-10-02T12:44:40.580+0000] {dag.py:3696} INFO - Setting next_dagrun for test_pipeline to None, run_after=None
[2024-10-02T12:44:40.612+0000] {processor.py:179} INFO - Processing /opt/airflow/dags/published_data_dag.py took 0.153 seconds
[2024-10-02T12:44:56.730+0000] {processor.py:157} INFO - Started process (PID=1116) to work on /opt/airflow/dags/published_data_dag.py
[2024-10-02T12:44:56.734+0000] {processor.py:829} INFO - Processing file /opt/airflow/dags/published_data_dag.py for tasks to queue
[2024-10-02T12:44:56.735+0000] {logging_mixin.py:151} INFO - [2024-10-02T12:44:56.735+0000] {dagbag.py:539} INFO - Filling up the DagBag from /opt/airflow/dags/published_data_dag.py
[2024-10-02T12:44:56.782+0000] {processor.py:839} INFO - DAG(s) dict_keys(['test_pipeline']) retrieved from /opt/airflow/dags/published_data_dag.py
[2024-10-02T12:44:56.839+0000] {logging_mixin.py:151} INFO - [2024-10-02T12:44:56.838+0000] {dag.py:2915} INFO - Sync 1 DAGs
[2024-10-02T12:44:56.872+0000] {logging_mixin.py:151} INFO - [2024-10-02T12:44:56.871+0000] {dag.py:3696} INFO - Setting next_dagrun for test_pipeline to None, run_after=None
[2024-10-02T12:44:56.923+0000] {processor.py:179} INFO - Processing /opt/airflow/dags/published_data_dag.py took 0.200 seconds
[2024-10-02T12:45:27.109+0000] {processor.py:157} INFO - Started process (PID=1119) to work on /opt/airflow/dags/published_data_dag.py
[2024-10-02T12:45:27.111+0000] {processor.py:829} INFO - Processing file /opt/airflow/dags/published_data_dag.py for tasks to queue
[2024-10-02T12:45:27.112+0000] {logging_mixin.py:151} INFO - [2024-10-02T12:45:27.112+0000] {dagbag.py:539} INFO - Filling up the DagBag from /opt/airflow/dags/published_data_dag.py
[2024-10-02T12:45:27.160+0000] {processor.py:839} INFO - DAG(s) dict_keys(['test_pipeline']) retrieved from /opt/airflow/dags/published_data_dag.py
[2024-10-02T12:45:27.216+0000] {logging_mixin.py:151} INFO - [2024-10-02T12:45:27.211+0000] {dag.py:2915} INFO - Sync 1 DAGs
[2024-10-02T12:45:27.244+0000] {logging_mixin.py:151} INFO - [2024-10-02T12:45:27.244+0000] {dag.py:3696} INFO - Setting next_dagrun for test_pipeline to None, run_after=None
[2024-10-02T12:45:27.277+0000] {processor.py:179} INFO - Processing /opt/airflow/dags/published_data_dag.py took 0.174 seconds
[2024-10-02T12:45:57.457+0000] {processor.py:157} INFO - Started process (PID=1122) to work on /opt/airflow/dags/published_data_dag.py
[2024-10-02T12:45:57.459+0000] {processor.py:829} INFO - Processing file /opt/airflow/dags/published_data_dag.py for tasks to queue
[2024-10-02T12:45:57.460+0000] {logging_mixin.py:151} INFO - [2024-10-02T12:45:57.460+0000] {dagbag.py:539} INFO - Filling up the DagBag from /opt/airflow/dags/published_data_dag.py
[2024-10-02T12:45:57.500+0000] {processor.py:839} INFO - DAG(s) dict_keys(['test_pipeline']) retrieved from /opt/airflow/dags/published_data_dag.py
[2024-10-02T12:45:57.544+0000] {logging_mixin.py:151} INFO - [2024-10-02T12:45:57.543+0000] {dag.py:2915} INFO - Sync 1 DAGs
[2024-10-02T12:45:57.564+0000] {logging_mixin.py:151} INFO - [2024-10-02T12:45:57.563+0000] {dag.py:3696} INFO - Setting next_dagrun for test_pipeline to None, run_after=None
[2024-10-02T12:45:57.592+0000] {processor.py:179} INFO - Processing /opt/airflow/dags/published_data_dag.py took 0.141 seconds
[2024-10-02T12:46:27.667+0000] {processor.py:157} INFO - Started process (PID=1125) to work on /opt/airflow/dags/published_data_dag.py
[2024-10-02T12:46:27.671+0000] {processor.py:829} INFO - Processing file /opt/airflow/dags/published_data_dag.py for tasks to queue
[2024-10-02T12:46:27.673+0000] {logging_mixin.py:151} INFO - [2024-10-02T12:46:27.672+0000] {dagbag.py:539} INFO - Filling up the DagBag from /opt/airflow/dags/published_data_dag.py
[2024-10-02T12:46:27.741+0000] {processor.py:839} INFO - DAG(s) dict_keys(['test_pipeline']) retrieved from /opt/airflow/dags/published_data_dag.py
[2024-10-02T12:46:27.794+0000] {logging_mixin.py:151} INFO - [2024-10-02T12:46:27.793+0000] {dag.py:2915} INFO - Sync 1 DAGs
[2024-10-02T12:46:27.815+0000] {logging_mixin.py:151} INFO - [2024-10-02T12:46:27.815+0000] {dag.py:3696} INFO - Setting next_dagrun for test_pipeline to None, run_after=None
[2024-10-02T12:46:27.845+0000] {processor.py:179} INFO - Processing /opt/airflow/dags/published_data_dag.py took 0.190 seconds
[2024-10-02T12:46:58.014+0000] {processor.py:157} INFO - Started process (PID=1128) to work on /opt/airflow/dags/published_data_dag.py
[2024-10-02T12:46:58.015+0000] {processor.py:829} INFO - Processing file /opt/airflow/dags/published_data_dag.py for tasks to queue
[2024-10-02T12:46:58.017+0000] {logging_mixin.py:151} INFO - [2024-10-02T12:46:58.016+0000] {dagbag.py:539} INFO - Filling up the DagBag from /opt/airflow/dags/published_data_dag.py
[2024-10-02T12:46:58.076+0000] {processor.py:839} INFO - DAG(s) dict_keys(['test_pipeline']) retrieved from /opt/airflow/dags/published_data_dag.py
[2024-10-02T12:46:58.109+0000] {logging_mixin.py:151} INFO - [2024-10-02T12:46:58.109+0000] {dag.py:2915} INFO - Sync 1 DAGs
[2024-10-02T12:46:58.126+0000] {logging_mixin.py:151} INFO - [2024-10-02T12:46:58.126+0000] {dag.py:3696} INFO - Setting next_dagrun for test_pipeline to None, run_after=None
[2024-10-02T12:46:58.146+0000] {processor.py:179} INFO - Processing /opt/airflow/dags/published_data_dag.py took 0.147 seconds
[2024-10-02T12:47:28.305+0000] {processor.py:157} INFO - Started process (PID=1131) to work on /opt/airflow/dags/published_data_dag.py
[2024-10-02T12:47:28.311+0000] {processor.py:829} INFO - Processing file /opt/airflow/dags/published_data_dag.py for tasks to queue
[2024-10-02T12:47:28.314+0000] {logging_mixin.py:151} INFO - [2024-10-02T12:47:28.312+0000] {dagbag.py:539} INFO - Filling up the DagBag from /opt/airflow/dags/published_data_dag.py
[2024-10-02T12:47:28.349+0000] {processor.py:839} INFO - DAG(s) dict_keys(['test_pipeline']) retrieved from /opt/airflow/dags/published_data_dag.py
[2024-10-02T12:47:28.388+0000] {logging_mixin.py:151} INFO - [2024-10-02T12:47:28.387+0000] {dag.py:2915} INFO - Sync 1 DAGs
[2024-10-02T12:47:28.410+0000] {logging_mixin.py:151} INFO - [2024-10-02T12:47:28.409+0000] {dag.py:3696} INFO - Setting next_dagrun for test_pipeline to None, run_after=None
[2024-10-02T12:47:28.438+0000] {processor.py:179} INFO - Processing /opt/airflow/dags/published_data_dag.py took 0.137 seconds
[2024-10-02T12:47:58.606+0000] {processor.py:157} INFO - Started process (PID=1134) to work on /opt/airflow/dags/published_data_dag.py
[2024-10-02T12:47:58.607+0000] {processor.py:829} INFO - Processing file /opt/airflow/dags/published_data_dag.py for tasks to queue
[2024-10-02T12:47:58.608+0000] {logging_mixin.py:151} INFO - [2024-10-02T12:47:58.608+0000] {dagbag.py:539} INFO - Filling up the DagBag from /opt/airflow/dags/published_data_dag.py
[2024-10-02T12:47:58.640+0000] {processor.py:839} INFO - DAG(s) dict_keys(['test_pipeline']) retrieved from /opt/airflow/dags/published_data_dag.py
[2024-10-02T12:47:58.677+0000] {logging_mixin.py:151} INFO - [2024-10-02T12:47:58.677+0000] {dag.py:2915} INFO - Sync 1 DAGs
[2024-10-02T12:47:58.693+0000] {logging_mixin.py:151} INFO - [2024-10-02T12:47:58.692+0000] {dag.py:3696} INFO - Setting next_dagrun for test_pipeline to None, run_after=None
[2024-10-02T12:47:58.716+0000] {processor.py:179} INFO - Processing /opt/airflow/dags/published_data_dag.py took 0.113 seconds
[2024-10-02T12:48:28.869+0000] {processor.py:157} INFO - Started process (PID=1137) to work on /opt/airflow/dags/published_data_dag.py
[2024-10-02T12:48:28.870+0000] {processor.py:829} INFO - Processing file /opt/airflow/dags/published_data_dag.py for tasks to queue
[2024-10-02T12:48:28.872+0000] {logging_mixin.py:151} INFO - [2024-10-02T12:48:28.871+0000] {dagbag.py:539} INFO - Filling up the DagBag from /opt/airflow/dags/published_data_dag.py
[2024-10-02T12:48:28.911+0000] {processor.py:839} INFO - DAG(s) dict_keys(['test_pipeline']) retrieved from /opt/airflow/dags/published_data_dag.py
[2024-10-02T12:48:28.969+0000] {logging_mixin.py:151} INFO - [2024-10-02T12:48:28.968+0000] {dag.py:2915} INFO - Sync 1 DAGs
[2024-10-02T12:48:28.992+0000] {logging_mixin.py:151} INFO - [2024-10-02T12:48:28.992+0000] {dag.py:3696} INFO - Setting next_dagrun for test_pipeline to None, run_after=None
[2024-10-02T12:48:29.017+0000] {processor.py:179} INFO - Processing /opt/airflow/dags/published_data_dag.py took 0.153 seconds
[2024-10-02T12:48:59.212+0000] {processor.py:157} INFO - Started process (PID=1140) to work on /opt/airflow/dags/published_data_dag.py
[2024-10-02T12:48:59.213+0000] {processor.py:829} INFO - Processing file /opt/airflow/dags/published_data_dag.py for tasks to queue
[2024-10-02T12:48:59.216+0000] {logging_mixin.py:151} INFO - [2024-10-02T12:48:59.216+0000] {dagbag.py:539} INFO - Filling up the DagBag from /opt/airflow/dags/published_data_dag.py
[2024-10-02T12:48:59.280+0000] {processor.py:839} INFO - DAG(s) dict_keys(['test_pipeline']) retrieved from /opt/airflow/dags/published_data_dag.py
[2024-10-02T12:48:59.347+0000] {logging_mixin.py:151} INFO - [2024-10-02T12:48:59.346+0000] {dag.py:2915} INFO - Sync 1 DAGs
[2024-10-02T12:48:59.365+0000] {logging_mixin.py:151} INFO - [2024-10-02T12:48:59.365+0000] {dag.py:3696} INFO - Setting next_dagrun for test_pipeline to None, run_after=None
[2024-10-02T12:48:59.420+0000] {processor.py:179} INFO - Processing /opt/airflow/dags/published_data_dag.py took 0.215 seconds
[2024-10-02T12:49:30.410+0000] {processor.py:157} INFO - Started process (PID=1143) to work on /opt/airflow/dags/published_data_dag.py
[2024-10-02T12:49:30.411+0000] {processor.py:829} INFO - Processing file /opt/airflow/dags/published_data_dag.py for tasks to queue
[2024-10-02T12:49:30.413+0000] {logging_mixin.py:151} INFO - [2024-10-02T12:49:30.412+0000] {dagbag.py:539} INFO - Filling up the DagBag from /opt/airflow/dags/published_data_dag.py
[2024-10-02T12:49:30.453+0000] {processor.py:839} INFO - DAG(s) dict_keys(['test_pipeline']) retrieved from /opt/airflow/dags/published_data_dag.py
[2024-10-02T12:49:30.512+0000] {logging_mixin.py:151} INFO - [2024-10-02T12:49:30.511+0000] {dag.py:2915} INFO - Sync 1 DAGs
[2024-10-02T12:49:30.530+0000] {logging_mixin.py:151} INFO - [2024-10-02T12:49:30.529+0000] {dag.py:3696} INFO - Setting next_dagrun for test_pipeline to None, run_after=None
[2024-10-02T12:49:30.552+0000] {processor.py:179} INFO - Processing /opt/airflow/dags/published_data_dag.py took 0.147 seconds
[2024-10-02T12:50:00.705+0000] {processor.py:157} INFO - Started process (PID=1146) to work on /opt/airflow/dags/published_data_dag.py
[2024-10-02T12:50:00.706+0000] {processor.py:829} INFO - Processing file /opt/airflow/dags/published_data_dag.py for tasks to queue
[2024-10-02T12:50:00.707+0000] {logging_mixin.py:151} INFO - [2024-10-02T12:50:00.707+0000] {dagbag.py:539} INFO - Filling up the DagBag from /opt/airflow/dags/published_data_dag.py
[2024-10-02T12:50:00.751+0000] {processor.py:839} INFO - DAG(s) dict_keys(['test_pipeline']) retrieved from /opt/airflow/dags/published_data_dag.py
[2024-10-02T12:50:00.807+0000] {logging_mixin.py:151} INFO - [2024-10-02T12:50:00.806+0000] {dag.py:2915} INFO - Sync 1 DAGs
[2024-10-02T12:50:00.828+0000] {logging_mixin.py:151} INFO - [2024-10-02T12:50:00.828+0000] {dag.py:3696} INFO - Setting next_dagrun for test_pipeline to None, run_after=None
[2024-10-02T12:50:00.861+0000] {processor.py:179} INFO - Processing /opt/airflow/dags/published_data_dag.py took 0.161 seconds
[2024-10-02T12:50:31.020+0000] {processor.py:157} INFO - Started process (PID=1149) to work on /opt/airflow/dags/published_data_dag.py
[2024-10-02T12:50:31.022+0000] {processor.py:829} INFO - Processing file /opt/airflow/dags/published_data_dag.py for tasks to queue
[2024-10-02T12:50:31.023+0000] {logging_mixin.py:151} INFO - [2024-10-02T12:50:31.022+0000] {dagbag.py:539} INFO - Filling up the DagBag from /opt/airflow/dags/published_data_dag.py
[2024-10-02T12:50:31.071+0000] {processor.py:839} INFO - DAG(s) dict_keys(['test_pipeline']) retrieved from /opt/airflow/dags/published_data_dag.py
[2024-10-02T12:50:31.109+0000] {logging_mixin.py:151} INFO - [2024-10-02T12:50:31.109+0000] {dag.py:2915} INFO - Sync 1 DAGs
[2024-10-02T12:50:31.126+0000] {logging_mixin.py:151} INFO - [2024-10-02T12:50:31.126+0000] {dag.py:3696} INFO - Setting next_dagrun for test_pipeline to None, run_after=None
[2024-10-02T12:50:31.154+0000] {processor.py:179} INFO - Processing /opt/airflow/dags/published_data_dag.py took 0.138 seconds
[2024-10-02T12:51:01.322+0000] {processor.py:157} INFO - Started process (PID=1152) to work on /opt/airflow/dags/published_data_dag.py
[2024-10-02T12:51:01.325+0000] {processor.py:829} INFO - Processing file /opt/airflow/dags/published_data_dag.py for tasks to queue
[2024-10-02T12:51:01.327+0000] {logging_mixin.py:151} INFO - [2024-10-02T12:51:01.327+0000] {dagbag.py:539} INFO - Filling up the DagBag from /opt/airflow/dags/published_data_dag.py
[2024-10-02T12:51:01.413+0000] {processor.py:839} INFO - DAG(s) dict_keys(['test_pipeline']) retrieved from /opt/airflow/dags/published_data_dag.py
[2024-10-02T12:51:01.473+0000] {logging_mixin.py:151} INFO - [2024-10-02T12:51:01.473+0000] {dag.py:2915} INFO - Sync 1 DAGs
[2024-10-02T12:51:01.498+0000] {logging_mixin.py:151} INFO - [2024-10-02T12:51:01.498+0000] {dag.py:3696} INFO - Setting next_dagrun for test_pipeline to None, run_after=None
[2024-10-02T12:51:01.551+0000] {processor.py:179} INFO - Processing /opt/airflow/dags/published_data_dag.py took 0.244 seconds
[2024-10-02T12:51:32.465+0000] {processor.py:157} INFO - Started process (PID=1153) to work on /opt/airflow/dags/published_data_dag.py
[2024-10-02T12:51:32.467+0000] {processor.py:829} INFO - Processing file /opt/airflow/dags/published_data_dag.py for tasks to queue
[2024-10-02T12:51:32.469+0000] {logging_mixin.py:151} INFO - [2024-10-02T12:51:32.468+0000] {dagbag.py:539} INFO - Filling up the DagBag from /opt/airflow/dags/published_data_dag.py
[2024-10-02T12:51:32.514+0000] {processor.py:839} INFO - DAG(s) dict_keys(['test_pipeline']) retrieved from /opt/airflow/dags/published_data_dag.py
[2024-10-02T12:51:32.570+0000] {logging_mixin.py:151} INFO - [2024-10-02T12:51:32.569+0000] {dag.py:2915} INFO - Sync 1 DAGs
[2024-10-02T12:51:32.593+0000] {logging_mixin.py:151} INFO - [2024-10-02T12:51:32.593+0000] {dag.py:3696} INFO - Setting next_dagrun for test_pipeline to None, run_after=None
[2024-10-02T12:51:32.615+0000] {processor.py:179} INFO - Processing /opt/airflow/dags/published_data_dag.py took 0.156 seconds
[2024-10-02T12:52:02.765+0000] {processor.py:157} INFO - Started process (PID=1156) to work on /opt/airflow/dags/published_data_dag.py
[2024-10-02T12:52:02.766+0000] {processor.py:829} INFO - Processing file /opt/airflow/dags/published_data_dag.py for tasks to queue
[2024-10-02T12:52:02.767+0000] {logging_mixin.py:151} INFO - [2024-10-02T12:52:02.767+0000] {dagbag.py:539} INFO - Filling up the DagBag from /opt/airflow/dags/published_data_dag.py
[2024-10-02T12:52:02.803+0000] {processor.py:839} INFO - DAG(s) dict_keys(['test_pipeline']) retrieved from /opt/airflow/dags/published_data_dag.py
[2024-10-02T12:52:02.865+0000] {logging_mixin.py:151} INFO - [2024-10-02T12:52:02.864+0000] {dag.py:2915} INFO - Sync 1 DAGs
[2024-10-02T12:52:02.882+0000] {logging_mixin.py:151} INFO - [2024-10-02T12:52:02.881+0000] {dag.py:3696} INFO - Setting next_dagrun for test_pipeline to None, run_after=None
[2024-10-02T12:52:02.905+0000] {processor.py:179} INFO - Processing /opt/airflow/dags/published_data_dag.py took 0.144 seconds
[2024-10-02T12:52:33.089+0000] {processor.py:157} INFO - Started process (PID=1159) to work on /opt/airflow/dags/published_data_dag.py
[2024-10-02T12:52:33.091+0000] {processor.py:829} INFO - Processing file /opt/airflow/dags/published_data_dag.py for tasks to queue
[2024-10-02T12:52:33.093+0000] {logging_mixin.py:151} INFO - [2024-10-02T12:52:33.092+0000] {dagbag.py:539} INFO - Filling up the DagBag from /opt/airflow/dags/published_data_dag.py
[2024-10-02T12:52:33.164+0000] {processor.py:839} INFO - DAG(s) dict_keys(['test_pipeline']) retrieved from /opt/airflow/dags/published_data_dag.py
[2024-10-02T12:52:33.207+0000] {logging_mixin.py:151} INFO - [2024-10-02T12:52:33.207+0000] {dag.py:2915} INFO - Sync 1 DAGs
[2024-10-02T12:52:33.222+0000] {logging_mixin.py:151} INFO - [2024-10-02T12:52:33.222+0000] {dag.py:3696} INFO - Setting next_dagrun for test_pipeline to None, run_after=None
[2024-10-02T12:52:33.240+0000] {processor.py:179} INFO - Processing /opt/airflow/dags/published_data_dag.py took 0.157 seconds
