[2024-10-02T14:38:07.365+0000] {processor.py:157} INFO - Started process (PID=25) to work on /opt/airflow/dags/sac_dag.py
[2024-10-02T14:38:07.370+0000] {processor.py:829} INFO - Processing file /opt/airflow/dags/sac_dag.py for tasks to queue
[2024-10-02T14:38:07.379+0000] {logging_mixin.py:151} INFO - [2024-10-02T14:38:07.378+0000] {dagbag.py:539} INFO - Filling up the DagBag from /opt/airflow/dags/sac_dag.py
[2024-10-02T14:38:10.618+0000] {processor.py:839} INFO - DAG(s) dict_keys(['etl_sac_pipeline']) retrieved from /opt/airflow/dags/sac_dag.py
[2024-10-02T14:38:10.662+0000] {logging_mixin.py:151} INFO - [2024-10-02T14:38:10.662+0000] {dag.py:2915} INFO - Sync 1 DAGs
[2024-10-02T14:38:10.686+0000] {logging_mixin.py:151} INFO - [2024-10-02T14:38:10.685+0000] {dag.py:3696} INFO - Setting next_dagrun for etl_sac_pipeline to None, run_after=None
[2024-10-02T14:38:10.997+0000] {processor.py:179} INFO - Processing /opt/airflow/dags/sac_dag.py took 3.639 seconds
[2024-10-02T14:38:41.189+0000] {processor.py:157} INFO - Started process (PID=29) to work on /opt/airflow/dags/sac_dag.py
[2024-10-02T14:38:41.191+0000] {processor.py:829} INFO - Processing file /opt/airflow/dags/sac_dag.py for tasks to queue
[2024-10-02T14:38:41.196+0000] {logging_mixin.py:151} INFO - [2024-10-02T14:38:41.196+0000] {dagbag.py:539} INFO - Filling up the DagBag from /opt/airflow/dags/sac_dag.py
[2024-10-02T14:38:41.901+0000] {processor.py:839} INFO - DAG(s) dict_keys(['etl_sac_pipeline']) retrieved from /opt/airflow/dags/sac_dag.py
[2024-10-02T14:38:41.960+0000] {logging_mixin.py:151} INFO - [2024-10-02T14:38:41.960+0000] {dag.py:2915} INFO - Sync 1 DAGs
[2024-10-02T14:38:41.979+0000] {logging_mixin.py:151} INFO - [2024-10-02T14:38:41.979+0000] {dag.py:3696} INFO - Setting next_dagrun for etl_sac_pipeline to None, run_after=None
[2024-10-02T14:38:42.009+0000] {processor.py:179} INFO - Processing /opt/airflow/dags/sac_dag.py took 0.826 seconds
[2024-10-02T14:40:09.990+0000] {processor.py:157} INFO - Started process (PID=25) to work on /opt/airflow/dags/sac_dag.py
[2024-10-02T14:40:09.997+0000] {processor.py:829} INFO - Processing file /opt/airflow/dags/sac_dag.py for tasks to queue
[2024-10-02T14:40:10.005+0000] {logging_mixin.py:151} INFO - [2024-10-02T14:40:10.005+0000] {dagbag.py:539} INFO - Filling up the DagBag from /opt/airflow/dags/sac_dag.py
[2024-10-02T14:40:13.805+0000] {processor.py:839} INFO - DAG(s) dict_keys(['etl_sac_pipeline']) retrieved from /opt/airflow/dags/sac_dag.py
[2024-10-02T14:40:13.848+0000] {logging_mixin.py:151} INFO - [2024-10-02T14:40:13.847+0000] {dag.py:2915} INFO - Sync 1 DAGs
[2024-10-02T14:40:13.871+0000] {logging_mixin.py:151} INFO - [2024-10-02T14:40:13.871+0000] {dag.py:3696} INFO - Setting next_dagrun for etl_sac_pipeline to None, run_after=None
[2024-10-02T14:40:14.149+0000] {processor.py:179} INFO - Processing /opt/airflow/dags/sac_dag.py took 4.164 seconds
[2024-10-02T14:40:44.354+0000] {processor.py:157} INFO - Started process (PID=29) to work on /opt/airflow/dags/sac_dag.py
[2024-10-02T14:40:44.356+0000] {processor.py:829} INFO - Processing file /opt/airflow/dags/sac_dag.py for tasks to queue
[2024-10-02T14:40:44.361+0000] {logging_mixin.py:151} INFO - [2024-10-02T14:40:44.360+0000] {dagbag.py:539} INFO - Filling up the DagBag from /opt/airflow/dags/sac_dag.py
[2024-10-02T14:40:45.076+0000] {processor.py:839} INFO - DAG(s) dict_keys(['etl_sac_pipeline']) retrieved from /opt/airflow/dags/sac_dag.py
[2024-10-02T14:40:45.147+0000] {logging_mixin.py:151} INFO - [2024-10-02T14:40:45.147+0000] {dag.py:2915} INFO - Sync 1 DAGs
[2024-10-02T14:40:45.163+0000] {logging_mixin.py:151} INFO - [2024-10-02T14:40:45.162+0000] {dag.py:3696} INFO - Setting next_dagrun for etl_sac_pipeline to None, run_after=None
[2024-10-02T14:40:45.187+0000] {processor.py:179} INFO - Processing /opt/airflow/dags/sac_dag.py took 0.839 seconds
[2024-10-02T14:41:15.389+0000] {processor.py:157} INFO - Started process (PID=33) to work on /opt/airflow/dags/sac_dag.py
[2024-10-02T14:41:15.391+0000] {processor.py:829} INFO - Processing file /opt/airflow/dags/sac_dag.py for tasks to queue
[2024-10-02T14:41:15.397+0000] {logging_mixin.py:151} INFO - [2024-10-02T14:41:15.396+0000] {dagbag.py:539} INFO - Filling up the DagBag from /opt/airflow/dags/sac_dag.py
[2024-10-02T14:41:16.288+0000] {processor.py:839} INFO - DAG(s) dict_keys(['etl_sac_pipeline']) retrieved from /opt/airflow/dags/sac_dag.py
[2024-10-02T14:41:16.329+0000] {logging_mixin.py:151} INFO - [2024-10-02T14:41:16.329+0000] {dag.py:2915} INFO - Sync 1 DAGs
[2024-10-02T14:41:16.354+0000] {logging_mixin.py:151} INFO - [2024-10-02T14:41:16.354+0000] {dag.py:3696} INFO - Setting next_dagrun for etl_sac_pipeline to None, run_after=None
[2024-10-02T14:41:16.388+0000] {processor.py:179} INFO - Processing /opt/airflow/dags/sac_dag.py took 1.008 seconds
[2024-10-02T14:41:46.546+0000] {processor.py:157} INFO - Started process (PID=37) to work on /opt/airflow/dags/sac_dag.py
[2024-10-02T14:41:46.547+0000] {processor.py:829} INFO - Processing file /opt/airflow/dags/sac_dag.py for tasks to queue
[2024-10-02T14:41:46.552+0000] {logging_mixin.py:151} INFO - [2024-10-02T14:41:46.551+0000] {dagbag.py:539} INFO - Filling up the DagBag from /opt/airflow/dags/sac_dag.py
[2024-10-02T14:41:47.185+0000] {processor.py:839} INFO - DAG(s) dict_keys(['etl_sac_pipeline']) retrieved from /opt/airflow/dags/sac_dag.py
[2024-10-02T14:41:47.217+0000] {logging_mixin.py:151} INFO - [2024-10-02T14:41:47.216+0000] {dag.py:2915} INFO - Sync 1 DAGs
[2024-10-02T14:41:47.230+0000] {logging_mixin.py:151} INFO - [2024-10-02T14:41:47.230+0000] {dag.py:3696} INFO - Setting next_dagrun for etl_sac_pipeline to None, run_after=None
[2024-10-02T14:41:47.250+0000] {processor.py:179} INFO - Processing /opt/airflow/dags/sac_dag.py took 0.709 seconds
[2024-10-02T14:42:17.353+0000] {processor.py:157} INFO - Started process (PID=41) to work on /opt/airflow/dags/sac_dag.py
[2024-10-02T14:42:17.357+0000] {processor.py:829} INFO - Processing file /opt/airflow/dags/sac_dag.py for tasks to queue
[2024-10-02T14:42:17.360+0000] {logging_mixin.py:151} INFO - [2024-10-02T14:42:17.359+0000] {dagbag.py:539} INFO - Filling up the DagBag from /opt/airflow/dags/sac_dag.py
[2024-10-02T14:42:18.199+0000] {processor.py:839} INFO - DAG(s) dict_keys(['etl_sac_pipeline']) retrieved from /opt/airflow/dags/sac_dag.py
[2024-10-02T14:42:18.229+0000] {logging_mixin.py:151} INFO - [2024-10-02T14:42:18.229+0000] {dag.py:2915} INFO - Sync 1 DAGs
[2024-10-02T14:42:18.243+0000] {logging_mixin.py:151} INFO - [2024-10-02T14:42:18.243+0000] {dag.py:3696} INFO - Setting next_dagrun for etl_sac_pipeline to None, run_after=None
[2024-10-02T14:42:18.264+0000] {processor.py:179} INFO - Processing /opt/airflow/dags/sac_dag.py took 0.915 seconds
[2024-10-02T14:42:48.457+0000] {processor.py:157} INFO - Started process (PID=45) to work on /opt/airflow/dags/sac_dag.py
[2024-10-02T14:42:48.459+0000] {processor.py:829} INFO - Processing file /opt/airflow/dags/sac_dag.py for tasks to queue
[2024-10-02T14:42:48.468+0000] {logging_mixin.py:151} INFO - [2024-10-02T14:42:48.468+0000] {dagbag.py:539} INFO - Filling up the DagBag from /opt/airflow/dags/sac_dag.py
[2024-10-02T14:42:49.330+0000] {processor.py:839} INFO - DAG(s) dict_keys(['etl_sac_pipeline']) retrieved from /opt/airflow/dags/sac_dag.py
[2024-10-02T14:42:49.371+0000] {logging_mixin.py:151} INFO - [2024-10-02T14:42:49.371+0000] {dag.py:2915} INFO - Sync 1 DAGs
[2024-10-02T14:42:49.392+0000] {logging_mixin.py:151} INFO - [2024-10-02T14:42:49.392+0000] {dag.py:3696} INFO - Setting next_dagrun for etl_sac_pipeline to None, run_after=None
[2024-10-02T14:42:49.421+0000] {processor.py:179} INFO - Processing /opt/airflow/dags/sac_dag.py took 0.970 seconds
[2024-10-02T14:43:19.602+0000] {processor.py:157} INFO - Started process (PID=49) to work on /opt/airflow/dags/sac_dag.py
[2024-10-02T14:43:19.604+0000] {processor.py:829} INFO - Processing file /opt/airflow/dags/sac_dag.py for tasks to queue
[2024-10-02T14:43:19.607+0000] {logging_mixin.py:151} INFO - [2024-10-02T14:43:19.607+0000] {dagbag.py:539} INFO - Filling up the DagBag from /opt/airflow/dags/sac_dag.py
[2024-10-02T14:43:20.341+0000] {processor.py:839} INFO - DAG(s) dict_keys(['etl_sac_pipeline']) retrieved from /opt/airflow/dags/sac_dag.py
[2024-10-02T14:43:20.385+0000] {logging_mixin.py:151} INFO - [2024-10-02T14:43:20.384+0000] {dag.py:2915} INFO - Sync 1 DAGs
[2024-10-02T14:43:20.405+0000] {logging_mixin.py:151} INFO - [2024-10-02T14:43:20.405+0000] {dag.py:3696} INFO - Setting next_dagrun for etl_sac_pipeline to None, run_after=None
[2024-10-02T14:43:20.437+0000] {processor.py:179} INFO - Processing /opt/airflow/dags/sac_dag.py took 0.841 seconds
[2024-10-02T14:43:50.614+0000] {processor.py:157} INFO - Started process (PID=53) to work on /opt/airflow/dags/sac_dag.py
[2024-10-02T14:43:50.616+0000] {processor.py:829} INFO - Processing file /opt/airflow/dags/sac_dag.py for tasks to queue
[2024-10-02T14:43:50.620+0000] {logging_mixin.py:151} INFO - [2024-10-02T14:43:50.619+0000] {dagbag.py:539} INFO - Filling up the DagBag from /opt/airflow/dags/sac_dag.py
[2024-10-02T14:43:51.189+0000] {processor.py:839} INFO - DAG(s) dict_keys(['etl_sac_pipeline']) retrieved from /opt/airflow/dags/sac_dag.py
[2024-10-02T14:43:51.238+0000] {logging_mixin.py:151} INFO - [2024-10-02T14:43:51.238+0000] {dag.py:2915} INFO - Sync 1 DAGs
[2024-10-02T14:43:51.264+0000] {logging_mixin.py:151} INFO - [2024-10-02T14:43:51.264+0000] {dag.py:3696} INFO - Setting next_dagrun for etl_sac_pipeline to None, run_after=None
[2024-10-02T14:43:51.304+0000] {processor.py:179} INFO - Processing /opt/airflow/dags/sac_dag.py took 0.694 seconds
[2024-10-02T14:44:21.500+0000] {processor.py:157} INFO - Started process (PID=57) to work on /opt/airflow/dags/sac_dag.py
[2024-10-02T14:44:21.502+0000] {processor.py:829} INFO - Processing file /opt/airflow/dags/sac_dag.py for tasks to queue
[2024-10-02T14:44:21.506+0000] {logging_mixin.py:151} INFO - [2024-10-02T14:44:21.506+0000] {dagbag.py:539} INFO - Filling up the DagBag from /opt/airflow/dags/sac_dag.py
[2024-10-02T14:44:22.473+0000] {processor.py:839} INFO - DAG(s) dict_keys(['etl_sac_pipeline']) retrieved from /opt/airflow/dags/sac_dag.py
[2024-10-02T14:44:22.517+0000] {logging_mixin.py:151} INFO - [2024-10-02T14:44:22.517+0000] {dag.py:2915} INFO - Sync 1 DAGs
[2024-10-02T14:44:22.540+0000] {logging_mixin.py:151} INFO - [2024-10-02T14:44:22.539+0000] {dag.py:3696} INFO - Setting next_dagrun for etl_sac_pipeline to None, run_after=None
[2024-10-02T14:44:22.577+0000] {processor.py:179} INFO - Processing /opt/airflow/dags/sac_dag.py took 1.083 seconds
[2024-10-02T14:44:52.743+0000] {processor.py:157} INFO - Started process (PID=61) to work on /opt/airflow/dags/sac_dag.py
[2024-10-02T14:44:52.745+0000] {processor.py:829} INFO - Processing file /opt/airflow/dags/sac_dag.py for tasks to queue
[2024-10-02T14:44:52.751+0000] {logging_mixin.py:151} INFO - [2024-10-02T14:44:52.749+0000] {dagbag.py:539} INFO - Filling up the DagBag from /opt/airflow/dags/sac_dag.py
[2024-10-02T14:44:53.285+0000] {processor.py:839} INFO - DAG(s) dict_keys(['etl_sac_pipeline']) retrieved from /opt/airflow/dags/sac_dag.py
[2024-10-02T14:44:53.318+0000] {logging_mixin.py:151} INFO - [2024-10-02T14:44:53.318+0000] {dag.py:2915} INFO - Sync 1 DAGs
[2024-10-02T14:44:53.333+0000] {logging_mixin.py:151} INFO - [2024-10-02T14:44:53.332+0000] {dag.py:3696} INFO - Setting next_dagrun for etl_sac_pipeline to None, run_after=None
[2024-10-02T14:44:53.353+0000] {processor.py:179} INFO - Processing /opt/airflow/dags/sac_dag.py took 0.615 seconds
[2024-10-02T14:45:23.558+0000] {processor.py:157} INFO - Started process (PID=65) to work on /opt/airflow/dags/sac_dag.py
[2024-10-02T14:45:23.560+0000] {processor.py:829} INFO - Processing file /opt/airflow/dags/sac_dag.py for tasks to queue
[2024-10-02T14:45:23.566+0000] {logging_mixin.py:151} INFO - [2024-10-02T14:45:23.565+0000] {dagbag.py:539} INFO - Filling up the DagBag from /opt/airflow/dags/sac_dag.py
[2024-10-02T14:45:24.406+0000] {processor.py:839} INFO - DAG(s) dict_keys(['etl_sac_pipeline']) retrieved from /opt/airflow/dags/sac_dag.py
[2024-10-02T14:45:24.449+0000] {logging_mixin.py:151} INFO - [2024-10-02T14:45:24.449+0000] {dag.py:2915} INFO - Sync 1 DAGs
[2024-10-02T14:45:24.469+0000] {logging_mixin.py:151} INFO - [2024-10-02T14:45:24.468+0000] {dag.py:3696} INFO - Setting next_dagrun for etl_sac_pipeline to None, run_after=None
[2024-10-02T14:45:24.496+0000] {processor.py:179} INFO - Processing /opt/airflow/dags/sac_dag.py took 0.941 seconds
[2024-10-02T15:58:13.229+0000] {processor.py:157} INFO - Started process (PID=25) to work on /opt/airflow/dags/sac_dag.py
[2024-10-02T15:58:13.242+0000] {processor.py:829} INFO - Processing file /opt/airflow/dags/sac_dag.py for tasks to queue
[2024-10-02T15:58:13.246+0000] {logging_mixin.py:151} INFO - [2024-10-02T15:58:13.246+0000] {dagbag.py:539} INFO - Filling up the DagBag from /opt/airflow/dags/sac_dag.py
[2024-10-02T15:58:17.050+0000] {processor.py:839} INFO - DAG(s) dict_keys(['etl_sac_pipeline']) retrieved from /opt/airflow/dags/sac_dag.py
[2024-10-02T15:58:17.105+0000] {logging_mixin.py:151} INFO - [2024-10-02T15:58:17.105+0000] {dag.py:2915} INFO - Sync 1 DAGs
[2024-10-02T15:58:17.129+0000] {logging_mixin.py:151} INFO - [2024-10-02T15:58:17.129+0000] {dag.py:3696} INFO - Setting next_dagrun for etl_sac_pipeline to None, run_after=None
[2024-10-02T15:58:17.163+0000] {processor.py:179} INFO - Processing /opt/airflow/dags/sac_dag.py took 3.939 seconds
[2024-10-02T15:58:47.523+0000] {processor.py:157} INFO - Started process (PID=29) to work on /opt/airflow/dags/sac_dag.py
[2024-10-02T15:58:47.525+0000] {processor.py:829} INFO - Processing file /opt/airflow/dags/sac_dag.py for tasks to queue
[2024-10-02T15:58:47.528+0000] {logging_mixin.py:151} INFO - [2024-10-02T15:58:47.528+0000] {dagbag.py:539} INFO - Filling up the DagBag from /opt/airflow/dags/sac_dag.py
[2024-10-02T15:58:48.282+0000] {processor.py:839} INFO - DAG(s) dict_keys(['etl_sac_pipeline']) retrieved from /opt/airflow/dags/sac_dag.py
[2024-10-02T15:58:48.365+0000] {logging_mixin.py:151} INFO - [2024-10-02T15:58:48.365+0000] {dag.py:2915} INFO - Sync 1 DAGs
[2024-10-02T15:58:48.394+0000] {logging_mixin.py:151} INFO - [2024-10-02T15:58:48.394+0000] {dag.py:3696} INFO - Setting next_dagrun for etl_sac_pipeline to None, run_after=None
[2024-10-02T15:58:48.446+0000] {processor.py:179} INFO - Processing /opt/airflow/dags/sac_dag.py took 0.928 seconds
[2024-10-02T15:59:18.763+0000] {processor.py:157} INFO - Started process (PID=33) to work on /opt/airflow/dags/sac_dag.py
[2024-10-02T15:59:18.771+0000] {processor.py:829} INFO - Processing file /opt/airflow/dags/sac_dag.py for tasks to queue
[2024-10-02T15:59:18.778+0000] {logging_mixin.py:151} INFO - [2024-10-02T15:59:18.777+0000] {dagbag.py:539} INFO - Filling up the DagBag from /opt/airflow/dags/sac_dag.py
[2024-10-02T15:59:19.790+0000] {processor.py:839} INFO - DAG(s) dict_keys(['etl_sac_pipeline']) retrieved from /opt/airflow/dags/sac_dag.py
[2024-10-02T15:59:19.856+0000] {logging_mixin.py:151} INFO - [2024-10-02T15:59:19.856+0000] {dag.py:2915} INFO - Sync 1 DAGs
[2024-10-02T15:59:19.879+0000] {logging_mixin.py:151} INFO - [2024-10-02T15:59:19.879+0000] {dag.py:3696} INFO - Setting next_dagrun for etl_sac_pipeline to None, run_after=None
[2024-10-02T15:59:19.904+0000] {processor.py:179} INFO - Processing /opt/airflow/dags/sac_dag.py took 1.147 seconds
[2024-10-02T15:59:50.131+0000] {processor.py:157} INFO - Started process (PID=37) to work on /opt/airflow/dags/sac_dag.py
[2024-10-02T15:59:50.137+0000] {processor.py:829} INFO - Processing file /opt/airflow/dags/sac_dag.py for tasks to queue
[2024-10-02T15:59:50.141+0000] {logging_mixin.py:151} INFO - [2024-10-02T15:59:50.140+0000] {dagbag.py:539} INFO - Filling up the DagBag from /opt/airflow/dags/sac_dag.py
[2024-10-02T15:59:51.089+0000] {processor.py:839} INFO - DAG(s) dict_keys(['etl_sac_pipeline']) retrieved from /opt/airflow/dags/sac_dag.py
[2024-10-02T15:59:51.193+0000] {logging_mixin.py:151} INFO - [2024-10-02T15:59:51.193+0000] {dag.py:2915} INFO - Sync 1 DAGs
[2024-10-02T15:59:51.223+0000] {logging_mixin.py:151} INFO - [2024-10-02T15:59:51.223+0000] {dag.py:3696} INFO - Setting next_dagrun for etl_sac_pipeline to None, run_after=None
[2024-10-02T15:59:51.281+0000] {processor.py:179} INFO - Processing /opt/airflow/dags/sac_dag.py took 1.154 seconds
[2024-10-02T16:00:21.495+0000] {processor.py:157} INFO - Started process (PID=41) to work on /opt/airflow/dags/sac_dag.py
[2024-10-02T16:00:21.496+0000] {processor.py:829} INFO - Processing file /opt/airflow/dags/sac_dag.py for tasks to queue
[2024-10-02T16:00:21.500+0000] {logging_mixin.py:151} INFO - [2024-10-02T16:00:21.500+0000] {dagbag.py:539} INFO - Filling up the DagBag from /opt/airflow/dags/sac_dag.py
[2024-10-02T16:00:22.084+0000] {processor.py:839} INFO - DAG(s) dict_keys(['etl_sac_pipeline']) retrieved from /opt/airflow/dags/sac_dag.py
[2024-10-02T16:00:22.131+0000] {logging_mixin.py:151} INFO - [2024-10-02T16:00:22.130+0000] {dag.py:2915} INFO - Sync 1 DAGs
[2024-10-02T16:00:22.150+0000] {logging_mixin.py:151} INFO - [2024-10-02T16:00:22.149+0000] {dag.py:3696} INFO - Setting next_dagrun for etl_sac_pipeline to None, run_after=None
[2024-10-02T16:00:22.179+0000] {processor.py:179} INFO - Processing /opt/airflow/dags/sac_dag.py took 0.688 seconds
[2024-10-02T16:00:52.379+0000] {processor.py:157} INFO - Started process (PID=45) to work on /opt/airflow/dags/sac_dag.py
[2024-10-02T16:00:52.383+0000] {processor.py:829} INFO - Processing file /opt/airflow/dags/sac_dag.py for tasks to queue
[2024-10-02T16:00:52.386+0000] {logging_mixin.py:151} INFO - [2024-10-02T16:00:52.385+0000] {dagbag.py:539} INFO - Filling up the DagBag from /opt/airflow/dags/sac_dag.py
[2024-10-02T16:00:52.934+0000] {processor.py:839} INFO - DAG(s) dict_keys(['etl_sac_pipeline']) retrieved from /opt/airflow/dags/sac_dag.py
[2024-10-02T16:00:52.980+0000] {logging_mixin.py:151} INFO - [2024-10-02T16:00:52.980+0000] {dag.py:2915} INFO - Sync 1 DAGs
[2024-10-02T16:00:53.004+0000] {logging_mixin.py:151} INFO - [2024-10-02T16:00:53.004+0000] {dag.py:3696} INFO - Setting next_dagrun for etl_sac_pipeline to None, run_after=None
[2024-10-02T16:00:53.029+0000] {processor.py:179} INFO - Processing /opt/airflow/dags/sac_dag.py took 0.655 seconds
[2024-10-02T16:01:23.202+0000] {processor.py:157} INFO - Started process (PID=49) to work on /opt/airflow/dags/sac_dag.py
[2024-10-02T16:01:23.204+0000] {processor.py:829} INFO - Processing file /opt/airflow/dags/sac_dag.py for tasks to queue
[2024-10-02T16:01:23.208+0000] {logging_mixin.py:151} INFO - [2024-10-02T16:01:23.207+0000] {dagbag.py:539} INFO - Filling up the DagBag from /opt/airflow/dags/sac_dag.py
[2024-10-02T16:01:23.742+0000] {processor.py:839} INFO - DAG(s) dict_keys(['etl_sac_pipeline']) retrieved from /opt/airflow/dags/sac_dag.py
[2024-10-02T16:01:23.813+0000] {logging_mixin.py:151} INFO - [2024-10-02T16:01:23.813+0000] {dag.py:2915} INFO - Sync 1 DAGs
[2024-10-02T16:01:23.861+0000] {logging_mixin.py:151} INFO - [2024-10-02T16:01:23.860+0000] {dag.py:3696} INFO - Setting next_dagrun for etl_sac_pipeline to None, run_after=None
[2024-10-02T16:01:23.909+0000] {processor.py:179} INFO - Processing /opt/airflow/dags/sac_dag.py took 0.711 seconds
[2024-10-02T16:01:54.097+0000] {processor.py:157} INFO - Started process (PID=53) to work on /opt/airflow/dags/sac_dag.py
[2024-10-02T16:01:54.099+0000] {processor.py:829} INFO - Processing file /opt/airflow/dags/sac_dag.py for tasks to queue
[2024-10-02T16:01:54.102+0000] {logging_mixin.py:151} INFO - [2024-10-02T16:01:54.102+0000] {dagbag.py:539} INFO - Filling up the DagBag from /opt/airflow/dags/sac_dag.py
[2024-10-02T16:01:54.841+0000] {processor.py:839} INFO - DAG(s) dict_keys(['etl_sac_pipeline']) retrieved from /opt/airflow/dags/sac_dag.py
[2024-10-02T16:01:54.891+0000] {logging_mixin.py:151} INFO - [2024-10-02T16:01:54.888+0000] {dag.py:2915} INFO - Sync 1 DAGs
[2024-10-02T16:01:54.919+0000] {logging_mixin.py:151} INFO - [2024-10-02T16:01:54.919+0000] {dag.py:3696} INFO - Setting next_dagrun for etl_sac_pipeline to None, run_after=None
[2024-10-02T16:01:54.945+0000] {processor.py:179} INFO - Processing /opt/airflow/dags/sac_dag.py took 0.853 seconds
[2024-10-02T16:02:25.120+0000] {processor.py:157} INFO - Started process (PID=57) to work on /opt/airflow/dags/sac_dag.py
[2024-10-02T16:02:25.122+0000] {processor.py:829} INFO - Processing file /opt/airflow/dags/sac_dag.py for tasks to queue
[2024-10-02T16:02:25.127+0000] {logging_mixin.py:151} INFO - [2024-10-02T16:02:25.126+0000] {dagbag.py:539} INFO - Filling up the DagBag from /opt/airflow/dags/sac_dag.py
[2024-10-02T16:02:25.852+0000] {processor.py:839} INFO - DAG(s) dict_keys(['etl_sac_pipeline']) retrieved from /opt/airflow/dags/sac_dag.py
[2024-10-02T16:02:25.888+0000] {logging_mixin.py:151} INFO - [2024-10-02T16:02:25.888+0000] {dag.py:2915} INFO - Sync 1 DAGs
[2024-10-02T16:02:25.906+0000] {logging_mixin.py:151} INFO - [2024-10-02T16:02:25.906+0000] {dag.py:3696} INFO - Setting next_dagrun for etl_sac_pipeline to None, run_after=None
[2024-10-02T16:02:25.956+0000] {processor.py:179} INFO - Processing /opt/airflow/dags/sac_dag.py took 0.843 seconds
[2024-10-02T16:02:56.145+0000] {processor.py:157} INFO - Started process (PID=61) to work on /opt/airflow/dags/sac_dag.py
[2024-10-02T16:02:56.146+0000] {processor.py:829} INFO - Processing file /opt/airflow/dags/sac_dag.py for tasks to queue
[2024-10-02T16:02:56.149+0000] {logging_mixin.py:151} INFO - [2024-10-02T16:02:56.149+0000] {dagbag.py:539} INFO - Filling up the DagBag from /opt/airflow/dags/sac_dag.py
[2024-10-02T16:02:56.745+0000] {processor.py:839} INFO - DAG(s) dict_keys(['etl_sac_pipeline']) retrieved from /opt/airflow/dags/sac_dag.py
[2024-10-02T16:02:56.788+0000] {logging_mixin.py:151} INFO - [2024-10-02T16:02:56.788+0000] {dag.py:2915} INFO - Sync 1 DAGs
[2024-10-02T16:02:56.810+0000] {logging_mixin.py:151} INFO - [2024-10-02T16:02:56.810+0000] {dag.py:3696} INFO - Setting next_dagrun for etl_sac_pipeline to None, run_after=None
[2024-10-02T16:02:56.836+0000] {processor.py:179} INFO - Processing /opt/airflow/dags/sac_dag.py took 0.696 seconds
[2024-10-02T16:03:26.998+0000] {processor.py:157} INFO - Started process (PID=65) to work on /opt/airflow/dags/sac_dag.py
[2024-10-02T16:03:26.999+0000] {processor.py:829} INFO - Processing file /opt/airflow/dags/sac_dag.py for tasks to queue
[2024-10-02T16:03:27.003+0000] {logging_mixin.py:151} INFO - [2024-10-02T16:03:27.002+0000] {dagbag.py:539} INFO - Filling up the DagBag from /opt/airflow/dags/sac_dag.py
[2024-10-02T16:03:27.527+0000] {processor.py:839} INFO - DAG(s) dict_keys(['etl_sac_pipeline']) retrieved from /opt/airflow/dags/sac_dag.py
[2024-10-02T16:03:27.565+0000] {logging_mixin.py:151} INFO - [2024-10-02T16:03:27.564+0000] {dag.py:2915} INFO - Sync 1 DAGs
[2024-10-02T16:03:27.581+0000] {logging_mixin.py:151} INFO - [2024-10-02T16:03:27.580+0000] {dag.py:3696} INFO - Setting next_dagrun for etl_sac_pipeline to None, run_after=None
[2024-10-02T16:03:27.608+0000] {processor.py:179} INFO - Processing /opt/airflow/dags/sac_dag.py took 0.614 seconds
[2024-10-02T16:03:57.793+0000] {processor.py:157} INFO - Started process (PID=69) to work on /opt/airflow/dags/sac_dag.py
[2024-10-02T16:03:57.795+0000] {processor.py:829} INFO - Processing file /opt/airflow/dags/sac_dag.py for tasks to queue
[2024-10-02T16:03:57.802+0000] {logging_mixin.py:151} INFO - [2024-10-02T16:03:57.801+0000] {dagbag.py:539} INFO - Filling up the DagBag from /opt/airflow/dags/sac_dag.py
[2024-10-02T16:03:58.458+0000] {processor.py:839} INFO - DAG(s) dict_keys(['etl_sac_pipeline']) retrieved from /opt/airflow/dags/sac_dag.py
[2024-10-02T16:03:58.506+0000] {logging_mixin.py:151} INFO - [2024-10-02T16:03:58.505+0000] {dag.py:2915} INFO - Sync 1 DAGs
[2024-10-02T16:03:58.526+0000] {logging_mixin.py:151} INFO - [2024-10-02T16:03:58.525+0000] {dag.py:3696} INFO - Setting next_dagrun for etl_sac_pipeline to None, run_after=None
[2024-10-02T16:03:58.554+0000] {processor.py:179} INFO - Processing /opt/airflow/dags/sac_dag.py took 0.768 seconds
[2024-10-02T16:04:28.740+0000] {processor.py:157} INFO - Started process (PID=73) to work on /opt/airflow/dags/sac_dag.py
[2024-10-02T16:04:28.742+0000] {processor.py:829} INFO - Processing file /opt/airflow/dags/sac_dag.py for tasks to queue
[2024-10-02T16:04:28.745+0000] {logging_mixin.py:151} INFO - [2024-10-02T16:04:28.745+0000] {dagbag.py:539} INFO - Filling up the DagBag from /opt/airflow/dags/sac_dag.py
[2024-10-02T16:04:29.307+0000] {processor.py:839} INFO - DAG(s) dict_keys(['etl_sac_pipeline']) retrieved from /opt/airflow/dags/sac_dag.py
[2024-10-02T16:04:29.344+0000] {logging_mixin.py:151} INFO - [2024-10-02T16:04:29.344+0000] {dag.py:2915} INFO - Sync 1 DAGs
[2024-10-02T16:04:29.368+0000] {logging_mixin.py:151} INFO - [2024-10-02T16:04:29.368+0000] {dag.py:3696} INFO - Setting next_dagrun for etl_sac_pipeline to None, run_after=None
[2024-10-02T16:04:29.397+0000] {processor.py:179} INFO - Processing /opt/airflow/dags/sac_dag.py took 0.663 seconds
[2024-10-02T16:04:59.893+0000] {processor.py:157} INFO - Started process (PID=77) to work on /opt/airflow/dags/sac_dag.py
[2024-10-02T16:04:59.894+0000] {processor.py:829} INFO - Processing file /opt/airflow/dags/sac_dag.py for tasks to queue
[2024-10-02T16:04:59.897+0000] {logging_mixin.py:151} INFO - [2024-10-02T16:04:59.897+0000] {dagbag.py:539} INFO - Filling up the DagBag from /opt/airflow/dags/sac_dag.py
[2024-10-02T16:05:00.718+0000] {processor.py:839} INFO - DAG(s) dict_keys(['etl_sac_pipeline']) retrieved from /opt/airflow/dags/sac_dag.py
[2024-10-02T16:05:00.765+0000] {logging_mixin.py:151} INFO - [2024-10-02T16:05:00.765+0000] {dag.py:2915} INFO - Sync 1 DAGs
[2024-10-02T16:05:00.794+0000] {logging_mixin.py:151} INFO - [2024-10-02T16:05:00.793+0000] {dag.py:3696} INFO - Setting next_dagrun for etl_sac_pipeline to None, run_after=None
[2024-10-02T16:05:00.824+0000] {processor.py:179} INFO - Processing /opt/airflow/dags/sac_dag.py took 0.937 seconds
[2024-10-02T16:05:31.016+0000] {processor.py:157} INFO - Started process (PID=81) to work on /opt/airflow/dags/sac_dag.py
[2024-10-02T16:05:31.018+0000] {processor.py:829} INFO - Processing file /opt/airflow/dags/sac_dag.py for tasks to queue
[2024-10-02T16:05:31.021+0000] {logging_mixin.py:151} INFO - [2024-10-02T16:05:31.020+0000] {dagbag.py:539} INFO - Filling up the DagBag from /opt/airflow/dags/sac_dag.py
[2024-10-02T16:05:31.816+0000] {processor.py:839} INFO - DAG(s) dict_keys(['etl_sac_pipeline']) retrieved from /opt/airflow/dags/sac_dag.py
[2024-10-02T16:05:31.872+0000] {logging_mixin.py:151} INFO - [2024-10-02T16:05:31.872+0000] {dag.py:2915} INFO - Sync 1 DAGs
[2024-10-02T16:05:31.890+0000] {logging_mixin.py:151} INFO - [2024-10-02T16:05:31.889+0000] {dag.py:3696} INFO - Setting next_dagrun for etl_sac_pipeline to None, run_after=None
[2024-10-02T16:05:31.926+0000] {processor.py:179} INFO - Processing /opt/airflow/dags/sac_dag.py took 0.916 seconds
[2024-10-02T16:06:02.119+0000] {processor.py:157} INFO - Started process (PID=85) to work on /opt/airflow/dags/sac_dag.py
[2024-10-02T16:06:02.121+0000] {processor.py:829} INFO - Processing file /opt/airflow/dags/sac_dag.py for tasks to queue
[2024-10-02T16:06:02.131+0000] {logging_mixin.py:151} INFO - [2024-10-02T16:06:02.130+0000] {dagbag.py:539} INFO - Filling up the DagBag from /opt/airflow/dags/sac_dag.py
[2024-10-02T16:06:02.709+0000] {processor.py:839} INFO - DAG(s) dict_keys(['etl_sac_pipeline']) retrieved from /opt/airflow/dags/sac_dag.py
[2024-10-02T16:06:02.756+0000] {logging_mixin.py:151} INFO - [2024-10-02T16:06:02.756+0000] {dag.py:2915} INFO - Sync 1 DAGs
[2024-10-02T16:06:02.778+0000] {logging_mixin.py:151} INFO - [2024-10-02T16:06:02.777+0000] {dag.py:3696} INFO - Setting next_dagrun for etl_sac_pipeline to None, run_after=None
[2024-10-02T16:06:02.815+0000] {processor.py:179} INFO - Processing /opt/airflow/dags/sac_dag.py took 0.703 seconds
[2024-10-02T16:06:33.014+0000] {processor.py:157} INFO - Started process (PID=89) to work on /opt/airflow/dags/sac_dag.py
[2024-10-02T16:06:33.017+0000] {processor.py:829} INFO - Processing file /opt/airflow/dags/sac_dag.py for tasks to queue
[2024-10-02T16:06:33.021+0000] {logging_mixin.py:151} INFO - [2024-10-02T16:06:33.021+0000] {dagbag.py:539} INFO - Filling up the DagBag from /opt/airflow/dags/sac_dag.py
[2024-10-02T16:06:33.589+0000] {processor.py:839} INFO - DAG(s) dict_keys(['etl_sac_pipeline']) retrieved from /opt/airflow/dags/sac_dag.py
[2024-10-02T16:06:33.634+0000] {logging_mixin.py:151} INFO - [2024-10-02T16:06:33.634+0000] {dag.py:2915} INFO - Sync 1 DAGs
[2024-10-02T16:06:33.649+0000] {logging_mixin.py:151} INFO - [2024-10-02T16:06:33.649+0000] {dag.py:3696} INFO - Setting next_dagrun for etl_sac_pipeline to None, run_after=None
[2024-10-02T16:06:33.672+0000] {processor.py:179} INFO - Processing /opt/airflow/dags/sac_dag.py took 0.673 seconds
[2024-10-02T16:07:03.850+0000] {processor.py:157} INFO - Started process (PID=93) to work on /opt/airflow/dags/sac_dag.py
[2024-10-02T16:07:03.853+0000] {processor.py:829} INFO - Processing file /opt/airflow/dags/sac_dag.py for tasks to queue
[2024-10-02T16:07:03.858+0000] {logging_mixin.py:151} INFO - [2024-10-02T16:07:03.857+0000] {dagbag.py:539} INFO - Filling up the DagBag from /opt/airflow/dags/sac_dag.py
[2024-10-02T16:07:04.576+0000] {processor.py:839} INFO - DAG(s) dict_keys(['etl_sac_pipeline']) retrieved from /opt/airflow/dags/sac_dag.py
[2024-10-02T16:07:04.636+0000] {logging_mixin.py:151} INFO - [2024-10-02T16:07:04.636+0000] {dag.py:2915} INFO - Sync 1 DAGs
[2024-10-02T16:07:04.658+0000] {logging_mixin.py:151} INFO - [2024-10-02T16:07:04.658+0000] {dag.py:3696} INFO - Setting next_dagrun for etl_sac_pipeline to None, run_after=None
[2024-10-02T16:07:04.716+0000] {processor.py:179} INFO - Processing /opt/airflow/dags/sac_dag.py took 0.871 seconds
[2024-10-02T16:07:35.047+0000] {processor.py:157} INFO - Started process (PID=97) to work on /opt/airflow/dags/sac_dag.py
[2024-10-02T16:07:35.048+0000] {processor.py:829} INFO - Processing file /opt/airflow/dags/sac_dag.py for tasks to queue
[2024-10-02T16:07:35.050+0000] {logging_mixin.py:151} INFO - [2024-10-02T16:07:35.050+0000] {dagbag.py:539} INFO - Filling up the DagBag from /opt/airflow/dags/sac_dag.py
[2024-10-02T16:07:35.714+0000] {processor.py:839} INFO - DAG(s) dict_keys(['etl_sac_pipeline']) retrieved from /opt/airflow/dags/sac_dag.py
[2024-10-02T16:07:35.764+0000] {logging_mixin.py:151} INFO - [2024-10-02T16:07:35.764+0000] {dag.py:2915} INFO - Sync 1 DAGs
[2024-10-02T16:07:35.794+0000] {logging_mixin.py:151} INFO - [2024-10-02T16:07:35.794+0000] {dag.py:3696} INFO - Setting next_dagrun for etl_sac_pipeline to None, run_after=None
[2024-10-02T16:07:35.845+0000] {processor.py:179} INFO - Processing /opt/airflow/dags/sac_dag.py took 0.803 seconds
[2024-10-02T16:08:06.054+0000] {processor.py:157} INFO - Started process (PID=101) to work on /opt/airflow/dags/sac_dag.py
[2024-10-02T16:08:06.055+0000] {processor.py:829} INFO - Processing file /opt/airflow/dags/sac_dag.py for tasks to queue
[2024-10-02T16:08:06.064+0000] {logging_mixin.py:151} INFO - [2024-10-02T16:08:06.063+0000] {dagbag.py:539} INFO - Filling up the DagBag from /opt/airflow/dags/sac_dag.py
[2024-10-02T16:08:06.719+0000] {processor.py:839} INFO - DAG(s) dict_keys(['etl_sac_pipeline']) retrieved from /opt/airflow/dags/sac_dag.py
[2024-10-02T16:08:06.749+0000] {logging_mixin.py:151} INFO - [2024-10-02T16:08:06.749+0000] {dag.py:2915} INFO - Sync 1 DAGs
[2024-10-02T16:08:06.765+0000] {logging_mixin.py:151} INFO - [2024-10-02T16:08:06.765+0000] {dag.py:3696} INFO - Setting next_dagrun for etl_sac_pipeline to None, run_after=None
[2024-10-02T16:08:06.786+0000] {processor.py:179} INFO - Processing /opt/airflow/dags/sac_dag.py took 0.736 seconds
[2024-10-02T16:08:36.970+0000] {processor.py:157} INFO - Started process (PID=105) to work on /opt/airflow/dags/sac_dag.py
[2024-10-02T16:08:36.971+0000] {processor.py:829} INFO - Processing file /opt/airflow/dags/sac_dag.py for tasks to queue
[2024-10-02T16:08:36.974+0000] {logging_mixin.py:151} INFO - [2024-10-02T16:08:36.974+0000] {dagbag.py:539} INFO - Filling up the DagBag from /opt/airflow/dags/sac_dag.py
[2024-10-02T16:08:37.581+0000] {processor.py:839} INFO - DAG(s) dict_keys(['etl_sac_pipeline']) retrieved from /opt/airflow/dags/sac_dag.py
[2024-10-02T16:08:37.615+0000] {logging_mixin.py:151} INFO - [2024-10-02T16:08:37.615+0000] {dag.py:2915} INFO - Sync 1 DAGs
[2024-10-02T16:08:37.630+0000] {logging_mixin.py:151} INFO - [2024-10-02T16:08:37.630+0000] {dag.py:3696} INFO - Setting next_dagrun for etl_sac_pipeline to None, run_after=None
[2024-10-02T16:08:37.659+0000] {processor.py:179} INFO - Processing /opt/airflow/dags/sac_dag.py took 0.694 seconds
[2024-10-02T16:09:07.846+0000] {processor.py:157} INFO - Started process (PID=109) to work on /opt/airflow/dags/sac_dag.py
[2024-10-02T16:09:07.848+0000] {processor.py:829} INFO - Processing file /opt/airflow/dags/sac_dag.py for tasks to queue
[2024-10-02T16:09:07.852+0000] {logging_mixin.py:151} INFO - [2024-10-02T16:09:07.851+0000] {dagbag.py:539} INFO - Filling up the DagBag from /opt/airflow/dags/sac_dag.py
[2024-10-02T16:09:08.736+0000] {processor.py:839} INFO - DAG(s) dict_keys(['etl_sac_pipeline']) retrieved from /opt/airflow/dags/sac_dag.py
[2024-10-02T16:09:08.789+0000] {logging_mixin.py:151} INFO - [2024-10-02T16:09:08.788+0000] {dag.py:2915} INFO - Sync 1 DAGs
[2024-10-02T16:09:08.816+0000] {logging_mixin.py:151} INFO - [2024-10-02T16:09:08.816+0000] {dag.py:3696} INFO - Setting next_dagrun for etl_sac_pipeline to None, run_after=None
[2024-10-02T16:09:08.862+0000] {processor.py:179} INFO - Processing /opt/airflow/dags/sac_dag.py took 1.021 seconds
[2024-10-02T16:09:39.070+0000] {processor.py:157} INFO - Started process (PID=113) to work on /opt/airflow/dags/sac_dag.py
[2024-10-02T16:09:39.071+0000] {processor.py:829} INFO - Processing file /opt/airflow/dags/sac_dag.py for tasks to queue
[2024-10-02T16:09:39.073+0000] {logging_mixin.py:151} INFO - [2024-10-02T16:09:39.073+0000] {dagbag.py:539} INFO - Filling up the DagBag from /opt/airflow/dags/sac_dag.py
[2024-10-02T16:09:39.623+0000] {processor.py:839} INFO - DAG(s) dict_keys(['etl_sac_pipeline']) retrieved from /opt/airflow/dags/sac_dag.py
[2024-10-02T16:09:39.668+0000] {logging_mixin.py:151} INFO - [2024-10-02T16:09:39.668+0000] {dag.py:2915} INFO - Sync 1 DAGs
[2024-10-02T16:09:39.685+0000] {logging_mixin.py:151} INFO - [2024-10-02T16:09:39.684+0000] {dag.py:3696} INFO - Setting next_dagrun for etl_sac_pipeline to None, run_after=None
[2024-10-02T16:09:39.707+0000] {processor.py:179} INFO - Processing /opt/airflow/dags/sac_dag.py took 0.641 seconds
[2024-10-02T16:10:09.872+0000] {processor.py:157} INFO - Started process (PID=117) to work on /opt/airflow/dags/sac_dag.py
[2024-10-02T16:10:09.873+0000] {processor.py:829} INFO - Processing file /opt/airflow/dags/sac_dag.py for tasks to queue
[2024-10-02T16:10:09.876+0000] {logging_mixin.py:151} INFO - [2024-10-02T16:10:09.876+0000] {dagbag.py:539} INFO - Filling up the DagBag from /opt/airflow/dags/sac_dag.py
[2024-10-02T16:10:10.666+0000] {processor.py:839} INFO - DAG(s) dict_keys(['etl_sac_pipeline']) retrieved from /opt/airflow/dags/sac_dag.py
[2024-10-02T16:10:10.714+0000] {logging_mixin.py:151} INFO - [2024-10-02T16:10:10.713+0000] {dag.py:2915} INFO - Sync 1 DAGs
[2024-10-02T16:10:10.734+0000] {logging_mixin.py:151} INFO - [2024-10-02T16:10:10.733+0000] {dag.py:3696} INFO - Setting next_dagrun for etl_sac_pipeline to None, run_after=None
[2024-10-02T16:10:10.768+0000] {processor.py:179} INFO - Processing /opt/airflow/dags/sac_dag.py took 0.901 seconds
[2024-10-02T16:10:41.494+0000] {processor.py:157} INFO - Started process (PID=121) to work on /opt/airflow/dags/sac_dag.py
[2024-10-02T16:10:41.496+0000] {processor.py:829} INFO - Processing file /opt/airflow/dags/sac_dag.py for tasks to queue
[2024-10-02T16:10:41.499+0000] {logging_mixin.py:151} INFO - [2024-10-02T16:10:41.499+0000] {dagbag.py:539} INFO - Filling up the DagBag from /opt/airflow/dags/sac_dag.py
[2024-10-02T16:10:42.170+0000] {processor.py:839} INFO - DAG(s) dict_keys(['etl_sac_pipeline']) retrieved from /opt/airflow/dags/sac_dag.py
[2024-10-02T16:10:42.202+0000] {logging_mixin.py:151} INFO - [2024-10-02T16:10:42.202+0000] {dag.py:2915} INFO - Sync 1 DAGs
[2024-10-02T16:10:42.231+0000] {logging_mixin.py:151} INFO - [2024-10-02T16:10:42.231+0000] {dag.py:3696} INFO - Setting next_dagrun for etl_sac_pipeline to None, run_after=None
[2024-10-02T16:10:42.548+0000] {processor.py:179} INFO - Processing /opt/airflow/dags/sac_dag.py took 1.061 seconds
[2024-10-02T16:11:12.759+0000] {processor.py:157} INFO - Started process (PID=125) to work on /opt/airflow/dags/sac_dag.py
[2024-10-02T16:11:12.760+0000] {processor.py:829} INFO - Processing file /opt/airflow/dags/sac_dag.py for tasks to queue
[2024-10-02T16:11:12.764+0000] {logging_mixin.py:151} INFO - [2024-10-02T16:11:12.763+0000] {dagbag.py:539} INFO - Filling up the DagBag from /opt/airflow/dags/sac_dag.py
[2024-10-02T16:11:13.514+0000] {processor.py:839} INFO - DAG(s) dict_keys(['etl_sac_pipeline']) retrieved from /opt/airflow/dags/sac_dag.py
[2024-10-02T16:11:13.553+0000] {logging_mixin.py:151} INFO - [2024-10-02T16:11:13.553+0000] {dag.py:2915} INFO - Sync 1 DAGs
[2024-10-02T16:11:13.569+0000] {logging_mixin.py:151} INFO - [2024-10-02T16:11:13.568+0000] {dag.py:3696} INFO - Setting next_dagrun for etl_sac_pipeline to None, run_after=None
[2024-10-02T16:11:13.595+0000] {processor.py:179} INFO - Processing /opt/airflow/dags/sac_dag.py took 0.840 seconds
[2024-10-02T16:11:43.781+0000] {processor.py:157} INFO - Started process (PID=129) to work on /opt/airflow/dags/sac_dag.py
[2024-10-02T16:11:43.784+0000] {processor.py:829} INFO - Processing file /opt/airflow/dags/sac_dag.py for tasks to queue
[2024-10-02T16:11:43.787+0000] {logging_mixin.py:151} INFO - [2024-10-02T16:11:43.787+0000] {dagbag.py:539} INFO - Filling up the DagBag from /opt/airflow/dags/sac_dag.py
[2024-10-02T16:11:44.509+0000] {processor.py:839} INFO - DAG(s) dict_keys(['etl_sac_pipeline']) retrieved from /opt/airflow/dags/sac_dag.py
[2024-10-02T16:11:44.555+0000] {logging_mixin.py:151} INFO - [2024-10-02T16:11:44.555+0000] {dag.py:2915} INFO - Sync 1 DAGs
[2024-10-02T16:11:44.575+0000] {logging_mixin.py:151} INFO - [2024-10-02T16:11:44.574+0000] {dag.py:3696} INFO - Setting next_dagrun for etl_sac_pipeline to None, run_after=None
[2024-10-02T16:11:44.604+0000] {processor.py:179} INFO - Processing /opt/airflow/dags/sac_dag.py took 0.833 seconds
[2024-10-02T16:12:14.781+0000] {processor.py:157} INFO - Started process (PID=133) to work on /opt/airflow/dags/sac_dag.py
[2024-10-02T16:12:14.782+0000] {processor.py:829} INFO - Processing file /opt/airflow/dags/sac_dag.py for tasks to queue
[2024-10-02T16:12:14.786+0000] {logging_mixin.py:151} INFO - [2024-10-02T16:12:14.785+0000] {dagbag.py:539} INFO - Filling up the DagBag from /opt/airflow/dags/sac_dag.py
[2024-10-02T16:12:15.436+0000] {processor.py:839} INFO - DAG(s) dict_keys(['etl_sac_pipeline']) retrieved from /opt/airflow/dags/sac_dag.py
[2024-10-02T16:12:15.480+0000] {logging_mixin.py:151} INFO - [2024-10-02T16:12:15.479+0000] {dag.py:2915} INFO - Sync 1 DAGs
[2024-10-02T16:12:15.505+0000] {logging_mixin.py:151} INFO - [2024-10-02T16:12:15.504+0000] {dag.py:3696} INFO - Setting next_dagrun for etl_sac_pipeline to None, run_after=None
[2024-10-02T16:12:15.532+0000] {processor.py:179} INFO - Processing /opt/airflow/dags/sac_dag.py took 0.756 seconds
[2024-10-02T16:12:45.700+0000] {processor.py:157} INFO - Started process (PID=137) to work on /opt/airflow/dags/sac_dag.py
[2024-10-02T16:12:45.701+0000] {processor.py:829} INFO - Processing file /opt/airflow/dags/sac_dag.py for tasks to queue
[2024-10-02T16:12:45.704+0000] {logging_mixin.py:151} INFO - [2024-10-02T16:12:45.704+0000] {dagbag.py:539} INFO - Filling up the DagBag from /opt/airflow/dags/sac_dag.py
[2024-10-02T16:12:46.221+0000] {processor.py:839} INFO - DAG(s) dict_keys(['etl_sac_pipeline']) retrieved from /opt/airflow/dags/sac_dag.py
[2024-10-02T16:12:46.260+0000] {logging_mixin.py:151} INFO - [2024-10-02T16:12:46.260+0000] {dag.py:2915} INFO - Sync 1 DAGs
[2024-10-02T16:12:46.278+0000] {logging_mixin.py:151} INFO - [2024-10-02T16:12:46.278+0000] {dag.py:3696} INFO - Setting next_dagrun for etl_sac_pipeline to None, run_after=None
[2024-10-02T16:12:46.301+0000] {processor.py:179} INFO - Processing /opt/airflow/dags/sac_dag.py took 0.606 seconds
[2024-10-02T16:13:16.469+0000] {processor.py:157} INFO - Started process (PID=141) to work on /opt/airflow/dags/sac_dag.py
[2024-10-02T16:13:16.472+0000] {processor.py:829} INFO - Processing file /opt/airflow/dags/sac_dag.py for tasks to queue
[2024-10-02T16:13:16.477+0000] {logging_mixin.py:151} INFO - [2024-10-02T16:13:16.477+0000] {dagbag.py:539} INFO - Filling up the DagBag from /opt/airflow/dags/sac_dag.py
[2024-10-02T16:13:17.189+0000] {processor.py:839} INFO - DAG(s) dict_keys(['etl_sac_pipeline']) retrieved from /opt/airflow/dags/sac_dag.py
[2024-10-02T16:13:17.236+0000] {logging_mixin.py:151} INFO - [2024-10-02T16:13:17.236+0000] {dag.py:2915} INFO - Sync 1 DAGs
[2024-10-02T16:13:17.260+0000] {logging_mixin.py:151} INFO - [2024-10-02T16:13:17.260+0000] {dag.py:3696} INFO - Setting next_dagrun for etl_sac_pipeline to None, run_after=None
[2024-10-02T16:13:17.559+0000] {processor.py:179} INFO - Processing /opt/airflow/dags/sac_dag.py took 1.095 seconds
[2024-10-02T16:13:47.741+0000] {processor.py:157} INFO - Started process (PID=145) to work on /opt/airflow/dags/sac_dag.py
[2024-10-02T16:13:47.745+0000] {processor.py:829} INFO - Processing file /opt/airflow/dags/sac_dag.py for tasks to queue
[2024-10-02T16:13:47.750+0000] {logging_mixin.py:151} INFO - [2024-10-02T16:13:47.750+0000] {dagbag.py:539} INFO - Filling up the DagBag from /opt/airflow/dags/sac_dag.py
[2024-10-02T16:13:48.574+0000] {processor.py:839} INFO - DAG(s) dict_keys(['etl_sac_pipeline']) retrieved from /opt/airflow/dags/sac_dag.py
[2024-10-02T16:13:48.615+0000] {logging_mixin.py:151} INFO - [2024-10-02T16:13:48.615+0000] {dag.py:2915} INFO - Sync 1 DAGs
[2024-10-02T16:13:48.857+0000] {logging_mixin.py:151} INFO - [2024-10-02T16:13:48.857+0000] {dag.py:3696} INFO - Setting next_dagrun for etl_sac_pipeline to None, run_after=None
[2024-10-02T16:13:48.894+0000] {processor.py:179} INFO - Processing /opt/airflow/dags/sac_dag.py took 1.159 seconds
[2024-10-02T16:14:19.073+0000] {processor.py:157} INFO - Started process (PID=149) to work on /opt/airflow/dags/sac_dag.py
[2024-10-02T16:14:19.075+0000] {processor.py:829} INFO - Processing file /opt/airflow/dags/sac_dag.py for tasks to queue
[2024-10-02T16:14:19.079+0000] {logging_mixin.py:151} INFO - [2024-10-02T16:14:19.078+0000] {dagbag.py:539} INFO - Filling up the DagBag from /opt/airflow/dags/sac_dag.py
[2024-10-02T16:14:19.733+0000] {processor.py:839} INFO - DAG(s) dict_keys(['etl_sac_pipeline']) retrieved from /opt/airflow/dags/sac_dag.py
[2024-10-02T16:14:19.771+0000] {logging_mixin.py:151} INFO - [2024-10-02T16:14:19.771+0000] {dag.py:2915} INFO - Sync 1 DAGs
[2024-10-02T16:14:19.786+0000] {logging_mixin.py:151} INFO - [2024-10-02T16:14:19.786+0000] {dag.py:3696} INFO - Setting next_dagrun for etl_sac_pipeline to None, run_after=None
[2024-10-02T16:14:19.815+0000] {processor.py:179} INFO - Processing /opt/airflow/dags/sac_dag.py took 0.747 seconds
[2024-10-02T16:14:49.980+0000] {processor.py:157} INFO - Started process (PID=153) to work on /opt/airflow/dags/sac_dag.py
[2024-10-02T16:14:49.980+0000] {processor.py:829} INFO - Processing file /opt/airflow/dags/sac_dag.py for tasks to queue
[2024-10-02T16:14:49.984+0000] {logging_mixin.py:151} INFO - [2024-10-02T16:14:49.984+0000] {dagbag.py:539} INFO - Filling up the DagBag from /opt/airflow/dags/sac_dag.py
[2024-10-02T16:14:50.606+0000] {processor.py:839} INFO - DAG(s) dict_keys(['etl_sac_pipeline']) retrieved from /opt/airflow/dags/sac_dag.py
[2024-10-02T16:14:50.660+0000] {logging_mixin.py:151} INFO - [2024-10-02T16:14:50.659+0000] {dag.py:2915} INFO - Sync 1 DAGs
[2024-10-02T16:14:50.684+0000] {logging_mixin.py:151} INFO - [2024-10-02T16:14:50.683+0000] {dag.py:3696} INFO - Setting next_dagrun for etl_sac_pipeline to None, run_after=None
[2024-10-02T16:14:50.724+0000] {processor.py:179} INFO - Processing /opt/airflow/dags/sac_dag.py took 0.749 seconds
[2024-10-02T16:15:21.160+0000] {processor.py:157} INFO - Started process (PID=157) to work on /opt/airflow/dags/sac_dag.py
[2024-10-02T16:15:21.162+0000] {processor.py:829} INFO - Processing file /opt/airflow/dags/sac_dag.py for tasks to queue
[2024-10-02T16:15:21.169+0000] {logging_mixin.py:151} INFO - [2024-10-02T16:15:21.169+0000] {dagbag.py:539} INFO - Filling up the DagBag from /opt/airflow/dags/sac_dag.py
[2024-10-02T16:15:21.794+0000] {processor.py:839} INFO - DAG(s) dict_keys(['etl_sac_pipeline']) retrieved from /opt/airflow/dags/sac_dag.py
[2024-10-02T16:15:21.846+0000] {logging_mixin.py:151} INFO - [2024-10-02T16:15:21.846+0000] {dag.py:2915} INFO - Sync 1 DAGs
[2024-10-02T16:15:21.875+0000] {logging_mixin.py:151} INFO - [2024-10-02T16:15:21.875+0000] {dag.py:3696} INFO - Setting next_dagrun for etl_sac_pipeline to None, run_after=None
[2024-10-02T16:15:21.900+0000] {processor.py:179} INFO - Processing /opt/airflow/dags/sac_dag.py took 0.746 seconds
[2024-10-02T16:15:52.118+0000] {processor.py:157} INFO - Started process (PID=161) to work on /opt/airflow/dags/sac_dag.py
[2024-10-02T16:15:52.121+0000] {processor.py:829} INFO - Processing file /opt/airflow/dags/sac_dag.py for tasks to queue
[2024-10-02T16:15:52.129+0000] {logging_mixin.py:151} INFO - [2024-10-02T16:15:52.127+0000] {dagbag.py:539} INFO - Filling up the DagBag from /opt/airflow/dags/sac_dag.py
[2024-10-02T16:15:52.981+0000] {processor.py:839} INFO - DAG(s) dict_keys(['etl_sac_pipeline']) retrieved from /opt/airflow/dags/sac_dag.py
[2024-10-02T16:15:53.023+0000] {logging_mixin.py:151} INFO - [2024-10-02T16:15:53.023+0000] {dag.py:2915} INFO - Sync 1 DAGs
[2024-10-02T16:15:53.043+0000] {logging_mixin.py:151} INFO - [2024-10-02T16:15:53.043+0000] {dag.py:3696} INFO - Setting next_dagrun for etl_sac_pipeline to None, run_after=None
[2024-10-02T16:15:53.075+0000] {processor.py:179} INFO - Processing /opt/airflow/dags/sac_dag.py took 0.966 seconds
[2024-10-02T16:16:23.430+0000] {processor.py:157} INFO - Started process (PID=165) to work on /opt/airflow/dags/sac_dag.py
[2024-10-02T16:16:23.431+0000] {processor.py:829} INFO - Processing file /opt/airflow/dags/sac_dag.py for tasks to queue
[2024-10-02T16:16:23.434+0000] {logging_mixin.py:151} INFO - [2024-10-02T16:16:23.434+0000] {dagbag.py:539} INFO - Filling up the DagBag from /opt/airflow/dags/sac_dag.py
[2024-10-02T16:16:24.049+0000] {processor.py:839} INFO - DAG(s) dict_keys(['etl_sac_pipeline']) retrieved from /opt/airflow/dags/sac_dag.py
[2024-10-02T16:16:24.088+0000] {logging_mixin.py:151} INFO - [2024-10-02T16:16:24.088+0000] {dag.py:2915} INFO - Sync 1 DAGs
[2024-10-02T16:16:24.113+0000] {logging_mixin.py:151} INFO - [2024-10-02T16:16:24.113+0000] {dag.py:3696} INFO - Setting next_dagrun for etl_sac_pipeline to None, run_after=None
[2024-10-02T16:16:24.323+0000] {processor.py:179} INFO - Processing /opt/airflow/dags/sac_dag.py took 0.898 seconds
[2024-10-02T16:16:54.532+0000] {processor.py:157} INFO - Started process (PID=169) to work on /opt/airflow/dags/sac_dag.py
[2024-10-02T16:16:54.533+0000] {processor.py:829} INFO - Processing file /opt/airflow/dags/sac_dag.py for tasks to queue
[2024-10-02T16:16:54.538+0000] {logging_mixin.py:151} INFO - [2024-10-02T16:16:54.537+0000] {dagbag.py:539} INFO - Filling up the DagBag from /opt/airflow/dags/sac_dag.py
[2024-10-02T16:16:55.164+0000] {processor.py:839} INFO - DAG(s) dict_keys(['etl_sac_pipeline']) retrieved from /opt/airflow/dags/sac_dag.py
[2024-10-02T16:16:55.207+0000] {logging_mixin.py:151} INFO - [2024-10-02T16:16:55.207+0000] {dag.py:2915} INFO - Sync 1 DAGs
[2024-10-02T16:16:55.225+0000] {logging_mixin.py:151} INFO - [2024-10-02T16:16:55.225+0000] {dag.py:3696} INFO - Setting next_dagrun for etl_sac_pipeline to None, run_after=None
[2024-10-02T16:16:55.247+0000] {processor.py:179} INFO - Processing /opt/airflow/dags/sac_dag.py took 0.721 seconds
[2024-10-02T16:17:25.416+0000] {processor.py:157} INFO - Started process (PID=173) to work on /opt/airflow/dags/sac_dag.py
[2024-10-02T16:17:25.417+0000] {processor.py:829} INFO - Processing file /opt/airflow/dags/sac_dag.py for tasks to queue
[2024-10-02T16:17:25.423+0000] {logging_mixin.py:151} INFO - [2024-10-02T16:17:25.422+0000] {dagbag.py:539} INFO - Filling up the DagBag from /opt/airflow/dags/sac_dag.py
[2024-10-02T16:17:26.184+0000] {processor.py:839} INFO - DAG(s) dict_keys(['etl_sac_pipeline']) retrieved from /opt/airflow/dags/sac_dag.py
[2024-10-02T16:17:26.237+0000] {logging_mixin.py:151} INFO - [2024-10-02T16:17:26.237+0000] {dag.py:2915} INFO - Sync 1 DAGs
[2024-10-02T16:17:26.256+0000] {logging_mixin.py:151} INFO - [2024-10-02T16:17:26.256+0000] {dag.py:3696} INFO - Setting next_dagrun for etl_sac_pipeline to None, run_after=None
[2024-10-02T16:17:26.286+0000] {processor.py:179} INFO - Processing /opt/airflow/dags/sac_dag.py took 0.878 seconds
[2024-10-02T16:17:56.349+0000] {processor.py:157} INFO - Started process (PID=177) to work on /opt/airflow/dags/sac_dag.py
[2024-10-02T16:17:56.350+0000] {processor.py:829} INFO - Processing file /opt/airflow/dags/sac_dag.py for tasks to queue
[2024-10-02T16:17:56.355+0000] {logging_mixin.py:151} INFO - [2024-10-02T16:17:56.355+0000] {dagbag.py:539} INFO - Filling up the DagBag from /opt/airflow/dags/sac_dag.py
[2024-10-02T16:17:56.950+0000] {processor.py:839} INFO - DAG(s) dict_keys(['etl_sac_pipeline']) retrieved from /opt/airflow/dags/sac_dag.py
[2024-10-02T16:17:56.998+0000] {logging_mixin.py:151} INFO - [2024-10-02T16:17:56.998+0000] {dag.py:2915} INFO - Sync 1 DAGs
[2024-10-02T16:17:57.023+0000] {logging_mixin.py:151} INFO - [2024-10-02T16:17:57.022+0000] {dag.py:3696} INFO - Setting next_dagrun for etl_sac_pipeline to None, run_after=None
[2024-10-02T16:17:57.066+0000] {processor.py:179} INFO - Processing /opt/airflow/dags/sac_dag.py took 0.723 seconds
[2024-10-02T16:18:27.246+0000] {processor.py:157} INFO - Started process (PID=181) to work on /opt/airflow/dags/sac_dag.py
[2024-10-02T16:18:27.248+0000] {processor.py:829} INFO - Processing file /opt/airflow/dags/sac_dag.py for tasks to queue
[2024-10-02T16:18:27.251+0000] {logging_mixin.py:151} INFO - [2024-10-02T16:18:27.251+0000] {dagbag.py:539} INFO - Filling up the DagBag from /opt/airflow/dags/sac_dag.py
[2024-10-02T16:18:27.766+0000] {processor.py:839} INFO - DAG(s) dict_keys(['etl_sac_pipeline']) retrieved from /opt/airflow/dags/sac_dag.py
[2024-10-02T16:18:27.815+0000] {logging_mixin.py:151} INFO - [2024-10-02T16:18:27.814+0000] {dag.py:2915} INFO - Sync 1 DAGs
[2024-10-02T16:18:27.842+0000] {logging_mixin.py:151} INFO - [2024-10-02T16:18:27.841+0000] {dag.py:3696} INFO - Setting next_dagrun for etl_sac_pipeline to None, run_after=None
[2024-10-02T16:18:27.878+0000] {processor.py:179} INFO - Processing /opt/airflow/dags/sac_dag.py took 0.637 seconds
[2024-10-02T16:18:58.857+0000] {processor.py:157} INFO - Started process (PID=185) to work on /opt/airflow/dags/sac_dag.py
[2024-10-02T16:18:58.858+0000] {processor.py:829} INFO - Processing file /opt/airflow/dags/sac_dag.py for tasks to queue
[2024-10-02T16:18:58.862+0000] {logging_mixin.py:151} INFO - [2024-10-02T16:18:58.862+0000] {dagbag.py:539} INFO - Filling up the DagBag from /opt/airflow/dags/sac_dag.py
[2024-10-02T16:18:59.443+0000] {processor.py:839} INFO - DAG(s) dict_keys(['etl_sac_pipeline']) retrieved from /opt/airflow/dags/sac_dag.py
[2024-10-02T16:18:59.481+0000] {logging_mixin.py:151} INFO - [2024-10-02T16:18:59.481+0000] {dag.py:2915} INFO - Sync 1 DAGs
[2024-10-02T16:18:59.497+0000] {logging_mixin.py:151} INFO - [2024-10-02T16:18:59.496+0000] {dag.py:3696} INFO - Setting next_dagrun for etl_sac_pipeline to None, run_after=None
[2024-10-02T16:18:59.746+0000] {processor.py:179} INFO - Processing /opt/airflow/dags/sac_dag.py took 0.893 seconds
[2024-10-02T16:19:29.948+0000] {processor.py:157} INFO - Started process (PID=189) to work on /opt/airflow/dags/sac_dag.py
[2024-10-02T16:19:29.949+0000] {processor.py:829} INFO - Processing file /opt/airflow/dags/sac_dag.py for tasks to queue
[2024-10-02T16:19:29.953+0000] {logging_mixin.py:151} INFO - [2024-10-02T16:19:29.952+0000] {dagbag.py:539} INFO - Filling up the DagBag from /opt/airflow/dags/sac_dag.py
[2024-10-02T16:19:30.577+0000] {processor.py:839} INFO - DAG(s) dict_keys(['etl_sac_pipeline']) retrieved from /opt/airflow/dags/sac_dag.py
[2024-10-02T16:19:30.620+0000] {logging_mixin.py:151} INFO - [2024-10-02T16:19:30.620+0000] {dag.py:2915} INFO - Sync 1 DAGs
[2024-10-02T16:19:30.872+0000] {logging_mixin.py:151} INFO - [2024-10-02T16:19:30.872+0000] {dag.py:3696} INFO - Setting next_dagrun for etl_sac_pipeline to None, run_after=None
[2024-10-02T16:19:30.897+0000] {processor.py:179} INFO - Processing /opt/airflow/dags/sac_dag.py took 0.956 seconds
[2024-10-02T16:20:01.021+0000] {processor.py:157} INFO - Started process (PID=193) to work on /opt/airflow/dags/sac_dag.py
[2024-10-02T16:20:01.023+0000] {processor.py:829} INFO - Processing file /opt/airflow/dags/sac_dag.py for tasks to queue
[2024-10-02T16:20:01.026+0000] {logging_mixin.py:151} INFO - [2024-10-02T16:20:01.025+0000] {dagbag.py:539} INFO - Filling up the DagBag from /opt/airflow/dags/sac_dag.py
[2024-10-02T16:20:01.648+0000] {processor.py:839} INFO - DAG(s) dict_keys(['etl_sac_pipeline']) retrieved from /opt/airflow/dags/sac_dag.py
[2024-10-02T16:20:01.683+0000] {logging_mixin.py:151} INFO - [2024-10-02T16:20:01.683+0000] {dag.py:2915} INFO - Sync 1 DAGs
[2024-10-02T16:20:01.699+0000] {logging_mixin.py:151} INFO - [2024-10-02T16:20:01.699+0000] {dag.py:3696} INFO - Setting next_dagrun for etl_sac_pipeline to None, run_after=None
[2024-10-02T16:20:01.760+0000] {processor.py:179} INFO - Processing /opt/airflow/dags/sac_dag.py took 0.743 seconds
[2024-10-02T16:20:32.291+0000] {processor.py:157} INFO - Started process (PID=197) to work on /opt/airflow/dags/sac_dag.py
[2024-10-02T16:20:32.292+0000] {processor.py:829} INFO - Processing file /opt/airflow/dags/sac_dag.py for tasks to queue
[2024-10-02T16:20:32.297+0000] {logging_mixin.py:151} INFO - [2024-10-02T16:20:32.296+0000] {dagbag.py:539} INFO - Filling up the DagBag from /opt/airflow/dags/sac_dag.py
[2024-10-02T16:20:32.866+0000] {processor.py:839} INFO - DAG(s) dict_keys(['etl_sac_pipeline']) retrieved from /opt/airflow/dags/sac_dag.py
[2024-10-02T16:20:32.899+0000] {logging_mixin.py:151} INFO - [2024-10-02T16:20:32.898+0000] {dag.py:2915} INFO - Sync 1 DAGs
[2024-10-02T16:20:32.913+0000] {logging_mixin.py:151} INFO - [2024-10-02T16:20:32.913+0000] {dag.py:3696} INFO - Setting next_dagrun for etl_sac_pipeline to None, run_after=None
[2024-10-02T16:20:32.935+0000] {processor.py:179} INFO - Processing /opt/airflow/dags/sac_dag.py took 0.649 seconds
[2024-10-02T16:21:03.121+0000] {processor.py:157} INFO - Started process (PID=201) to work on /opt/airflow/dags/sac_dag.py
[2024-10-02T16:21:03.124+0000] {processor.py:829} INFO - Processing file /opt/airflow/dags/sac_dag.py for tasks to queue
[2024-10-02T16:21:03.130+0000] {logging_mixin.py:151} INFO - [2024-10-02T16:21:03.130+0000] {dagbag.py:539} INFO - Filling up the DagBag from /opt/airflow/dags/sac_dag.py
[2024-10-02T16:21:03.881+0000] {processor.py:839} INFO - DAG(s) dict_keys(['etl_sac_pipeline']) retrieved from /opt/airflow/dags/sac_dag.py
[2024-10-02T16:21:03.915+0000] {logging_mixin.py:151} INFO - [2024-10-02T16:21:03.915+0000] {dag.py:2915} INFO - Sync 1 DAGs
[2024-10-02T16:21:03.930+0000] {logging_mixin.py:151} INFO - [2024-10-02T16:21:03.930+0000] {dag.py:3696} INFO - Setting next_dagrun for etl_sac_pipeline to None, run_after=None
[2024-10-02T16:21:03.957+0000] {processor.py:179} INFO - Processing /opt/airflow/dags/sac_dag.py took 0.842 seconds
[2024-10-02T16:21:34.145+0000] {processor.py:157} INFO - Started process (PID=205) to work on /opt/airflow/dags/sac_dag.py
[2024-10-02T16:21:34.146+0000] {processor.py:829} INFO - Processing file /opt/airflow/dags/sac_dag.py for tasks to queue
[2024-10-02T16:21:34.149+0000] {logging_mixin.py:151} INFO - [2024-10-02T16:21:34.149+0000] {dagbag.py:539} INFO - Filling up the DagBag from /opt/airflow/dags/sac_dag.py
[2024-10-02T16:21:34.990+0000] {processor.py:839} INFO - DAG(s) dict_keys(['etl_sac_pipeline']) retrieved from /opt/airflow/dags/sac_dag.py
[2024-10-02T16:21:35.038+0000] {logging_mixin.py:151} INFO - [2024-10-02T16:21:35.038+0000] {dag.py:2915} INFO - Sync 1 DAGs
[2024-10-02T16:21:35.058+0000] {logging_mixin.py:151} INFO - [2024-10-02T16:21:35.058+0000] {dag.py:3696} INFO - Setting next_dagrun for etl_sac_pipeline to None, run_after=None
[2024-10-02T16:21:35.088+0000] {processor.py:179} INFO - Processing /opt/airflow/dags/sac_dag.py took 0.949 seconds
[2024-10-02T16:22:05.535+0000] {processor.py:157} INFO - Started process (PID=209) to work on /opt/airflow/dags/sac_dag.py
[2024-10-02T16:22:05.536+0000] {processor.py:829} INFO - Processing file /opt/airflow/dags/sac_dag.py for tasks to queue
[2024-10-02T16:22:05.539+0000] {logging_mixin.py:151} INFO - [2024-10-02T16:22:05.538+0000] {dagbag.py:539} INFO - Filling up the DagBag from /opt/airflow/dags/sac_dag.py
[2024-10-02T16:22:06.267+0000] {processor.py:839} INFO - DAG(s) dict_keys(['etl_sac_pipeline']) retrieved from /opt/airflow/dags/sac_dag.py
[2024-10-02T16:22:06.308+0000] {logging_mixin.py:151} INFO - [2024-10-02T16:22:06.308+0000] {dag.py:2915} INFO - Sync 1 DAGs
[2024-10-02T16:22:06.338+0000] {logging_mixin.py:151} INFO - [2024-10-02T16:22:06.338+0000] {dag.py:3696} INFO - Setting next_dagrun for etl_sac_pipeline to None, run_after=None
[2024-10-02T16:22:06.666+0000] {processor.py:179} INFO - Processing /opt/airflow/dags/sac_dag.py took 1.136 seconds
[2024-10-02T16:22:36.759+0000] {processor.py:157} INFO - Started process (PID=213) to work on /opt/airflow/dags/sac_dag.py
[2024-10-02T16:22:36.760+0000] {processor.py:829} INFO - Processing file /opt/airflow/dags/sac_dag.py for tasks to queue
[2024-10-02T16:22:36.765+0000] {logging_mixin.py:151} INFO - [2024-10-02T16:22:36.764+0000] {dagbag.py:539} INFO - Filling up the DagBag from /opt/airflow/dags/sac_dag.py
[2024-10-02T16:22:37.491+0000] {processor.py:839} INFO - DAG(s) dict_keys(['etl_sac_pipeline']) retrieved from /opt/airflow/dags/sac_dag.py
[2024-10-02T16:22:37.532+0000] {logging_mixin.py:151} INFO - [2024-10-02T16:22:37.532+0000] {dag.py:2915} INFO - Sync 1 DAGs
[2024-10-02T16:22:37.549+0000] {logging_mixin.py:151} INFO - [2024-10-02T16:22:37.549+0000] {dag.py:3696} INFO - Setting next_dagrun for etl_sac_pipeline to None, run_after=None
[2024-10-02T16:22:37.573+0000] {processor.py:179} INFO - Processing /opt/airflow/dags/sac_dag.py took 0.822 seconds
[2024-10-02T16:23:07.618+0000] {processor.py:157} INFO - Started process (PID=217) to work on /opt/airflow/dags/sac_dag.py
[2024-10-02T16:23:07.620+0000] {processor.py:829} INFO - Processing file /opt/airflow/dags/sac_dag.py for tasks to queue
[2024-10-02T16:23:07.623+0000] {logging_mixin.py:151} INFO - [2024-10-02T16:23:07.623+0000] {dagbag.py:539} INFO - Filling up the DagBag from /opt/airflow/dags/sac_dag.py
[2024-10-02T16:23:08.150+0000] {processor.py:839} INFO - DAG(s) dict_keys(['etl_sac_pipeline']) retrieved from /opt/airflow/dags/sac_dag.py
[2024-10-02T16:23:08.207+0000] {logging_mixin.py:151} INFO - [2024-10-02T16:23:08.207+0000] {dag.py:2915} INFO - Sync 1 DAGs
[2024-10-02T16:23:08.226+0000] {logging_mixin.py:151} INFO - [2024-10-02T16:23:08.226+0000] {dag.py:3696} INFO - Setting next_dagrun for etl_sac_pipeline to None, run_after=None
[2024-10-02T16:23:08.268+0000] {processor.py:179} INFO - Processing /opt/airflow/dags/sac_dag.py took 0.655 seconds
[2024-10-02T16:23:38.454+0000] {processor.py:157} INFO - Started process (PID=221) to work on /opt/airflow/dags/sac_dag.py
[2024-10-02T16:23:38.455+0000] {processor.py:829} INFO - Processing file /opt/airflow/dags/sac_dag.py for tasks to queue
[2024-10-02T16:23:38.460+0000] {logging_mixin.py:151} INFO - [2024-10-02T16:23:38.459+0000] {dagbag.py:539} INFO - Filling up the DagBag from /opt/airflow/dags/sac_dag.py
[2024-10-02T16:23:39.238+0000] {processor.py:839} INFO - DAG(s) dict_keys(['etl_sac_pipeline']) retrieved from /opt/airflow/dags/sac_dag.py
[2024-10-02T16:23:39.270+0000] {logging_mixin.py:151} INFO - [2024-10-02T16:23:39.270+0000] {dag.py:2915} INFO - Sync 1 DAGs
[2024-10-02T16:23:39.284+0000] {logging_mixin.py:151} INFO - [2024-10-02T16:23:39.284+0000] {dag.py:3696} INFO - Setting next_dagrun for etl_sac_pipeline to None, run_after=None
[2024-10-02T16:23:39.305+0000] {processor.py:179} INFO - Processing /opt/airflow/dags/sac_dag.py took 0.857 seconds
[2024-10-02T16:24:09.497+0000] {processor.py:157} INFO - Started process (PID=225) to work on /opt/airflow/dags/sac_dag.py
[2024-10-02T16:24:09.501+0000] {processor.py:829} INFO - Processing file /opt/airflow/dags/sac_dag.py for tasks to queue
[2024-10-02T16:24:09.504+0000] {logging_mixin.py:151} INFO - [2024-10-02T16:24:09.504+0000] {dagbag.py:539} INFO - Filling up the DagBag from /opt/airflow/dags/sac_dag.py
[2024-10-02T16:24:10.234+0000] {processor.py:839} INFO - DAG(s) dict_keys(['etl_sac_pipeline']) retrieved from /opt/airflow/dags/sac_dag.py
[2024-10-02T16:24:10.267+0000] {logging_mixin.py:151} INFO - [2024-10-02T16:24:10.267+0000] {dag.py:2915} INFO - Sync 1 DAGs
[2024-10-02T16:24:10.283+0000] {logging_mixin.py:151} INFO - [2024-10-02T16:24:10.283+0000] {dag.py:3696} INFO - Setting next_dagrun for etl_sac_pipeline to None, run_after=None
[2024-10-02T16:24:10.319+0000] {processor.py:179} INFO - Processing /opt/airflow/dags/sac_dag.py took 0.833 seconds
[2024-10-02T16:24:41.297+0000] {processor.py:157} INFO - Started process (PID=229) to work on /opt/airflow/dags/sac_dag.py
[2024-10-02T16:24:41.298+0000] {processor.py:829} INFO - Processing file /opt/airflow/dags/sac_dag.py for tasks to queue
[2024-10-02T16:24:41.301+0000] {logging_mixin.py:151} INFO - [2024-10-02T16:24:41.301+0000] {dagbag.py:539} INFO - Filling up the DagBag from /opt/airflow/dags/sac_dag.py
[2024-10-02T16:24:42.054+0000] {processor.py:839} INFO - DAG(s) dict_keys(['etl_sac_pipeline']) retrieved from /opt/airflow/dags/sac_dag.py
[2024-10-02T16:24:42.103+0000] {logging_mixin.py:151} INFO - [2024-10-02T16:24:42.103+0000] {dag.py:2915} INFO - Sync 1 DAGs
[2024-10-02T16:24:42.133+0000] {logging_mixin.py:151} INFO - [2024-10-02T16:24:42.132+0000] {dag.py:3696} INFO - Setting next_dagrun for etl_sac_pipeline to None, run_after=None
[2024-10-02T16:24:42.380+0000] {processor.py:179} INFO - Processing /opt/airflow/dags/sac_dag.py took 1.088 seconds
[2024-10-02T16:25:12.540+0000] {processor.py:157} INFO - Started process (PID=233) to work on /opt/airflow/dags/sac_dag.py
[2024-10-02T16:25:12.542+0000] {processor.py:829} INFO - Processing file /opt/airflow/dags/sac_dag.py for tasks to queue
[2024-10-02T16:25:12.548+0000] {logging_mixin.py:151} INFO - [2024-10-02T16:25:12.546+0000] {dagbag.py:539} INFO - Filling up the DagBag from /opt/airflow/dags/sac_dag.py
[2024-10-02T16:25:13.107+0000] {processor.py:839} INFO - DAG(s) dict_keys(['etl_sac_pipeline']) retrieved from /opt/airflow/dags/sac_dag.py
[2024-10-02T16:25:13.150+0000] {logging_mixin.py:151} INFO - [2024-10-02T16:25:13.149+0000] {dag.py:2915} INFO - Sync 1 DAGs
[2024-10-02T16:25:13.390+0000] {logging_mixin.py:151} INFO - [2024-10-02T16:25:13.389+0000] {dag.py:3696} INFO - Setting next_dagrun for etl_sac_pipeline to None, run_after=None
[2024-10-02T16:25:13.416+0000] {processor.py:179} INFO - Processing /opt/airflow/dags/sac_dag.py took 0.881 seconds
[2024-10-02T16:25:43.497+0000] {processor.py:157} INFO - Started process (PID=237) to work on /opt/airflow/dags/sac_dag.py
[2024-10-02T16:25:43.498+0000] {processor.py:829} INFO - Processing file /opt/airflow/dags/sac_dag.py for tasks to queue
[2024-10-02T16:25:43.507+0000] {logging_mixin.py:151} INFO - [2024-10-02T16:25:43.507+0000] {dagbag.py:539} INFO - Filling up the DagBag from /opt/airflow/dags/sac_dag.py
[2024-10-02T16:25:44.120+0000] {processor.py:839} INFO - DAG(s) dict_keys(['etl_sac_pipeline']) retrieved from /opt/airflow/dags/sac_dag.py
[2024-10-02T16:25:44.163+0000] {logging_mixin.py:151} INFO - [2024-10-02T16:25:44.163+0000] {dag.py:2915} INFO - Sync 1 DAGs
[2024-10-02T16:25:44.183+0000] {logging_mixin.py:151} INFO - [2024-10-02T16:25:44.183+0000] {dag.py:3696} INFO - Setting next_dagrun for etl_sac_pipeline to None, run_after=None
[2024-10-02T16:25:44.216+0000] {processor.py:179} INFO - Processing /opt/airflow/dags/sac_dag.py took 0.726 seconds
[2024-10-02T16:26:14.401+0000] {processor.py:157} INFO - Started process (PID=241) to work on /opt/airflow/dags/sac_dag.py
[2024-10-02T16:26:14.403+0000] {processor.py:829} INFO - Processing file /opt/airflow/dags/sac_dag.py for tasks to queue
[2024-10-02T16:26:14.409+0000] {logging_mixin.py:151} INFO - [2024-10-02T16:26:14.409+0000] {dagbag.py:539} INFO - Filling up the DagBag from /opt/airflow/dags/sac_dag.py
[2024-10-02T16:26:14.965+0000] {processor.py:839} INFO - DAG(s) dict_keys(['etl_sac_pipeline']) retrieved from /opt/airflow/dags/sac_dag.py
[2024-10-02T16:26:14.998+0000] {logging_mixin.py:151} INFO - [2024-10-02T16:26:14.997+0000] {dag.py:2915} INFO - Sync 1 DAGs
[2024-10-02T16:26:15.014+0000] {logging_mixin.py:151} INFO - [2024-10-02T16:26:15.014+0000] {dag.py:3696} INFO - Setting next_dagrun for etl_sac_pipeline to None, run_after=None
[2024-10-02T16:26:15.037+0000] {processor.py:179} INFO - Processing /opt/airflow/dags/sac_dag.py took 0.641 seconds
[2024-10-02T16:26:45.223+0000] {processor.py:157} INFO - Started process (PID=245) to work on /opt/airflow/dags/sac_dag.py
[2024-10-02T16:26:45.224+0000] {processor.py:829} INFO - Processing file /opt/airflow/dags/sac_dag.py for tasks to queue
[2024-10-02T16:26:45.227+0000] {logging_mixin.py:151} INFO - [2024-10-02T16:26:45.227+0000] {dagbag.py:539} INFO - Filling up the DagBag from /opt/airflow/dags/sac_dag.py
[2024-10-02T16:26:45.909+0000] {processor.py:839} INFO - DAG(s) dict_keys(['etl_sac_pipeline']) retrieved from /opt/airflow/dags/sac_dag.py
[2024-10-02T16:26:45.962+0000] {logging_mixin.py:151} INFO - [2024-10-02T16:26:45.961+0000] {dag.py:2915} INFO - Sync 1 DAGs
[2024-10-02T16:26:45.980+0000] {logging_mixin.py:151} INFO - [2024-10-02T16:26:45.979+0000] {dag.py:3696} INFO - Setting next_dagrun for etl_sac_pipeline to None, run_after=None
[2024-10-02T16:26:46.004+0000] {processor.py:179} INFO - Processing /opt/airflow/dags/sac_dag.py took 0.790 seconds
[2024-10-02T16:27:16.253+0000] {processor.py:157} INFO - Started process (PID=249) to work on /opt/airflow/dags/sac_dag.py
[2024-10-02T16:27:16.255+0000] {processor.py:829} INFO - Processing file /opt/airflow/dags/sac_dag.py for tasks to queue
[2024-10-02T16:27:16.257+0000] {logging_mixin.py:151} INFO - [2024-10-02T16:27:16.257+0000] {dagbag.py:539} INFO - Filling up the DagBag from /opt/airflow/dags/sac_dag.py
[2024-10-02T16:27:16.791+0000] {processor.py:839} INFO - DAG(s) dict_keys(['etl_sac_pipeline']) retrieved from /opt/airflow/dags/sac_dag.py
[2024-10-02T16:27:16.832+0000] {logging_mixin.py:151} INFO - [2024-10-02T16:27:16.831+0000] {dag.py:2915} INFO - Sync 1 DAGs
[2024-10-02T16:27:16.850+0000] {logging_mixin.py:151} INFO - [2024-10-02T16:27:16.850+0000] {dag.py:3696} INFO - Setting next_dagrun for etl_sac_pipeline to None, run_after=None
[2024-10-02T16:27:16.882+0000] {processor.py:179} INFO - Processing /opt/airflow/dags/sac_dag.py took 0.634 seconds
[2024-10-02T16:27:47.068+0000] {processor.py:157} INFO - Started process (PID=253) to work on /opt/airflow/dags/sac_dag.py
[2024-10-02T16:27:47.069+0000] {processor.py:829} INFO - Processing file /opt/airflow/dags/sac_dag.py for tasks to queue
[2024-10-02T16:27:47.073+0000] {logging_mixin.py:151} INFO - [2024-10-02T16:27:47.073+0000] {dagbag.py:539} INFO - Filling up the DagBag from /opt/airflow/dags/sac_dag.py
[2024-10-02T16:27:47.666+0000] {processor.py:839} INFO - DAG(s) dict_keys(['etl_sac_pipeline']) retrieved from /opt/airflow/dags/sac_dag.py
[2024-10-02T16:27:47.713+0000] {logging_mixin.py:151} INFO - [2024-10-02T16:27:47.713+0000] {dag.py:2915} INFO - Sync 1 DAGs
[2024-10-02T16:27:47.736+0000] {logging_mixin.py:151} INFO - [2024-10-02T16:27:47.736+0000] {dag.py:3696} INFO - Setting next_dagrun for etl_sac_pipeline to None, run_after=None
[2024-10-02T16:27:47.976+0000] {processor.py:179} INFO - Processing /opt/airflow/dags/sac_dag.py took 0.911 seconds
[2024-10-02T16:28:18.197+0000] {processor.py:157} INFO - Started process (PID=257) to work on /opt/airflow/dags/sac_dag.py
[2024-10-02T16:28:18.199+0000] {processor.py:829} INFO - Processing file /opt/airflow/dags/sac_dag.py for tasks to queue
[2024-10-02T16:28:18.203+0000] {logging_mixin.py:151} INFO - [2024-10-02T16:28:18.202+0000] {dagbag.py:539} INFO - Filling up the DagBag from /opt/airflow/dags/sac_dag.py
[2024-10-02T16:28:18.941+0000] {processor.py:839} INFO - DAG(s) dict_keys(['etl_sac_pipeline']) retrieved from /opt/airflow/dags/sac_dag.py
[2024-10-02T16:28:18.992+0000] {logging_mixin.py:151} INFO - [2024-10-02T16:28:18.992+0000] {dag.py:2915} INFO - Sync 1 DAGs
[2024-10-02T16:28:19.018+0000] {logging_mixin.py:151} INFO - [2024-10-02T16:28:19.018+0000] {dag.py:3696} INFO - Setting next_dagrun for etl_sac_pipeline to None, run_after=None
[2024-10-02T16:28:19.045+0000] {processor.py:179} INFO - Processing /opt/airflow/dags/sac_dag.py took 0.852 seconds
[2024-10-02T16:28:49.351+0000] {processor.py:157} INFO - Started process (PID=261) to work on /opt/airflow/dags/sac_dag.py
[2024-10-02T16:28:49.352+0000] {processor.py:829} INFO - Processing file /opt/airflow/dags/sac_dag.py for tasks to queue
[2024-10-02T16:28:49.354+0000] {logging_mixin.py:151} INFO - [2024-10-02T16:28:49.354+0000] {dagbag.py:539} INFO - Filling up the DagBag from /opt/airflow/dags/sac_dag.py
[2024-10-02T16:28:49.918+0000] {processor.py:839} INFO - DAG(s) dict_keys(['etl_sac_pipeline']) retrieved from /opt/airflow/dags/sac_dag.py
[2024-10-02T16:28:49.986+0000] {logging_mixin.py:151} INFO - [2024-10-02T16:28:49.986+0000] {dag.py:2915} INFO - Sync 1 DAGs
[2024-10-02T16:28:50.017+0000] {logging_mixin.py:151} INFO - [2024-10-02T16:28:50.017+0000] {dag.py:3696} INFO - Setting next_dagrun for etl_sac_pipeline to None, run_after=None
[2024-10-02T16:28:50.039+0000] {processor.py:179} INFO - Processing /opt/airflow/dags/sac_dag.py took 0.693 seconds
