[2024-10-01T16:17:40.097+0000] {taskinstance.py:1157} INFO - Dependencies all met for dep_context=non-requeueable deps ti=<TaskInstance: etl_jd_pipeline.jdsport_extraction manual__2024-10-01T16:17:35.265186+00:00 [queued]>
[2024-10-01T16:17:40.111+0000] {taskinstance.py:1157} INFO - Dependencies all met for dep_context=requeueable deps ti=<TaskInstance: etl_jd_pipeline.jdsport_extraction manual__2024-10-01T16:17:35.265186+00:00 [queued]>
[2024-10-01T16:17:40.112+0000] {taskinstance.py:1359} INFO - Starting attempt 1 of 1
[2024-10-01T16:17:40.133+0000] {taskinstance.py:1380} INFO - Executing <Task(BashOperator): jdsport_extraction> on 2024-10-01 16:17:35.265186+00:00
[2024-10-01T16:17:40.143+0000] {standard_task_runner.py:57} INFO - Started process 47 to run task
[2024-10-01T16:17:40.149+0000] {standard_task_runner.py:84} INFO - Running: ['***', 'tasks', 'run', 'etl_jd_pipeline', 'jdsport_extraction', 'manual__2024-10-01T16:17:35.265186+00:00', '--job-id', '2', '--raw', '--subdir', 'DAGS_FOLDER/jdsports_dag.py', '--cfg-path', '/tmp/tmpq35jcpsp']
[2024-10-01T16:17:40.158+0000] {standard_task_runner.py:85} INFO - Job 2: Subtask jdsport_extraction
[2024-10-01T16:17:40.297+0000] {task_command.py:415} INFO - Running <TaskInstance: etl_jd_pipeline.jdsport_extraction manual__2024-10-01T16:17:35.265186+00:00 [running]> on host 314a4fe6acac
[2024-10-01T16:17:40.419+0000] {taskinstance.py:1660} INFO - Exporting env vars: AIRFLOW_CTX_DAG_OWNER='Biokpor Solomon' AIRFLOW_CTX_DAG_ID='etl_jd_pipeline' AIRFLOW_CTX_TASK_ID='jdsport_extraction' AIRFLOW_CTX_EXECUTION_DATE='2024-10-01T16:17:35.265186+00:00' AIRFLOW_CTX_TRY_NUMBER='1' AIRFLOW_CTX_DAG_RUN_ID='manual__2024-10-01T16:17:35.265186+00:00'
[2024-10-01T16:17:40.421+0000] {subprocess.py:63} INFO - Tmp dir root location: /tmp
[2024-10-01T16:17:40.422+0000] {subprocess.py:75} INFO - Running command: ['/bin/bash', '-c', 'cd /opt/***/fastfashion && scrapy crawl jdsport -o jdsportraw.csv']
[2024-10-01T16:17:40.439+0000] {subprocess.py:86} INFO - Output:
[2024-10-01T16:17:43.174+0000] {subprocess.py:93} INFO - 2024-10-01 16:17:43 [scrapy.utils.log] INFO: Scrapy 2.11.2 started (bot: fastfashion)
[2024-10-01T16:17:43.192+0000] {subprocess.py:93} INFO - 2024-10-01 16:17:43 [scrapy.utils.log] INFO: Versions: lxml 4.9.3.0, libxml2 2.10.3, cssselect 1.2.0, parsel 1.9.1, w3lib 2.2.1, Twisted 24.7.0, Python 3.9.18 (main, Sep  7 2023, 13:38:29) - [GCC 10.2.1 20210110], pyOpenSSL 23.2.0 (OpenSSL 3.1.2 1 Aug 2023), cryptography 41.0.3, Platform Linux-6.1.109-118.189.amzn2023.x86_64-x86_64-with-glibc2.31
[2024-10-01T16:17:43.198+0000] {subprocess.py:93} INFO - 2024-10-01 16:17:43 [scrapy.addons] INFO: Enabled addons:
[2024-10-01T16:17:43.198+0000] {subprocess.py:93} INFO - []
[2024-10-01T16:17:43.198+0000] {subprocess.py:93} INFO - 2024-10-01 16:17:43 [scrapy.utils.log] DEBUG: Using reactor: twisted.internet.epollreactor.EPollReactor
[2024-10-01T16:17:43.240+0000] {subprocess.py:93} INFO - 2024-10-01 16:17:43 [scrapy.extensions.telnet] INFO: Telnet Password: c75be0ba74982a30
[2024-10-01T16:17:43.680+0000] {subprocess.py:93} INFO - 2024-10-01 16:17:43 [scrapy.middleware] INFO: Enabled extensions:
[2024-10-01T16:17:43.681+0000] {subprocess.py:93} INFO - ['scrapy.extensions.corestats.CoreStats',
[2024-10-01T16:17:43.681+0000] {subprocess.py:93} INFO -  'scrapy.extensions.telnet.TelnetConsole',
[2024-10-01T16:17:43.681+0000] {subprocess.py:93} INFO -  'scrapy.extensions.memusage.MemoryUsage',
[2024-10-01T16:17:43.682+0000] {subprocess.py:93} INFO -  'scrapy.extensions.feedexport.FeedExporter',
[2024-10-01T16:17:43.682+0000] {subprocess.py:93} INFO -  'scrapy.extensions.logstats.LogStats']
[2024-10-01T16:17:43.682+0000] {subprocess.py:93} INFO - 2024-10-01 16:17:43 [scrapy.crawler] INFO: Overridden settings:
[2024-10-01T16:17:43.682+0000] {subprocess.py:93} INFO - {'BOT_NAME': 'fastfashion',
[2024-10-01T16:17:43.682+0000] {subprocess.py:93} INFO -  'FEED_EXPORT_ENCODING': 'utf-8',
[2024-10-01T16:17:43.683+0000] {subprocess.py:93} INFO -  'NEWSPIDER_MODULE': 'fastfashion.spiders',
[2024-10-01T16:17:43.683+0000] {subprocess.py:93} INFO -  'REQUEST_FINGERPRINTER_IMPLEMENTATION': '2.7',
[2024-10-01T16:17:43.683+0000] {subprocess.py:93} INFO -  'ROBOTSTXT_OBEY': True,
[2024-10-01T16:17:43.683+0000] {subprocess.py:93} INFO -  'SPIDER_MODULES': ['fastfashion.spiders']}
[2024-10-01T16:17:43.863+0000] {subprocess.py:93} INFO - 2024-10-01 16:17:43 [scrapy.middleware] INFO: Enabled downloader middlewares:
[2024-10-01T16:17:43.864+0000] {subprocess.py:93} INFO - ['scrapy.downloadermiddlewares.offsite.OffsiteMiddleware',
[2024-10-01T16:17:43.864+0000] {subprocess.py:93} INFO -  'scrapy.downloadermiddlewares.robotstxt.RobotsTxtMiddleware',
[2024-10-01T16:17:43.864+0000] {subprocess.py:93} INFO -  'scrapy.downloadermiddlewares.httpauth.HttpAuthMiddleware',
[2024-10-01T16:17:43.864+0000] {subprocess.py:93} INFO -  'scrapy.downloadermiddlewares.downloadtimeout.DownloadTimeoutMiddleware',
[2024-10-01T16:17:43.864+0000] {subprocess.py:93} INFO -  'scrapy.downloadermiddlewares.defaultheaders.DefaultHeadersMiddleware',
[2024-10-01T16:17:43.865+0000] {subprocess.py:93} INFO -  'scrapy.downloadermiddlewares.useragent.UserAgentMiddleware',
[2024-10-01T16:17:43.865+0000] {subprocess.py:93} INFO -  'scrapy.downloadermiddlewares.retry.RetryMiddleware',
[2024-10-01T16:17:43.865+0000] {subprocess.py:93} INFO -  'scrapy.downloadermiddlewares.redirect.MetaRefreshMiddleware',
[2024-10-01T16:17:43.865+0000] {subprocess.py:93} INFO -  'scrapy.downloadermiddlewares.httpcompression.HttpCompressionMiddleware',
[2024-10-01T16:17:43.865+0000] {subprocess.py:93} INFO -  'scrapy.downloadermiddlewares.redirect.RedirectMiddleware',
[2024-10-01T16:17:43.865+0000] {subprocess.py:93} INFO -  'scrapy.downloadermiddlewares.cookies.CookiesMiddleware',
[2024-10-01T16:17:43.865+0000] {subprocess.py:93} INFO -  'scrapy.downloadermiddlewares.httpproxy.HttpProxyMiddleware',
[2024-10-01T16:17:43.866+0000] {subprocess.py:93} INFO -  'scrapy.downloadermiddlewares.stats.DownloaderStats']
[2024-10-01T16:17:43.868+0000] {subprocess.py:93} INFO - 2024-10-01 16:17:43 [scrapy.middleware] INFO: Enabled spider middlewares:
[2024-10-01T16:17:43.869+0000] {subprocess.py:93} INFO - ['scrapy.spidermiddlewares.httperror.HttpErrorMiddleware',
[2024-10-01T16:17:43.869+0000] {subprocess.py:93} INFO -  'scrapy.spidermiddlewares.referer.RefererMiddleware',
[2024-10-01T16:17:43.869+0000] {subprocess.py:93} INFO -  'scrapy.spidermiddlewares.urllength.UrlLengthMiddleware',
[2024-10-01T16:17:43.869+0000] {subprocess.py:93} INFO -  'scrapy.spidermiddlewares.depth.DepthMiddleware']
[2024-10-01T16:17:43.869+0000] {subprocess.py:93} INFO - 2024-10-01 16:17:43 [scrapy.middleware] INFO: Enabled item pipelines:
[2024-10-01T16:17:43.869+0000] {subprocess.py:93} INFO - []
[2024-10-01T16:17:43.870+0000] {subprocess.py:93} INFO - 2024-10-01 16:17:43 [scrapy.core.engine] INFO: Spider opened
[2024-10-01T16:17:43.884+0000] {subprocess.py:93} INFO - 2024-10-01 16:17:43 [scrapy.extensions.logstats] INFO: Crawled 0 pages (at 0 pages/min), scraped 0 items (at 0 items/min)
[2024-10-01T16:17:43.886+0000] {subprocess.py:93} INFO - 2024-10-01 16:17:43 [scrapy.extensions.telnet] INFO: Telnet console listening on 127.0.0.1:6023
[2024-10-01T16:17:44.070+0000] {subprocess.py:93} INFO - 2024-10-01 16:17:44 [urllib3.connectionpool] DEBUG: Starting new HTTPS connection (1): publicsuffix.org:443
[2024-10-01T16:17:44.101+0000] {subprocess.py:93} INFO - 2024-10-01 16:17:44 [urllib3.connectionpool] DEBUG: https://publicsuffix.org:443 "GET /list/public_suffix_list.dat HTTP/1.1" 200 86627
[2024-10-01T16:17:44.266+0000] {subprocess.py:93} INFO - 2024-10-01 16:17:44 [scrapy.core.engine] DEBUG: Crawled (200) <GET https://www.jdsports.co.uk/robots.txt> (referer: None)
[2024-10-01T16:17:44.297+0000] {subprocess.py:93} INFO - 2024-10-01 16:17:44 [scrapy.core.engine] DEBUG: Crawled (200) <GET https://www.jdsports.co.uk/men/mens-footwear/> (referer: None)
[2024-10-01T16:17:44.312+0000] {subprocess.py:93} INFO - 2024-10-01 16:17:44 [scrapy.core.engine] DEBUG: Crawled (200) <GET https://www.jdsports.co.uk/women/womens-footwear/> (referer: None)
[2024-10-01T16:17:44.505+0000] {subprocess.py:93} INFO - 2024-10-01 16:17:44 [scrapy.core.engine] DEBUG: Crawled (200) <GET https://www.jdsports.co.uk/product/blue-adidas-originals-gazelle-indoor-womens/17711989/> (referer: https://www.jdsports.co.uk/women/womens-footwear/)
[2024-10-01T16:17:44.529+0000] {subprocess.py:93} INFO - 2024-10-01 16:17:44 [scrapy.core.engine] DEBUG: Crawled (200) <GET https://www.jdsports.co.uk/product/grey-nike-air-max-95/19645973/> (referer: https://www.jdsports.co.uk/men/mens-footwear/)
[2024-10-01T16:17:44.661+0000] {subprocess.py:93} INFO - 2024-10-01 16:17:44 [scrapy.core.scraper] DEBUG: Scraped from <200 https://www.jdsports.co.uk/product/blue-adidas-originals-gazelle-indoor-womens/17711989/>
[2024-10-01T16:17:44.661+0000] {subprocess.py:93} INFO - {'brand': 'adidas',
[2024-10-01T16:17:44.661+0000] {subprocess.py:93} INFO -  'category': 'Footwear',
[2024-10-01T16:17:44.662+0000] {subprocess.py:93} INFO -  'gender': 'Womens Footwear',
[2024-10-01T16:17:44.662+0000] {subprocess.py:93} INFO -  'images': ['https://i8.amplience.net/i/jpl/jd_618705_a?qlt=92&w=750&h=531&v=1&fmt=auto '
[2024-10-01T16:17:44.662+0000] {subprocess.py:93} INFO -             '1x,\n'
[2024-10-01T16:17:44.662+0000] {subprocess.py:93} INFO -             '                '
[2024-10-01T16:17:44.662+0000] {subprocess.py:93} INFO -             'https://i8.amplience.net/i/jpl/jd_618705_a?qlt=92&w=950&h=673&v=1&fmt=auto '
[2024-10-01T16:17:44.663+0000] {subprocess.py:93} INFO -             '2x,\n'
[2024-10-01T16:17:44.663+0000] {subprocess.py:93} INFO -             '                '
[2024-10-01T16:17:44.663+0000] {subprocess.py:93} INFO -             'https://i8.amplience.net/i/jpl/jd_618705_a?qlt=92&w=1200&h=850&v=1&fmt=auto '
[2024-10-01T16:17:44.663+0000] {subprocess.py:93} INFO -             '3x',
[2024-10-01T16:17:44.663+0000] {subprocess.py:93} INFO -             'https://i8.amplience.net/i/jpl/jd_618705_b?qlt=92&w=750&h=531&v=1&fmt=auto '
[2024-10-01T16:17:44.664+0000] {subprocess.py:93} INFO -             '1x,\n'
[2024-10-01T16:17:44.664+0000] {subprocess.py:93} INFO -             '                '
[2024-10-01T16:17:44.664+0000] {subprocess.py:93} INFO -             'https://i8.amplience.net/i/jpl/jd_618705_b?qlt=92&w=950&h=673&v=1&fmt=auto '
[2024-10-01T16:17:44.664+0000] {subprocess.py:93} INFO -             '2x,\n'
[2024-10-01T16:17:44.664+0000] {subprocess.py:93} INFO -             '                '
[2024-10-01T16:17:44.664+0000] {subprocess.py:93} INFO -             'https://i8.amplience.net/i/jpl/jd_618705_b?qlt=92&w=1200&h=850&v=1&fmt=auto '
[2024-10-01T16:17:44.664+0000] {subprocess.py:93} INFO -             '3x',
[2024-10-01T16:17:44.664+0000] {subprocess.py:93} INFO -             'https://i8.amplience.net/i/jpl/jd_618705_c?qlt=92&w=750&h=531&v=1&fmt=auto '
[2024-10-01T16:17:44.666+0000] {subprocess.py:93} INFO -             '1x,\n'
[2024-10-01T16:17:44.666+0000] {subprocess.py:93} INFO -             '                '
[2024-10-01T16:17:44.666+0000] {subprocess.py:93} INFO -             'https://i8.amplience.net/i/jpl/jd_618705_c?qlt=92&w=950&h=673&v=1&fmt=auto '
[2024-10-01T16:17:44.668+0000] {subprocess.py:93} INFO -             '2x,\n'
[2024-10-01T16:17:44.668+0000] {subprocess.py:93} INFO -             '                '
[2024-10-01T16:17:44.669+0000] {subprocess.py:93} INFO -             'https://i8.amplience.net/i/jpl/jd_618705_c?qlt=92&w=1200&h=850&v=1&fmt=auto '
[2024-10-01T16:17:44.669+0000] {subprocess.py:93} INFO -             '3x',
[2024-10-01T16:17:44.669+0000] {subprocess.py:93} INFO -             'https://i8.amplience.net/i/jpl/jd_618705_d?qlt=92&w=750&h=531&v=1&fmt=auto '
[2024-10-01T16:17:44.670+0000] {subprocess.py:93} INFO -             '1x,\n'
[2024-10-01T16:17:44.670+0000] {subprocess.py:93} INFO -             '                '
[2024-10-01T16:17:44.670+0000] {subprocess.py:93} INFO -             'https://i8.amplience.net/i/jpl/jd_618705_d?qlt=92&w=950&h=673&v=1&fmt=auto '
[2024-10-01T16:17:44.670+0000] {subprocess.py:93} INFO -             '2x,\n'
[2024-10-01T16:17:44.670+0000] {subprocess.py:93} INFO -             '                '
[2024-10-01T16:17:44.670+0000] {subprocess.py:93} INFO -             'https://i8.amplience.net/i/jpl/jd_618705_d?qlt=92&w=1200&h=850&v=1&fmt=auto '
[2024-10-01T16:17:44.670+0000] {subprocess.py:93} INFO -             '3x',
[2024-10-01T16:17:44.670+0000] {subprocess.py:93} INFO -             'https://i8.amplience.net/i/jpl/jd_618705_e?qlt=92&w=750&h=531&v=1&fmt=auto '
[2024-10-01T16:17:44.671+0000] {subprocess.py:93} INFO -             '1x,\n'
[2024-10-01T16:17:44.671+0000] {subprocess.py:93} INFO -             '                '
[2024-10-01T16:17:44.671+0000] {subprocess.py:93} INFO -             'https://i8.amplience.net/i/jpl/jd_618705_e?qlt=92&w=950&h=673&v=1&fmt=auto '
[2024-10-01T16:17:44.671+0000] {subprocess.py:93} INFO -             '2x,\n'
[2024-10-01T16:17:44.671+0000] {subprocess.py:93} INFO -             '                '
[2024-10-01T16:17:44.671+0000] {subprocess.py:93} INFO -             'https://i8.amplience.net/i/jpl/jd_618705_e?qlt=92&w=1200&h=850&v=1&fmt=auto '
[2024-10-01T16:17:44.671+0000] {subprocess.py:93} INFO -             '3x',
[2024-10-01T16:17:44.671+0000] {subprocess.py:93} INFO -             'https://i8.amplience.net/i/jpl/jd_618705_f?qlt=92&w=750&h=531&v=1&fmt=auto '
[2024-10-01T16:17:44.671+0000] {subprocess.py:93} INFO -             '1x,\n'
[2024-10-01T16:17:44.672+0000] {subprocess.py:93} INFO -             '                '
[2024-10-01T16:17:44.672+0000] {subprocess.py:93} INFO -             'https://i8.amplience.net/i/jpl/jd_618705_f?qlt=92&w=950&h=673&v=1&fmt=auto '
[2024-10-01T16:17:44.672+0000] {subprocess.py:93} INFO -             '2x,\n'
[2024-10-01T16:17:44.672+0000] {subprocess.py:93} INFO -             '                '
[2024-10-01T16:17:44.672+0000] {subprocess.py:93} INFO -             'https://i8.amplience.net/i/jpl/jd_618705_f?qlt=92&w=1200&h=850&v=1&fmt=auto '
[2024-10-01T16:17:44.672+0000] {subprocess.py:93} INFO -             '3x'],
[2024-10-01T16:17:44.672+0000] {subprocess.py:93} INFO -  'name': "adidas Originals Gazelle Indoor Women's",
[2024-10-01T16:17:44.672+0000] {subprocess.py:93} INFO -  'price': '£95.00',
[2024-10-01T16:17:44.672+0000] {subprocess.py:93} INFO -  'retailer': 'JD Sport',
[2024-10-01T16:17:44.672+0000] {subprocess.py:93} INFO -  'url': 'https://www.jdsports.co.uk/product/blue-adidas-originals-gazelle-indoor-womens/17711989/'}
[2024-10-01T16:17:44.723+0000] {subprocess.py:93} INFO - 2024-10-01 16:17:44 [scrapy.core.scraper] DEBUG: Scraped from <200 https://www.jdsports.co.uk/product/grey-nike-air-max-95/19645973/>
[2024-10-01T16:17:44.723+0000] {subprocess.py:93} INFO - {'brand': 'Nike',
[2024-10-01T16:17:44.724+0000] {subprocess.py:93} INFO -  'category': 'Footwear',
[2024-10-01T16:17:44.724+0000] {subprocess.py:93} INFO -  'gender': 'Mens Footwear',
[2024-10-01T16:17:44.724+0000] {subprocess.py:93} INFO -  'images': ['https://i8.amplience.net/i/jpl/jd_618705_a?qlt=92&w=750&h=531&v=1&fmt=auto '
[2024-10-01T16:17:44.725+0000] {subprocess.py:93} INFO -             '1x,\n'
[2024-10-01T16:17:44.725+0000] {subprocess.py:93} INFO -             '                '
[2024-10-01T16:17:44.725+0000] {subprocess.py:93} INFO -             'https://i8.amplience.net/i/jpl/jd_618705_a?qlt=92&w=950&h=673&v=1&fmt=auto '
[2024-10-01T16:17:44.725+0000] {subprocess.py:93} INFO -             '2x,\n'
[2024-10-01T16:17:44.726+0000] {subprocess.py:93} INFO -             '                '
[2024-10-01T16:17:44.726+0000] {subprocess.py:93} INFO -             'https://i8.amplience.net/i/jpl/jd_618705_a?qlt=92&w=1200&h=850&v=1&fmt=auto '
[2024-10-01T16:17:44.726+0000] {subprocess.py:93} INFO -             '3x',
[2024-10-01T16:17:44.726+0000] {subprocess.py:93} INFO -             'https://i8.amplience.net/i/jpl/jd_618705_b?qlt=92&w=750&h=531&v=1&fmt=auto '
[2024-10-01T16:17:44.726+0000] {subprocess.py:93} INFO -             '1x,\n'
[2024-10-01T16:17:44.727+0000] {subprocess.py:93} INFO -             '                '
[2024-10-01T16:17:44.727+0000] {subprocess.py:93} INFO -             'https://i8.amplience.net/i/jpl/jd_618705_b?qlt=92&w=950&h=673&v=1&fmt=auto '
[2024-10-01T16:17:44.727+0000] {subprocess.py:93} INFO -             '2x,\n'
[2024-10-01T16:17:44.727+0000] {subprocess.py:93} INFO -             '                '
[2024-10-01T16:17:44.728+0000] {subprocess.py:93} INFO -             'https://i8.amplience.net/i/jpl/jd_618705_b?qlt=92&w=1200&h=850&v=1&fmt=auto '
[2024-10-01T16:17:44.728+0000] {subprocess.py:93} INFO -             '3x',
[2024-10-01T16:17:44.728+0000] {subprocess.py:93} INFO -             'https://i8.amplience.net/i/jpl/jd_618705_c?qlt=92&w=750&h=531&v=1&fmt=auto '
[2024-10-01T16:17:44.728+0000] {subprocess.py:93} INFO -             '1x,\n'
[2024-10-01T16:17:44.728+0000] {subprocess.py:93} INFO -             '                '
[2024-10-01T16:17:44.729+0000] {subprocess.py:93} INFO -             'https://i8.amplience.net/i/jpl/jd_618705_c?qlt=92&w=950&h=673&v=1&fmt=auto '
[2024-10-01T16:17:44.729+0000] {subprocess.py:93} INFO -             '2x,\n'
[2024-10-01T16:17:44.729+0000] {subprocess.py:93} INFO -             '                '
[2024-10-01T16:17:44.729+0000] {subprocess.py:93} INFO -             'https://i8.amplience.net/i/jpl/jd_618705_c?qlt=92&w=1200&h=850&v=1&fmt=auto '
[2024-10-01T16:17:44.730+0000] {subprocess.py:93} INFO -             '3x',
[2024-10-01T16:17:44.730+0000] {subprocess.py:93} INFO -             'https://i8.amplience.net/i/jpl/jd_618705_d?qlt=92&w=750&h=531&v=1&fmt=auto '
[2024-10-01T16:17:44.730+0000] {subprocess.py:93} INFO -             '1x,\n'
[2024-10-01T16:17:44.730+0000] {subprocess.py:93} INFO -             '                '
[2024-10-01T16:17:44.731+0000] {subprocess.py:93} INFO -             'https://i8.amplience.net/i/jpl/jd_618705_d?qlt=92&w=950&h=673&v=1&fmt=auto '
[2024-10-01T16:17:44.731+0000] {subprocess.py:93} INFO -             '2x,\n'
[2024-10-01T16:17:44.731+0000] {subprocess.py:93} INFO -             '                '
[2024-10-01T16:17:44.731+0000] {subprocess.py:93} INFO -             'https://i8.amplience.net/i/jpl/jd_618705_d?qlt=92&w=1200&h=850&v=1&fmt=auto '
[2024-10-01T16:17:44.732+0000] {subprocess.py:93} INFO -             '3x',
[2024-10-01T16:17:44.732+0000] {subprocess.py:93} INFO -             'https://i8.amplience.net/i/jpl/jd_618705_e?qlt=92&w=750&h=531&v=1&fmt=auto '
[2024-10-01T16:17:44.732+0000] {subprocess.py:93} INFO -             '1x,\n'
[2024-10-01T16:17:44.732+0000] {subprocess.py:93} INFO -             '                '
[2024-10-01T16:17:44.733+0000] {subprocess.py:93} INFO -             'https://i8.amplience.net/i/jpl/jd_618705_e?qlt=92&w=950&h=673&v=1&fmt=auto '
[2024-10-01T16:17:44.733+0000] {subprocess.py:93} INFO -             '2x,\n'
[2024-10-01T16:17:44.733+0000] {subprocess.py:93} INFO -             '                '
[2024-10-01T16:17:44.733+0000] {subprocess.py:93} INFO -             'https://i8.amplience.net/i/jpl/jd_618705_e?qlt=92&w=1200&h=850&v=1&fmt=auto '
[2024-10-01T16:17:44.733+0000] {subprocess.py:93} INFO -             '3x',
[2024-10-01T16:17:44.734+0000] {subprocess.py:93} INFO -             'https://i8.amplience.net/i/jpl/jd_618705_f?qlt=92&w=750&h=531&v=1&fmt=auto '
[2024-10-01T16:17:44.734+0000] {subprocess.py:93} INFO -             '1x,\n'
[2024-10-01T16:17:44.734+0000] {subprocess.py:93} INFO -             '                '
[2024-10-01T16:17:44.734+0000] {subprocess.py:93} INFO -             'https://i8.amplience.net/i/jpl/jd_618705_f?qlt=92&w=950&h=673&v=1&fmt=auto '
[2024-10-01T16:17:44.735+0000] {subprocess.py:93} INFO -             '2x,\n'
[2024-10-01T16:17:44.735+0000] {subprocess.py:93} INFO -             '                '
[2024-10-01T16:17:44.735+0000] {subprocess.py:93} INFO -             'https://i8.amplience.net/i/jpl/jd_618705_f?qlt=92&w=1200&h=850&v=1&fmt=auto '
[2024-10-01T16:17:44.735+0000] {subprocess.py:93} INFO -             '3x',
[2024-10-01T16:17:44.735+0000] {subprocess.py:93} INFO -             'https://i8.amplience.net/i/jpl/jd_707948_a?qlt=92&w=750&h=531&v=1&fmt=auto '
[2024-10-01T16:17:44.736+0000] {subprocess.py:93} INFO -             '1x,\n'
[2024-10-01T16:17:44.736+0000] {subprocess.py:93} INFO -             '                '
[2024-10-01T16:17:44.736+0000] {subprocess.py:93} INFO -             'https://i8.amplience.net/i/jpl/jd_707948_a?qlt=92&w=950&h=673&v=1&fmt=auto '
[2024-10-01T16:17:44.736+0000] {subprocess.py:93} INFO -             '2x,\n'
[2024-10-01T16:17:44.736+0000] {subprocess.py:93} INFO -             '                '
[2024-10-01T16:17:44.737+0000] {subprocess.py:93} INFO -             'https://i8.amplience.net/i/jpl/jd_707948_a?qlt=92&w=1200&h=850&v=1&fmt=auto '
[2024-10-01T16:17:44.737+0000] {subprocess.py:93} INFO -             '3x',
[2024-10-01T16:17:44.737+0000] {subprocess.py:93} INFO -             'https://i8.amplience.net/i/jpl/jd_707948_b?qlt=92&w=750&h=531&v=1&fmt=auto '
[2024-10-01T16:17:44.737+0000] {subprocess.py:93} INFO -             '1x,\n'
[2024-10-01T16:17:44.737+0000] {subprocess.py:93} INFO -             '                '
[2024-10-01T16:17:44.738+0000] {subprocess.py:93} INFO -             'https://i8.amplience.net/i/jpl/jd_707948_b?qlt=92&w=950&h=673&v=1&fmt=auto '
[2024-10-01T16:17:44.738+0000] {subprocess.py:93} INFO -             '2x,\n'
[2024-10-01T16:17:44.738+0000] {subprocess.py:93} INFO -             '                '
[2024-10-01T16:17:44.738+0000] {subprocess.py:93} INFO -             'https://i8.amplience.net/i/jpl/jd_707948_b?qlt=92&w=1200&h=850&v=1&fmt=auto '
[2024-10-01T16:17:44.739+0000] {subprocess.py:93} INFO -             '3x',
[2024-10-01T16:17:44.739+0000] {subprocess.py:93} INFO -             'https://i8.amplience.net/i/jpl/jd_707948_c?qlt=92&w=750&h=531&v=1&fmt=auto '
[2024-10-01T16:17:44.739+0000] {subprocess.py:93} INFO -             '1x,\n'
[2024-10-01T16:17:44.739+0000] {subprocess.py:93} INFO -             '                '
[2024-10-01T16:17:44.740+0000] {subprocess.py:93} INFO -             'https://i8.amplience.net/i/jpl/jd_707948_c?qlt=92&w=950&h=673&v=1&fmt=auto '
[2024-10-01T16:17:44.740+0000] {subprocess.py:93} INFO -             '2x,\n'
[2024-10-01T16:17:44.740+0000] {subprocess.py:93} INFO -             '                '
[2024-10-01T16:17:44.740+0000] {subprocess.py:93} INFO -             'https://i8.amplience.net/i/jpl/jd_707948_c?qlt=92&w=1200&h=850&v=1&fmt=auto '
[2024-10-01T16:17:44.740+0000] {subprocess.py:93} INFO -             '3x',
[2024-10-01T16:17:44.741+0000] {subprocess.py:93} INFO -             'https://i8.amplience.net/i/jpl/jd_707948_d?qlt=92&w=750&h=531&v=1&fmt=auto '
[2024-10-01T16:17:44.741+0000] {subprocess.py:93} INFO -             '1x,\n'
[2024-10-01T16:17:44.742+0000] {subprocess.py:93} INFO -             '                '
[2024-10-01T16:17:44.742+0000] {subprocess.py:93} INFO -             'https://i8.amplience.net/i/jpl/jd_707948_d?qlt=92&w=950&h=673&v=1&fmt=auto '
[2024-10-01T16:17:44.742+0000] {subprocess.py:93} INFO -             '2x,\n'
[2024-10-01T16:17:44.742+0000] {subprocess.py:93} INFO -             '                '
[2024-10-01T16:17:44.742+0000] {subprocess.py:93} INFO -             'https://i8.amplience.net/i/jpl/jd_707948_d?qlt=92&w=1200&h=850&v=1&fmt=auto '
[2024-10-01T16:17:44.742+0000] {subprocess.py:93} INFO -             '3x',
[2024-10-01T16:17:44.743+0000] {subprocess.py:93} INFO -             'https://i8.amplience.net/i/jpl/jd_707948_e?qlt=92&w=750&h=531&v=1&fmt=auto '
[2024-10-01T16:17:44.743+0000] {subprocess.py:93} INFO -             '1x,\n'
[2024-10-01T16:17:44.743+0000] {subprocess.py:93} INFO -             '                '
[2024-10-01T16:17:44.743+0000] {subprocess.py:93} INFO -             'https://i8.amplience.net/i/jpl/jd_707948_e?qlt=92&w=950&h=673&v=1&fmt=auto '
[2024-10-01T16:17:44.743+0000] {subprocess.py:93} INFO -             '2x,\n'
[2024-10-01T16:17:44.743+0000] {subprocess.py:93} INFO -             '                '
[2024-10-01T16:17:44.743+0000] {subprocess.py:93} INFO -             'https://i8.amplience.net/i/jpl/jd_707948_e?qlt=92&w=1200&h=850&v=1&fmt=auto '
[2024-10-01T16:17:44.743+0000] {subprocess.py:93} INFO -             '3x',
[2024-10-01T16:17:44.743+0000] {subprocess.py:93} INFO -             'https://i8.amplience.net/i/jpl/jd_707948_f?qlt=92&w=750&h=531&v=1&fmt=auto '
[2024-10-01T16:17:44.744+0000] {subprocess.py:93} INFO -             '1x,\n'
[2024-10-01T16:17:44.744+0000] {subprocess.py:93} INFO -             '                '
[2024-10-01T16:17:44.744+0000] {subprocess.py:93} INFO -             'https://i8.amplience.net/i/jpl/jd_707948_f?qlt=92&w=950&h=673&v=1&fmt=auto '
[2024-10-01T16:17:44.744+0000] {subprocess.py:93} INFO -             '2x,\n'
[2024-10-01T16:17:44.744+0000] {subprocess.py:93} INFO -             '                '
[2024-10-01T16:17:44.744+0000] {subprocess.py:93} INFO -             'https://i8.amplience.net/i/jpl/jd_707948_f?qlt=92&w=1200&h=850&v=1&fmt=auto '
[2024-10-01T16:17:44.745+0000] {subprocess.py:93} INFO -             '3x'],
[2024-10-01T16:17:44.745+0000] {subprocess.py:93} INFO -  'name': 'Nike Air Max 95',
[2024-10-01T16:17:44.745+0000] {subprocess.py:93} INFO -  'price': '£175.00',
[2024-10-01T16:17:44.745+0000] {subprocess.py:93} INFO -  'retailer': 'JD Sport',
[2024-10-01T16:17:44.745+0000] {subprocess.py:93} INFO -  'url': 'https://www.jdsports.co.uk/product/grey-nike-air-max-95/19645973/'}
[2024-10-01T16:17:44.745+0000] {subprocess.py:93} INFO - 2024-10-01 16:17:44 [scrapy.core.engine] INFO: Closing spider (finished)
[2024-10-01T16:17:44.745+0000] {subprocess.py:93} INFO - 2024-10-01 16:17:44 [scrapy.extensions.feedexport] INFO: Stored csv feed (2 items) in: jdsportraw.csv
[2024-10-01T16:17:44.745+0000] {subprocess.py:93} INFO - 2024-10-01 16:17:44 [scrapy.statscollectors] INFO: Dumping Scrapy stats:
[2024-10-01T16:17:44.746+0000] {subprocess.py:93} INFO - {'downloader/request_bytes': 1684,
[2024-10-01T16:17:44.746+0000] {subprocess.py:93} INFO -  'downloader/request_count': 5,
[2024-10-01T16:17:44.746+0000] {subprocess.py:93} INFO -  'downloader/request_method_count/GET': 5,
[2024-10-01T16:17:44.746+0000] {subprocess.py:93} INFO -  'downloader/response_bytes': 198528,
[2024-10-01T16:17:44.746+0000] {subprocess.py:93} INFO -  'downloader/response_count': 5,
[2024-10-01T16:17:44.746+0000] {subprocess.py:93} INFO -  'downloader/response_status_count/200': 5,
[2024-10-01T16:17:44.746+0000] {subprocess.py:93} INFO -  'elapsed_time_seconds': 0.847301,
[2024-10-01T16:17:44.747+0000] {subprocess.py:93} INFO -  'feedexport/success_count/FileFeedStorage': 1,
[2024-10-01T16:17:44.747+0000] {subprocess.py:93} INFO -  'finish_reason': 'finished',
[2024-10-01T16:17:44.747+0000] {subprocess.py:93} INFO -  'finish_time': datetime.datetime(2024, 10, 1, 16, 17, 44, 730846, tzinfo=datetime.timezone.utc),
[2024-10-01T16:17:44.747+0000] {subprocess.py:93} INFO -  'httpcompression/response_bytes': 1523742,
[2024-10-01T16:17:44.748+0000] {subprocess.py:93} INFO -  'httpcompression/response_count': 5,
[2024-10-01T16:17:44.748+0000] {subprocess.py:93} INFO -  'item_scraped_count': 2,
[2024-10-01T16:17:44.748+0000] {subprocess.py:93} INFO -  'log_count/DEBUG': 10,
[2024-10-01T16:17:44.748+0000] {subprocess.py:93} INFO -  'log_count/INFO': 11,
[2024-10-01T16:17:44.748+0000] {subprocess.py:93} INFO -  'memusage/max': 225140736,
[2024-10-01T16:17:44.748+0000] {subprocess.py:93} INFO -  'memusage/startup': 225140736,
[2024-10-01T16:17:44.748+0000] {subprocess.py:93} INFO -  'request_depth_max': 1,
[2024-10-01T16:17:44.748+0000] {subprocess.py:93} INFO -  'response_received_count': 5,
[2024-10-01T16:17:44.749+0000] {subprocess.py:93} INFO -  'robotstxt/request_count': 1,
[2024-10-01T16:17:44.749+0000] {subprocess.py:93} INFO -  'robotstxt/response_count': 1,
[2024-10-01T16:17:44.749+0000] {subprocess.py:93} INFO -  'robotstxt/response_status_count/200': 1,
[2024-10-01T16:17:44.749+0000] {subprocess.py:93} INFO -  'scheduler/dequeued': 4,
[2024-10-01T16:17:44.749+0000] {subprocess.py:93} INFO -  'scheduler/dequeued/memory': 4,
[2024-10-01T16:17:44.749+0000] {subprocess.py:93} INFO -  'scheduler/enqueued': 4,
[2024-10-01T16:17:44.749+0000] {subprocess.py:93} INFO -  'scheduler/enqueued/memory': 4,
[2024-10-01T16:17:44.750+0000] {subprocess.py:93} INFO -  'start_time': datetime.datetime(2024, 10, 1, 16, 17, 43, 883545, tzinfo=datetime.timezone.utc)}
[2024-10-01T16:17:44.750+0000] {subprocess.py:93} INFO - 2024-10-01 16:17:44 [scrapy.core.engine] INFO: Spider closed (finished)
[2024-10-01T16:17:45.107+0000] {subprocess.py:97} INFO - Command exited with return code 0
[2024-10-01T16:17:45.150+0000] {taskinstance.py:1398} INFO - Marking task as SUCCESS. dag_id=etl_jd_pipeline, task_id=jdsport_extraction, execution_date=20241001T161735, start_date=20241001T161740, end_date=20241001T161745
[2024-10-01T16:17:45.210+0000] {local_task_job_runner.py:228} INFO - Task exited with return code 0
[2024-10-01T16:17:45.249+0000] {taskinstance.py:2776} INFO - 1 downstream tasks scheduled from follow-on schedule check
