[2024-10-02T14:42:21.928+0000] {taskinstance.py:1157} INFO - Dependencies all met for dep_context=non-requeueable deps ti=<TaskInstance: etl_sac_pipeline.sac_extraction manual__2024-10-02T14:42:20.248295+00:00 [queued]>
[2024-10-02T14:42:21.941+0000] {taskinstance.py:1157} INFO - Dependencies all met for dep_context=requeueable deps ti=<TaskInstance: etl_sac_pipeline.sac_extraction manual__2024-10-02T14:42:20.248295+00:00 [queued]>
[2024-10-02T14:42:21.942+0000] {taskinstance.py:1359} INFO - Starting attempt 1 of 1
[2024-10-02T14:42:21.960+0000] {taskinstance.py:1380} INFO - Executing <Task(BashOperator): sac_extraction> on 2024-10-02 14:42:20.248295+00:00
[2024-10-02T14:42:21.970+0000] {standard_task_runner.py:57} INFO - Started process 61 to run task
[2024-10-02T14:42:21.974+0000] {standard_task_runner.py:84} INFO - Running: ['***', 'tasks', 'run', 'etl_sac_pipeline', 'sac_extraction', 'manual__2024-10-02T14:42:20.248295+00:00', '--job-id', '5', '--raw', '--subdir', 'DAGS_FOLDER/sac_dag.py', '--cfg-path', '/tmp/tmpzggnd1p0']
[2024-10-02T14:42:21.978+0000] {standard_task_runner.py:85} INFO - Job 5: Subtask sac_extraction
[2024-10-02T14:42:22.057+0000] {task_command.py:415} INFO - Running <TaskInstance: etl_sac_pipeline.sac_extraction manual__2024-10-02T14:42:20.248295+00:00 [running]> on host aff75d163634
[2024-10-02T14:42:22.179+0000] {taskinstance.py:1660} INFO - Exporting env vars: AIRFLOW_CTX_DAG_OWNER='Biokpor Solomon' AIRFLOW_CTX_DAG_ID='etl_sac_pipeline' AIRFLOW_CTX_TASK_ID='sac_extraction' AIRFLOW_CTX_EXECUTION_DATE='2024-10-02T14:42:20.248295+00:00' AIRFLOW_CTX_TRY_NUMBER='1' AIRFLOW_CTX_DAG_RUN_ID='manual__2024-10-02T14:42:20.248295+00:00'
[2024-10-02T14:42:22.181+0000] {subprocess.py:63} INFO - Tmp dir root location: /tmp
[2024-10-02T14:42:22.182+0000] {subprocess.py:75} INFO - Running command: ['/bin/bash', '-c', 'cd /opt/***/fastfashion && scrapy crawl sac']
[2024-10-02T14:42:22.197+0000] {subprocess.py:86} INFO - Output:
[2024-10-02T14:42:23.665+0000] {subprocess.py:93} INFO - 2024-10-02 14:42:23 [scrapy.utils.log] INFO: Scrapy 2.11.2 started (bot: fastfashion)
[2024-10-02T14:42:23.670+0000] {subprocess.py:93} INFO - 2024-10-02 14:42:23 [scrapy.utils.log] INFO: Versions: lxml 4.9.3.0, libxml2 2.10.3, cssselect 1.2.0, parsel 1.9.1, w3lib 2.2.1, Twisted 24.7.0, Python 3.9.18 (main, Sep  7 2023, 13:38:29) - [GCC 10.2.1 20210110], pyOpenSSL 23.2.0 (OpenSSL 3.1.2 1 Aug 2023), cryptography 41.0.3, Platform Linux-6.1.109-118.189.amzn2023.x86_64-x86_64-with-glibc2.31
[2024-10-02T14:42:23.674+0000] {subprocess.py:93} INFO - 2024-10-02 14:42:23 [scrapy.addons] INFO: Enabled addons:
[2024-10-02T14:42:23.674+0000] {subprocess.py:93} INFO - []
[2024-10-02T14:42:23.675+0000] {subprocess.py:93} INFO - 2024-10-02 14:42:23 [scrapy.utils.log] DEBUG: Using reactor: twisted.internet.epollreactor.EPollReactor
[2024-10-02T14:42:23.688+0000] {subprocess.py:93} INFO - 2024-10-02 14:42:23 [scrapy.extensions.telnet] INFO: Telnet Password: bc737fd476c9fd56
[2024-10-02T14:42:23.871+0000] {subprocess.py:93} INFO - 2024-10-02 14:42:23 [scrapy.middleware] INFO: Enabled extensions:
[2024-10-02T14:42:23.871+0000] {subprocess.py:93} INFO - ['scrapy.extensions.corestats.CoreStats',
[2024-10-02T14:42:23.871+0000] {subprocess.py:93} INFO -  'scrapy.extensions.telnet.TelnetConsole',
[2024-10-02T14:42:23.871+0000] {subprocess.py:93} INFO -  'scrapy.extensions.memusage.MemoryUsage',
[2024-10-02T14:42:23.872+0000] {subprocess.py:93} INFO -  'scrapy.extensions.logstats.LogStats']
[2024-10-02T14:42:23.872+0000] {subprocess.py:93} INFO - 2024-10-02 14:42:23 [scrapy.crawler] INFO: Overridden settings:
[2024-10-02T14:42:23.872+0000] {subprocess.py:93} INFO - {'BOT_NAME': 'fastfashion',
[2024-10-02T14:42:23.872+0000] {subprocess.py:93} INFO -  'FEED_EXPORT_ENCODING': 'utf-8',
[2024-10-02T14:42:23.872+0000] {subprocess.py:93} INFO -  'NEWSPIDER_MODULE': 'fastfashion.spiders',
[2024-10-02T14:42:23.873+0000] {subprocess.py:93} INFO -  'REQUEST_FINGERPRINTER_IMPLEMENTATION': '2.7',
[2024-10-02T14:42:23.873+0000] {subprocess.py:93} INFO -  'ROBOTSTXT_OBEY': True,
[2024-10-02T14:42:23.873+0000] {subprocess.py:93} INFO -  'SPIDER_MODULES': ['fastfashion.spiders']}
[2024-10-02T14:42:23.971+0000] {subprocess.py:93} INFO - 2024-10-02 14:42:23 [scrapy.middleware] INFO: Enabled downloader middlewares:
[2024-10-02T14:42:23.972+0000] {subprocess.py:93} INFO - ['scrapy.downloadermiddlewares.offsite.OffsiteMiddleware',
[2024-10-02T14:42:23.972+0000] {subprocess.py:93} INFO -  'scrapy.downloadermiddlewares.robotstxt.RobotsTxtMiddleware',
[2024-10-02T14:42:23.972+0000] {subprocess.py:93} INFO -  'scrapy.downloadermiddlewares.httpauth.HttpAuthMiddleware',
[2024-10-02T14:42:23.974+0000] {subprocess.py:93} INFO -  'scrapy.downloadermiddlewares.downloadtimeout.DownloadTimeoutMiddleware',
[2024-10-02T14:42:23.974+0000] {subprocess.py:93} INFO -  'scrapy.downloadermiddlewares.defaultheaders.DefaultHeadersMiddleware',
[2024-10-02T14:42:23.974+0000] {subprocess.py:93} INFO -  'scrapy.downloadermiddlewares.useragent.UserAgentMiddleware',
[2024-10-02T14:42:23.975+0000] {subprocess.py:93} INFO -  'scrapy.downloadermiddlewares.retry.RetryMiddleware',
[2024-10-02T14:42:23.975+0000] {subprocess.py:93} INFO -  'scrapy.downloadermiddlewares.redirect.MetaRefreshMiddleware',
[2024-10-02T14:42:23.975+0000] {subprocess.py:93} INFO -  'scrapy.downloadermiddlewares.httpcompression.HttpCompressionMiddleware',
[2024-10-02T14:42:23.975+0000] {subprocess.py:93} INFO -  'scrapy.downloadermiddlewares.redirect.RedirectMiddleware',
[2024-10-02T14:42:23.975+0000] {subprocess.py:93} INFO -  'scrapy.downloadermiddlewares.cookies.CookiesMiddleware',
[2024-10-02T14:42:23.976+0000] {subprocess.py:93} INFO -  'scrapy.downloadermiddlewares.httpproxy.HttpProxyMiddleware',
[2024-10-02T14:42:23.976+0000] {subprocess.py:93} INFO -  'scrapy.downloadermiddlewares.stats.DownloaderStats']
[2024-10-02T14:42:23.976+0000] {subprocess.py:93} INFO - 2024-10-02 14:42:23 [scrapy.middleware] INFO: Enabled spider middlewares:
[2024-10-02T14:42:23.976+0000] {subprocess.py:93} INFO - ['scrapy.spidermiddlewares.httperror.HttpErrorMiddleware',
[2024-10-02T14:42:23.977+0000] {subprocess.py:93} INFO -  'scrapy.spidermiddlewares.referer.RefererMiddleware',
[2024-10-02T14:42:23.977+0000] {subprocess.py:93} INFO -  'scrapy.spidermiddlewares.urllength.UrlLengthMiddleware',
[2024-10-02T14:42:23.977+0000] {subprocess.py:93} INFO -  'scrapy.spidermiddlewares.depth.DepthMiddleware']
[2024-10-02T14:42:23.977+0000] {subprocess.py:93} INFO - 2024-10-02 14:42:23 [scrapy.middleware] INFO: Enabled item pipelines:
[2024-10-02T14:42:23.977+0000] {subprocess.py:93} INFO - []
[2024-10-02T14:42:23.978+0000] {subprocess.py:93} INFO - 2024-10-02 14:42:23 [scrapy.core.engine] INFO: Spider opened
[2024-10-02T14:42:23.985+0000] {subprocess.py:93} INFO - 2024-10-02 14:42:23 [scrapy.extensions.logstats] INFO: Crawled 0 pages (at 0 pages/min), scraped 0 items (at 0 items/min)
[2024-10-02T14:42:23.999+0000] {subprocess.py:93} INFO - 2024-10-02 14:42:23 [scrapy.extensions.telnet] INFO: Telnet console listening on 127.0.0.1:6023
[2024-10-02T14:42:24.223+0000] {subprocess.py:93} INFO - 2024-10-02 14:42:24 [scrapy.core.engine] DEBUG: Crawled (200) <GET https://digital.nhs.uk/robots.txt> (referer: None)
[2024-10-02T14:42:24.432+0000] {subprocess.py:93} INFO - 2024-10-02 14:42:24 [scrapy.core.engine] DEBUG: Crawled (200) <GET https://digital.nhs.uk/data-and-information/publications/statistical/safeguarding-adults> (referer: None)
[2024-10-02T14:42:24.677+0000] {subprocess.py:93} INFO - 2024-10-02 14:42:24 [scrapy.core.engine] DEBUG: Crawled (200) <GET https://digital.nhs.uk/data-and-information/publications/statistical/safeguarding-adults/2023-24> (referer: https://digital.nhs.uk/data-and-information/publications/statistical/safeguarding-adults)
[2024-10-02T14:42:24.786+0000] {subprocess.py:93} INFO - 2024-10-02 14:42:24 [urllib3.connectionpool] DEBUG: Starting new HTTPS connection (1): files.digital.nhs.uk:443
[2024-10-02T14:42:24.923+0000] {subprocess.py:93} INFO - 2024-10-02 14:42:24 [urllib3.connectionpool] DEBUG: https://files.digital.nhs.uk:443 "GET /4F/F99AF0/sac-eng-2023-24.csv HTTP/1.1" 200 20327746
[2024-10-02T14:42:25.171+0000] {subprocess.py:93} INFO - 2024-10-02 14:42:25 [scrapy.core.engine] INFO: Closing spider (finished)
[2024-10-02T14:42:25.171+0000] {subprocess.py:93} INFO - 2024-10-02 14:42:25 [scrapy.statscollectors] INFO: Dumping Scrapy stats:
[2024-10-02T14:42:25.172+0000] {subprocess.py:93} INFO - {'downloader/request_bytes': 1154,
[2024-10-02T14:42:25.172+0000] {subprocess.py:93} INFO -  'downloader/request_count': 3,
[2024-10-02T14:42:25.172+0000] {subprocess.py:93} INFO -  'downloader/request_method_count/GET': 3,
[2024-10-02T14:42:25.172+0000] {subprocess.py:93} INFO -  'downloader/response_bytes': 25311,
[2024-10-02T14:42:25.173+0000] {subprocess.py:93} INFO -  'downloader/response_count': 3,
[2024-10-02T14:42:25.174+0000] {subprocess.py:93} INFO -  'downloader/response_status_count/200': 3,
[2024-10-02T14:42:25.174+0000] {subprocess.py:93} INFO -  'elapsed_time_seconds': 1.18584,
[2024-10-02T14:42:25.174+0000] {subprocess.py:93} INFO -  'finish_reason': 'finished',
[2024-10-02T14:42:25.174+0000] {subprocess.py:93} INFO -  'finish_time': datetime.datetime(2024, 10, 2, 14, 42, 25, 171249, tzinfo=datetime.timezone.utc),
[2024-10-02T14:42:25.174+0000] {subprocess.py:93} INFO -  'httpcompression/response_bytes': 176385,
[2024-10-02T14:42:25.174+0000] {subprocess.py:93} INFO -  'httpcompression/response_count': 3,
[2024-10-02T14:42:25.175+0000] {subprocess.py:93} INFO -  'log_count/DEBUG': 6,
[2024-10-02T14:42:25.175+0000] {subprocess.py:93} INFO -  'log_count/INFO': 10,
[2024-10-02T14:42:25.175+0000] {subprocess.py:93} INFO -  'memusage/max': 224854016,
[2024-10-02T14:42:25.175+0000] {subprocess.py:93} INFO -  'memusage/startup': 224854016,
[2024-10-02T14:42:25.175+0000] {subprocess.py:93} INFO -  'request_depth_max': 1,
[2024-10-02T14:42:25.175+0000] {subprocess.py:93} INFO -  'response_received_count': 3,
[2024-10-02T14:42:25.175+0000] {subprocess.py:93} INFO -  'robotstxt/request_count': 1,
[2024-10-02T14:42:25.175+0000] {subprocess.py:93} INFO -  'robotstxt/response_count': 1,
[2024-10-02T14:42:25.175+0000] {subprocess.py:93} INFO -  'robotstxt/response_status_count/200': 1,
[2024-10-02T14:42:25.175+0000] {subprocess.py:93} INFO -  'scheduler/dequeued': 2,
[2024-10-02T14:42:25.175+0000] {subprocess.py:93} INFO -  'scheduler/dequeued/memory': 2,
[2024-10-02T14:42:25.176+0000] {subprocess.py:93} INFO -  'scheduler/enqueued': 2,
[2024-10-02T14:42:25.176+0000] {subprocess.py:93} INFO -  'scheduler/enqueued/memory': 2,
[2024-10-02T14:42:25.176+0000] {subprocess.py:93} INFO -  'start_time': datetime.datetime(2024, 10, 2, 14, 42, 23, 985409, tzinfo=datetime.timezone.utc)}
[2024-10-02T14:42:25.176+0000] {subprocess.py:93} INFO - 2024-10-02 14:42:25 [scrapy.core.engine] INFO: Spider closed (finished)
[2024-10-02T14:42:25.444+0000] {subprocess.py:97} INFO - Command exited with return code 0
[2024-10-02T14:42:25.484+0000] {taskinstance.py:1398} INFO - Marking task as SUCCESS. dag_id=etl_sac_pipeline, task_id=sac_extraction, execution_date=20241002T144220, start_date=20241002T144221, end_date=20241002T144225
[2024-10-02T14:42:25.527+0000] {local_task_job_runner.py:228} INFO - Task exited with return code 0
[2024-10-02T14:42:25.566+0000] {taskinstance.py:2776} INFO - 1 downstream tasks scheduled from follow-on schedule check
